Started by user Kamil Kochan
Running as SYSTEM
Building in workspace /var/jenkins_home/workspace/project-eCommerce
The recommended git tool is: NONE
using credential a8bc5844-0ecb-41d1-bbec-3e6509e72b24
 > git rev-parse --is-inside-work-tree # timeout=10
Fetching changes from the remote Git repository
 > git config remote.origin.url https://github.com/xxxkochi/nd035-c4-Security-and-DevOps.git # timeout=10
Fetching upstream changes from https://github.com/xxxkochi/nd035-c4-Security-and-DevOps.git
 > git --version # timeout=10
 > git --version # 'git version 2.26.3'
using GIT_SSH to set credentials 
 > git fetch --tags --force --progress -- https://github.com/xxxkochi/nd035-c4-Security-and-DevOps.git +refs/heads/*:refs/remotes/origin/* # timeout=10
 > git rev-parse refs/remotes/origin/master^{commit} # timeout=10
Checking out Revision e0c12b6220fe85c7359674fa9847fc25c9951189 (refs/remotes/origin/master)
 > git config core.sparsecheckout # timeout=10
 > git checkout -f e0c12b6220fe85c7359674fa9847fc25c9951189 # timeout=10
Commit message: "version 1.3.0.0.02"
 > git rev-list --no-walk e0c12b6220fe85c7359674fa9847fc25c9951189 # timeout=10
[project-eCommerce] $ mvn -f starter_code/pom.xml package
[INFO] Scanning for projects...
[INFO] 
[INFO] ----------------------< com.example:auth-course >-----------------------
[INFO] Building auth-course 0.0.1-SNAPSHOT
[INFO] --------------------------------[ war ]---------------------------------
[INFO] 
[INFO] --- maven-resources-plugin:3.1.0:resources (default-resources) @ auth-course ---
[INFO] Using 'UTF-8' encoding to copy filtered resources.
[INFO] Copying 1 resource
[INFO] Copying 2 resources
[INFO] 
[INFO] --- maven-compiler-plugin:3.8.1:compile (default-compile) @ auth-course ---
[INFO] Nothing to compile - all classes are up to date
[INFO] 
[INFO] --- maven-resources-plugin:3.1.0:testResources (default-testResources) @ auth-course ---
[INFO] Using 'UTF-8' encoding to copy filtered resources.
[INFO] skip non existing resourceDirectory /var/jenkins_home/workspace/project-eCommerce/starter_code/src/test/resources
[INFO] 
[INFO] --- maven-compiler-plugin:3.8.1:testCompile (default-testCompile) @ auth-course ---
[INFO] Nothing to compile - all classes are up to date
[INFO] 
[INFO] --- maven-surefire-plugin:2.22.2:test (default-test) @ auth-course ---
[INFO] 
[INFO] -------------------------------------------------------
[INFO]  T E S T S
[INFO] -------------------------------------------------------
[INFO] Running com.example.demo.controllers.CartControllerTest
SLF4J: Class path contains multiple SLF4J bindings.
SLF4J: Found binding in [jar:file:/root/.m2/repository/ch/qos/logback/logback-classic/1.2.3/logback-classic-1.2.3.jar!/org/slf4j/impl/StaticLoggerBinder.class]
SLF4J: Found binding in [jar:file:/root/.m2/repository/org/slf4j/slf4j-log4j12/1.7.30/slf4j-log4j12-1.7.30.jar!/org/slf4j/impl/StaticLoggerBinder.class]
SLF4J: See http://www.slf4j.org/codes.html#multiple_bindings for an explanation.
SLF4J: Actual binding is of type [ch.qos.logback.classic.util.ContextSelectorStaticBinder]
16:35:38.641 [main] INFO com.example.demo.controllers.CartController - Item removed from cart successfully
16:35:38.733 [main] INFO com.example.demo.controllers.CartController - Item added to cart successfully
[INFO] Tests run: 2, Failures: 0, Errors: 0, Skipped: 0, Time elapsed: 1.557 s - in com.example.demo.controllers.CartControllerTest
[INFO] Running com.example.demo.controllers.ItemControllerTest
[INFO] Tests run: 3, Failures: 0, Errors: 0, Skipped: 0, Time elapsed: 0.002 s - in com.example.demo.controllers.ItemControllerTest
[INFO] Running com.example.demo.controllers.OrderControllerTest
16:35:38.932 [main] INFO com.example.demo.controllers.OrderController - Orders retrieved successfully! For user {}testUser
16:35:38.934 [main] INFO com.example.demo.controllers.OrderController - Submitting order for user {}testUser
16:35:38.951 [main] INFO com.example.demo.controllers.OrderController - Order submit successful! For user {}testUser
[INFO] Tests run: 2, Failures: 0, Errors: 0, Skipped: 0, Time elapsed: 0.082 s - in com.example.demo.controllers.OrderControllerTest
[INFO] Running com.example.demo.controllers.UserControllerTest
16:35:39.018 [main] INFO com.example.demo.controllers.UserController - Creating user {}test
16:35:39.021 [main] INFO com.example.demo.controllers.UserController - User created {}test
16:35:39.023 [main] INFO com.example.demo.controllers.UserController - Creating user {}test
16:35:39.025 [main] INFO com.example.demo.controllers.UserController - User created {}test
16:35:39.027 [main] INFO com.example.demo.controllers.UserController - Creating user {}test
16:35:39.027 [main] INFO com.example.demo.controllers.UserController - User created {}test
[INFO] Tests run: 3, Failures: 0, Errors: 0, Skipped: 0, Time elapsed: 0.066 s - in com.example.demo.controllers.UserControllerTest
[INFO] Running com.example.demo.SareetaApplicationTests
16:35:39.095 [main] DEBUG org.springframework.test.context.junit4.SpringJUnit4ClassRunner - SpringJUnit4ClassRunner constructor called with [class com.example.demo.SareetaApplicationTests]
16:35:39.107 [main] DEBUG org.springframework.test.context.BootstrapUtils - Instantiating CacheAwareContextLoaderDelegate from class [org.springframework.test.context.cache.DefaultCacheAwareContextLoaderDelegate]
16:35:39.122 [main] DEBUG org.springframework.test.context.BootstrapUtils - Instantiating BootstrapContext using constructor [public org.springframework.test.context.support.DefaultBootstrapContext(java.lang.Class,org.springframework.test.context.CacheAwareContextLoaderDelegate)]
16:35:39.163 [main] DEBUG org.springframework.test.context.BootstrapUtils - Instantiating TestContextBootstrapper for test class [com.example.demo.SareetaApplicationTests] from class [org.springframework.boot.test.context.SpringBootTestContextBootstrapper]
16:35:39.193 [main] INFO org.springframework.boot.test.context.SpringBootTestContextBootstrapper - Neither @ContextConfiguration nor @ContextHierarchy found for test class [com.example.demo.SareetaApplicationTests], using SpringBootContextLoader
16:35:39.202 [main] DEBUG org.springframework.test.context.support.AbstractContextLoader - Did not detect default resource location for test class [com.example.demo.SareetaApplicationTests]: class path resource [com/example/demo/SareetaApplicationTests-context.xml] does not exist
16:35:39.203 [main] DEBUG org.springframework.test.context.support.AbstractContextLoader - Did not detect default resource location for test class [com.example.demo.SareetaApplicationTests]: class path resource [com/example/demo/SareetaApplicationTestsContext.groovy] does not exist
16:35:39.209 [main] INFO org.springframework.test.context.support.AbstractContextLoader - Could not detect default resource locations for test class [com.example.demo.SareetaApplicationTests]: no resource found for suffixes {-context.xml, Context.groovy}.
16:35:39.210 [main] INFO org.springframework.test.context.support.AnnotationConfigContextLoaderUtils - Could not detect default configuration classes for test class [com.example.demo.SareetaApplicationTests]: SareetaApplicationTests does not declare any static, non-private, non-final, nested classes annotated with @Configuration.
16:35:39.307 [main] DEBUG org.springframework.test.context.support.ActiveProfilesUtils - Could not find an 'annotation declaring class' for annotation type [org.springframework.test.context.ActiveProfiles] and class [com.example.demo.SareetaApplicationTests]
16:35:39.469 [main] DEBUG org.springframework.context.annotation.ClassPathScanningCandidateComponentProvider - Identified candidate component class: file [/var/jenkins_home/workspace/project-eCommerce/starter_code/target/classes/com/example/demo/SareetaApplication.class]
16:35:39.474 [main] INFO org.springframework.boot.test.context.SpringBootTestContextBootstrapper - Found @SpringBootConfiguration com.example.demo.SareetaApplication for test class com.example.demo.SareetaApplicationTests
16:35:39.691 [main] DEBUG org.springframework.boot.test.context.SpringBootTestContextBootstrapper - @TestExecutionListeners is not present for class [com.example.demo.SareetaApplicationTests]: using defaults.
16:35:39.700 [main] INFO org.springframework.boot.test.context.SpringBootTestContextBootstrapper - Loaded default TestExecutionListener class names from location [META-INF/spring.factories]: [org.springframework.boot.test.mock.mockito.MockitoTestExecutionListener, org.springframework.boot.test.mock.mockito.ResetMocksTestExecutionListener, org.springframework.boot.test.autoconfigure.restdocs.RestDocsTestExecutionListener, org.springframework.boot.test.autoconfigure.web.client.MockRestServiceServerResetTestExecutionListener, org.springframework.boot.test.autoconfigure.web.servlet.MockMvcPrintOnlyOnFailureTestExecutionListener, org.springframework.boot.test.autoconfigure.web.servlet.WebDriverTestExecutionListener, org.springframework.test.context.web.ServletTestExecutionListener, org.springframework.test.context.support.DirtiesContextBeforeModesTestExecutionListener, org.springframework.test.context.support.DependencyInjectionTestExecutionListener, org.springframework.test.context.support.DirtiesContextTestExecutionListener, org.springframework.test.context.transaction.TransactionalTestExecutionListener, org.springframework.test.context.jdbc.SqlScriptsTestExecutionListener]
16:35:39.748 [main] INFO org.springframework.boot.test.context.SpringBootTestContextBootstrapper - Using TestExecutionListeners: [org.springframework.test.context.web.ServletTestExecutionListener@1dd0e7c4, org.springframework.test.context.support.DirtiesContextBeforeModesTestExecutionListener@7894f09b, org.springframework.boot.test.mock.mockito.MockitoTestExecutionListener@3d484181, org.springframework.boot.test.autoconfigure.SpringBootDependencyInjectionTestExecutionListener@6111ba37, org.springframework.test.context.support.DirtiesContextTestExecutionListener@7be58f16, org.springframework.test.context.transaction.TransactionalTestExecutionListener@242aa8d9, org.springframework.test.context.jdbc.SqlScriptsTestExecutionListener@5b11a194, org.springframework.boot.test.mock.mockito.ResetMocksTestExecutionListener@37bd68c3, org.springframework.boot.test.autoconfigure.restdocs.RestDocsTestExecutionListener@60f7cc1d, org.springframework.boot.test.autoconfigure.web.client.MockRestServiceServerResetTestExecutionListener@11eadcba, org.springframework.boot.test.autoconfigure.web.servlet.MockMvcPrintOnlyOnFailureTestExecutionListener@4721d212, org.springframework.boot.test.autoconfigure.web.servlet.WebDriverTestExecutionListener@1b065145]
16:35:39.759 [main] DEBUG org.springframework.test.annotation.ProfileValueUtils - Retrieved @ProfileValueSourceConfiguration [null] for test class [com.example.demo.SareetaApplicationTests]
16:35:39.759 [main] DEBUG org.springframework.test.annotation.ProfileValueUtils - Retrieved ProfileValueSource type [class org.springframework.test.annotation.SystemProfileValueSource] for class [com.example.demo.SareetaApplicationTests]
16:35:39.760 [main] DEBUG org.springframework.test.annotation.ProfileValueUtils - Retrieved @ProfileValueSourceConfiguration [null] for test class [com.example.demo.SareetaApplicationTests]
16:35:39.761 [main] DEBUG org.springframework.test.annotation.ProfileValueUtils - Retrieved ProfileValueSource type [class org.springframework.test.annotation.SystemProfileValueSource] for class [com.example.demo.SareetaApplicationTests]
16:35:39.762 [main] DEBUG org.springframework.test.annotation.ProfileValueUtils - Retrieved @ProfileValueSourceConfiguration [null] for test class [com.example.demo.SareetaApplicationTests]
16:35:39.763 [main] DEBUG org.springframework.test.annotation.ProfileValueUtils - Retrieved ProfileValueSource type [class org.springframework.test.annotation.SystemProfileValueSource] for class [com.example.demo.SareetaApplicationTests]
16:35:39.768 [main] DEBUG org.springframework.test.context.support.AbstractDirtiesContextTestExecutionListener - Before test class: context [DefaultTestContext@71b3bc45 testClass = SareetaApplicationTests, testInstance = [null], testMethod = [null], testException = [null], mergedContextConfiguration = [WebMergedContextConfiguration@a8c1f44 testClass = SareetaApplicationTests, locations = '{}', classes = '{class com.example.demo.SareetaApplication}', contextInitializerClasses = '[]', activeProfiles = '{}', propertySourceLocations = '{}', propertySourceProperties = '{org.springframework.boot.test.context.SpringBootTestContextBootstrapper=true}', contextCustomizers = set[org.springframework.boot.test.context.filter.ExcludeFilterContextCustomizer@648c94da, org.springframework.boot.test.json.DuplicateJsonObjectContextCustomizerFactory$DuplicateJsonObjectContextCustomizer@535779e4, org.springframework.boot.test.mock.mockito.MockitoContextCustomizer@0, org.springframework.boot.test.web.client.TestRestTemplateContextCustomizer@7776ab, org.springframework.boot.test.autoconfigure.properties.PropertyMappingContextCustomizer@0, org.springframework.boot.test.autoconfigure.web.servlet.WebDriverContextCustomizerFactory$Customizer@6fb365ed], resourceBasePath = 'src/main/webapp', contextLoader = 'org.springframework.boot.test.context.SpringBootContextLoader', parent = [null]], attributes = map['org.springframework.test.context.web.ServletTestExecutionListener.activateListener' -> true]], class annotated with @DirtiesContext [false] with mode [null].
16:35:39.777 [main] DEBUG org.springframework.test.annotation.ProfileValueUtils - Retrieved @ProfileValueSourceConfiguration [null] for test class [com.example.demo.SareetaApplicationTests]
16:35:39.779 [main] DEBUG org.springframework.test.annotation.ProfileValueUtils - Retrieved ProfileValueSource type [class org.springframework.test.annotation.SystemProfileValueSource] for class [com.example.demo.SareetaApplicationTests]
16:35:39.886 [main] DEBUG org.springframework.test.context.support.TestPropertySourceUtils - Adding inlined properties to environment: {spring.jmx.enabled=false, org.springframework.boot.test.context.SpringBootTestContextBootstrapper=true, server.port=-1}

  .   ____          _            __ _ _
 /\\ / ___'_ __ _ _(_)_ __  __ _ \ \ \ \
( ( )\___ | '_ | '_| | '_ \/ _` | \ \ \ \
 \\/  ___)| |_)| | | | | || (_| |  ) ) ) )
  '  |____| .__|_| |_|_| |_\__, | / / / /
 =========|_|==============|___/=/_/_/_/
 :: Spring Boot ::        (v2.1.5.RELEASE)

2021-03-23 16:35:40.747  INFO 2239 --- [           main] c.example.demo.SareetaApplicationTests   : Starting SareetaApplicationTests on b990d2c900c0 with PID 2239 (started by root in /var/jenkins_home/workspace/project-eCommerce/starter_code)
2021-03-23 16:35:40.760  INFO 2239 --- [           main] c.example.demo.SareetaApplicationTests   : No active profile set, falling back to default profiles: default
2021-03-23 16:35:42.833  INFO 2239 --- [           main] .s.d.r.c.RepositoryConfigurationDelegate : Bootstrapping Spring Data repositories in DEFAULT mode.
2021-03-23 16:35:43.070  INFO 2239 --- [           main] .s.d.r.c.RepositoryConfigurationDelegate : Finished Spring Data repository scanning in 216ms. Found 4 repository interfaces.
2021-03-23 16:35:44.546  INFO 2239 --- [           main] trationDelegate$BeanPostProcessorChecker : Bean 'org.springframework.transaction.annotation.ProxyTransactionManagementConfiguration' of type [org.springframework.transaction.annotation.ProxyTransactionManagementConfiguration$$EnhancerBySpringCGLIB$$89bd0878] is not eligible for getting processed by all BeanPostProcessors (for example: not eligible for auto-proxying)
2021-03-23 16:35:45.127  INFO 2239 --- [           main] com.zaxxer.hikari.HikariDataSource       : HikariPool-1 - Starting...
2021-03-23 16:35:45.565  INFO 2239 --- [           main] com.zaxxer.hikari.HikariDataSource       : HikariPool-1 - Start completed.
2021-03-23 16:35:45.765  INFO 2239 --- [           main] o.hibernate.jpa.internal.util.LogHelper  : HHH000204: Processing PersistenceUnitInfo [
	name: default
	...]
2021-03-23 16:35:46.023  INFO 2239 --- [           main] org.hibernate.Version                    : HHH000412: Hibernate Core {5.3.10.Final}
2021-03-23 16:35:46.032  INFO 2239 --- [           main] org.hibernate.cfg.Environment            : HHH000206: hibernate.properties not found
2021-03-23 16:35:46.169  INFO 2239 --- [           main] o.hibernate.annotations.common.Version   : HCANN000001: Hibernate Commons Annotations {5.0.4.Final}
2021-03-23 16:35:46.496  INFO 2239 --- [           main] org.hibernate.dialect.Dialect            : HHH000400: Using dialect: org.hibernate.dialect.H2Dialect
2021-03-23 16:35:47.978  INFO 2239 --- [           main] j.LocalContainerEntityManagerFactoryBean : Initialized JPA EntityManagerFactory for persistence unit 'default'
2021-03-23 16:35:49.958  WARN 2239 --- [           main] aWebConfiguration$JpaWebMvcConfiguration : spring.jpa.open-in-view is enabled by default. Therefore, database queries may be performed during view rendering. Explicitly configure spring.jpa.open-in-view to disable this warning
2021-03-23 16:35:50.324  INFO 2239 --- [           main] o.s.s.web.DefaultSecurityFilterChain     : Creating filter chain: any request, [org.springframework.security.web.context.request.async.WebAsyncManagerIntegrationFilter@428eb3d5, org.springframework.security.web.context.SecurityContextPersistenceFilter@bc8d68b, org.springframework.security.web.header.HeaderWriterFilter@23ec2bdc, org.springframework.web.filter.CorsFilter@5ddd84d2, org.springframework.security.web.authentication.logout.LogoutFilter@37806be6, com.example.demo.security.JWTAuthenticationFilter@3fd5d679, com.example.demo.security.JWTAuthenticationVerficationFilter@7aa15a80, org.springframework.security.web.savedrequest.RequestCacheAwareFilter@3cf8a235, org.springframework.security.web.servletapi.SecurityContextHolderAwareRequestFilter@334b392d, org.springframework.security.web.authentication.AnonymousAuthenticationFilter@4d065e1a, org.springframework.security.web.session.SessionManagementFilter@3d132bb6, org.springframework.security.web.access.ExceptionTranslationFilter@2ffa91dc, org.springframework.security.web.access.intercept.FilterSecurityInterceptor@11c3ce6a]
2021-03-23 16:35:51.544  INFO 2239 --- [           main] o.s.s.concurrent.ThreadPoolTaskExecutor  : Initializing ExecutorService 'applicationTaskExecutor'
2021-03-23 16:35:52.270  INFO 2239 --- [           main] c.example.demo.SareetaApplicationTests   : Started SareetaApplicationTests in 12.351 seconds (JVM running for 15.9)
[INFO] Tests run: 1, Failures: 0, Errors: 0, Skipped: 0, Time elapsed: 13.293 s - in com.example.demo.SareetaApplicationTests
2021-03-23 16:35:52.371  INFO 2239 --- [       Thread-3] o.s.s.concurrent.ThreadPoolTaskExecutor  : Shutting down ExecutorService 'applicationTaskExecutor'
2021-03-23 16:35:52.375  INFO 2239 --- [       Thread-3] j.LocalContainerEntityManagerFactoryBean : Closing JPA EntityManagerFactory for persistence unit 'default'
2021-03-23 16:35:52.382  INFO 2239 --- [       Thread-3] com.zaxxer.hikari.HikariDataSource       : HikariPool-1 - Shutdown initiated...
2021-03-23 16:35:52.388  INFO 2239 --- [       Thread-3] com.zaxxer.hikari.HikariDataSource       : HikariPool-1 - Shutdown completed.
[INFO] 
[INFO] Results:
[INFO] 
[INFO] Tests run: 11, Failures: 0, Errors: 0, Skipped: 0
[INFO] 
[INFO] 
[INFO] --- maven-war-plugin:3.2.2:war (default-war) @ auth-course ---
Downloading from central: https://repo.maven.apache.org/maven2/org/apache/maven/maven-archiver/3.2.0/maven-archiver-3.2.0.pom
Progress (1): 2.7/4.3 kB
Progress (1): 4.3 kB    
                    
Downloaded from central: https://repo.maven.apache.org/maven2/org/apache/maven/maven-archiver/3.2.0/maven-archiver-3.2.0.pom (4.3 kB at 5.1 kB/s)
Downloading from central: https://repo.maven.apache.org/maven2/org/apache/maven/shared/maven-shared-utils/3.2.0/maven-shared-utils-3.2.0.pom
Progress (1): 2.7/4.9 kB
Progress (1): 4.9 kB    
                    
Downloaded from central: https://repo.maven.apache.org/maven2/org/apache/maven/shared/maven-shared-utils/3.2.0/maven-shared-utils-3.2.0.pom (4.9 kB at 102 kB/s)
Downloading from central: https://repo.maven.apache.org/maven2/org/codehaus/plexus/plexus-archiver/3.5/plexus-archiver-3.5.pom
Progress (1): 2.7/4.8 kB
Progress (1): 4.8 kB    
                    
Downloaded from central: https://repo.maven.apache.org/maven2/org/codehaus/plexus/plexus-archiver/3.5/plexus-archiver-3.5.pom (4.8 kB at 107 kB/s)
Downloading from central: https://repo.maven.apache.org/maven2/org/codehaus/plexus/plexus/5.0/plexus-5.0.pom
Progress (1): 2.7/21 kB
Progress (1): 5.5/21 kB
Progress (1): 8.2/21 kB
Progress (1): 11/21 kB 
Progress (1): 14/21 kB
Progress (1): 16/21 kB
Progress (1): 19/21 kB
Progress (1): 21 kB   
                   
Downloaded from central: https://repo.maven.apache.org/maven2/org/codehaus/plexus/plexus/5.0/plexus-5.0.pom (21 kB at 403 kB/s)
Downloading from central: https://repo.maven.apache.org/maven2/org/codehaus/plexus/plexus-io/3.0.0/plexus-io-3.0.0.pom
Progress (1): 2.7/4.5 kB
Progress (1): 4.5 kB    
                    
Downloaded from central: https://repo.maven.apache.org/maven2/org/codehaus/plexus/plexus-io/3.0.0/plexus-io-3.0.0.pom (4.5 kB at 126 kB/s)
Downloading from central: https://repo.maven.apache.org/maven2/org/apache/commons/commons-compress/1.14/commons-compress-1.14.pom
Progress (1): 2.7/13 kB
Progress (1): 5.5/13 kB
Progress (1): 8.2/13 kB
Progress (1): 11/13 kB 
Progress (1): 13 kB   
                   
Downloaded from central: https://repo.maven.apache.org/maven2/org/apache/commons/commons-compress/1.14/commons-compress-1.14.pom (13 kB at 292 kB/s)
Downloading from central: https://repo.maven.apache.org/maven2/org/iq80/snappy/snappy/0.4/snappy-0.4.pom
Progress (1): 2.7/15 kB
Progress (1): 5.5/15 kB
Progress (1): 8.2/15 kB
Progress (1): 11/15 kB 
Progress (1): 14/15 kB
Progress (1): 15 kB   
                   
Downloaded from central: https://repo.maven.apache.org/maven2/org/iq80/snappy/snappy/0.4/snappy-0.4.pom (15 kB at 338 kB/s)
Downloading from central: https://repo.maven.apache.org/maven2/org/tukaani/xz/1.6/xz-1.6.pom
Progress (1): 1.9 kB
                    
Downloaded from central: https://repo.maven.apache.org/maven2/org/tukaani/xz/1.6/xz-1.6.pom (1.9 kB at 49 kB/s)
Downloading from central: https://repo.maven.apache.org/maven2/org/codehaus/plexus/plexus-archiver/3.6.0/plexus-archiver-3.6.0.pom
Progress (1): 2.7/4.8 kB
Progress (1): 4.8 kB    
                    
Downloaded from central: https://repo.maven.apache.org/maven2/org/codehaus/plexus/plexus-archiver/3.6.0/plexus-archiver-3.6.0.pom (4.8 kB at 160 kB/s)
Downloading from central: https://repo.maven.apache.org/maven2/org/codehaus/plexus/plexus-io/3.0.1/plexus-io-3.0.1.pom
Progress (1): 2.7/4.5 kB
Progress (1): 4.5 kB    
                    
Downloaded from central: https://repo.maven.apache.org/maven2/org/codehaus/plexus/plexus-io/3.0.1/plexus-io-3.0.1.pom (4.5 kB at 89 kB/s)
Downloading from central: https://repo.maven.apache.org/maven2/commons-io/commons-io/2.6/commons-io-2.6.pom
Progress (1): 2.7/14 kB
Progress (1): 5.5/14 kB
Progress (1): 8.2/14 kB
Progress (1): 11/14 kB 
Progress (1): 14/14 kB
Progress (1): 14 kB   
                   
Downloaded from central: https://repo.maven.apache.org/maven2/commons-io/commons-io/2.6/commons-io-2.6.pom (14 kB at 332 kB/s)
Downloading from central: https://repo.maven.apache.org/maven2/org/apache/commons/commons-compress/1.16.1/commons-compress-1.16.1.pom
Progress (1): 2.7/16 kB
Progress (1): 5.5/16 kB
Progress (1): 8.2/16 kB
Progress (1): 11/16 kB 
Progress (1): 14/16 kB
Progress (1): 16 kB   
                   
Downloaded from central: https://repo.maven.apache.org/maven2/org/apache/commons/commons-compress/1.16.1/commons-compress-1.16.1.pom (16 kB at 434 kB/s)
Downloading from central: https://repo.maven.apache.org/maven2/org/apache/commons/commons-parent/43/commons-parent-43.pom
Progress (1): 2.7/70 kB
Progress (1): 5.5/70 kB
Progress (1): 8.2/70 kB
Progress (1): 11/70 kB 
Progress (1): 14/70 kB
Progress (1): 16/70 kB
Progress (1): 19/70 kB
Progress (1): 22/70 kB
Progress (1): 25/70 kB
Progress (1): 27/70 kB
Progress (1): 30/70 kB
Progress (1): 33/70 kB
Progress (1): 36/70 kB
Progress (1): 38/70 kB
Progress (1): 41/70 kB
Progress (1): 44/70 kB
Progress (1): 47/70 kB
Progress (1): 49/70 kB
Progress (1): 52/70 kB
Progress (1): 55/70 kB
Progress (1): 58/70 kB
Progress (1): 60/70 kB
Progress (1): 63/70 kB
Progress (1): 66/70 kB
Progress (1): 69/70 kB
Progress (1): 70 kB   
                   
Downloaded from central: https://repo.maven.apache.org/maven2/org/apache/commons/commons-parent/43/commons-parent-43.pom (70 kB at 815 kB/s)
Downloading from central: https://repo.maven.apache.org/maven2/org/tukaani/xz/1.8/xz-1.8.pom
Progress (1): 1.9 kB
                    
Downloaded from central: https://repo.maven.apache.org/maven2/org/tukaani/xz/1.8/xz-1.8.pom (1.9 kB at 43 kB/s)
Downloading from central: https://repo.maven.apache.org/maven2/org/codehaus/plexus/plexus-interpolation/1.25/plexus-interpolation-1.25.pom
Progress (1): 2.6 kB
                    
Downloaded from central: https://repo.maven.apache.org/maven2/org/codehaus/plexus/plexus-interpolation/1.25/plexus-interpolation-1.25.pom (2.6 kB at 76 kB/s)
Downloading from central: https://repo.maven.apache.org/maven2/org/codehaus/plexus/plexus/5.1/plexus-5.1.pom
Progress (1): 2.7/23 kB
Progress (1): 5.5/23 kB
Progress (1): 8.2/23 kB
Progress (1): 11/23 kB 
Progress (1): 14/23 kB
Progress (1): 16/23 kB
Progress (1): 19/23 kB
Progress (1): 22/23 kB
Progress (1): 23 kB   
                   
Downloaded from central: https://repo.maven.apache.org/maven2/org/codehaus/plexus/plexus/5.1/plexus-5.1.pom (23 kB at 536 kB/s)
Downloading from central: https://repo.maven.apache.org/maven2/com/thoughtworks/xstream/xstream/1.4.10/xstream-1.4.10.pom
Progress (1): 4.1/15 kB
Progress (1): 8.2/15 kB
Progress (1): 12/15 kB 
Progress (1): 15 kB   
                   
Downloaded from central: https://repo.maven.apache.org/maven2/com/thoughtworks/xstream/xstream/1.4.10/xstream-1.4.10.pom (15 kB at 398 kB/s)
Downloading from central: https://repo.maven.apache.org/maven2/com/thoughtworks/xstream/xstream-parent/1.4.10/xstream-parent-1.4.10.pom
Progress (1): 4.1/35 kB
Progress (1): 8.2/35 kB
Progress (1): 12/35 kB 
Progress (1): 16/35 kB
Progress (1): 20/35 kB
Progress (1): 25/35 kB
Progress (1): 29/35 kB
Progress (1): 33/35 kB
Progress (1): 35 kB   
                   
Downloaded from central: https://repo.maven.apache.org/maven2/com/thoughtworks/xstream/xstream-parent/1.4.10/xstream-parent-1.4.10.pom (35 kB at 825 kB/s)
Downloading from central: https://repo.maven.apache.org/maven2/xmlpull/xmlpull/1.1.3.1/xmlpull-1.1.3.1.pom
Progress (1): 386 B
                   
Downloaded from central: https://repo.maven.apache.org/maven2/xmlpull/xmlpull/1.1.3.1/xmlpull-1.1.3.1.pom (386 B at 10 kB/s)
Downloading from central: https://repo.maven.apache.org/maven2/xpp3/xpp3_min/1.1.4c/xpp3_min-1.1.4c.pom
Progress (1): 1.6 kB
                    
Downloaded from central: https://repo.maven.apache.org/maven2/xpp3/xpp3_min/1.1.4c/xpp3_min-1.1.4c.pom (1.6 kB at 52 kB/s)
Downloading from central: https://repo.maven.apache.org/maven2/org/apache/maven/shared/maven-mapping/3.0.0/maven-mapping-3.0.0.pom
Progress (1): 4.1/4.1 kB
Progress (1): 4.1 kB    
                    
Downloaded from central: https://repo.maven.apache.org/maven2/org/apache/maven/shared/maven-mapping/3.0.0/maven-mapping-3.0.0.pom (4.1 kB at 90 kB/s)
Downloading from central: https://repo.maven.apache.org/maven2/org/apache/maven/shared/maven-shared-components/22/maven-shared-components-22.pom
Progress (1): 4.1/5.1 kB
Progress (1): 5.1 kB    
                    
Downloaded from central: https://repo.maven.apache.org/maven2/org/apache/maven/shared/maven-shared-components/22/maven-shared-components-22.pom (5.1 kB at 122 kB/s)
Downloading from central: https://repo.maven.apache.org/maven2/org/apache/maven/maven-parent/27/maven-parent-27.pom
Progress (1): 4.1/41 kB
Progress (1): 8.2/41 kB
Progress (1): 12/41 kB 
Progress (1): 16/41 kB
Progress (1): 20/41 kB
Progress (1): 25/41 kB
Progress (1): 29/41 kB
Progress (1): 33/41 kB
Progress (1): 37/41 kB
Progress (1): 41 kB   
                   
Downloaded from central: https://repo.maven.apache.org/maven2/org/apache/maven/maven-parent/27/maven-parent-27.pom (41 kB at 1.0 MB/s)
Downloading from central: https://repo.maven.apache.org/maven2/org/apache/apache/17/apache-17.pom
Progress (1): 4.1/16 kB
Progress (1): 8.2/16 kB
Progress (1): 12/16 kB 
Progress (1): 16 kB   
                   
Downloaded from central: https://repo.maven.apache.org/maven2/org/apache/apache/17/apache-17.pom (16 kB at 423 kB/s)
Downloading from central: https://repo.maven.apache.org/maven2/org/codehaus/plexus/plexus-interpolation/1.21/plexus-interpolation-1.21.pom
Progress (1): 1.5 kB
                    
Downloaded from central: https://repo.maven.apache.org/maven2/org/codehaus/plexus/plexus-interpolation/1.21/plexus-interpolation-1.21.pom (1.5 kB at 48 kB/s)
Downloading from central: https://repo.maven.apache.org/maven2/org/apache/maven/maven-archiver/3.2.0/maven-archiver-3.2.0.jar
Downloading from central: https://repo.maven.apache.org/maven2/org/apache/maven/shared/maven-shared-utils/3.2.0/maven-shared-utils-3.2.0.jar
Downloading from central: https://repo.maven.apache.org/maven2/org/codehaus/plexus/plexus-archiver/3.6.0/plexus-archiver-3.6.0.jar
Downloading from central: https://repo.maven.apache.org/maven2/org/codehaus/plexus/plexus-io/3.0.1/plexus-io-3.0.1.jar
Downloading from central: https://repo.maven.apache.org/maven2/org/apache/commons/commons-compress/1.16.1/commons-compress-1.16.1.jar
Progress (1): 4.1/24 kB
Progress (1): 8.2/24 kB
Progress (1): 12/24 kB 
Progress (1): 16/24 kB
Progress (1): 20/24 kB
Progress (1): 24 kB   
                   
Downloaded from central: https://repo.maven.apache.org/maven2/org/apache/maven/maven-archiver/3.2.0/maven-archiver-3.2.0.jar (24 kB at 304 kB/s)
Progress (1): 2.7/165 kB
Progress (1): 5.5/165 kB
Progress (1): 8.2/165 kB
Progress (1): 11/165 kB 
Progress (1): 14/165 kB
Progress (1): 16/165 kB
Progress (1): 19/165 kB
Progress (1): 22/165 kB
Progress (1): 25/165 kB
Progress (1): 27/165 kB
Progress (2): 27/165 kB | 2.7/191 kB
Progress (2): 27/165 kB | 5.5/191 kB
Progress (2): 27/165 kB | 8.2/191 kB
Progress (2): 27/165 kB | 11/191 kB 
Progress (2): 27/165 kB | 14/191 kB
Progress (2): 27/165 kB | 16/191 kB
Progress (2): 27/165 kB | 19/191 kB
Progress (2): 27/165 kB | 22/191 kB
Progress (2): 27/165 kB | 25/191 kB
Progress (2): 27/165 kB | 27/191 kB
Progress (3): 27/165 kB | 27/191 kB | 2.7/74 kB
Progress (3): 27/165 kB | 27/191 kB | 5.5/74 kB
Progress (4): 27/165 kB | 27/191 kB | 5.5/74 kB | 2.7/560 kB
Progress (4): 27/165 kB | 27/191 kB | 5.5/74 kB | 5.5/560 kB
Progress (4): 27/165 kB | 27/191 kB | 5.5/74 kB | 8.2/560 kB
Progress (4): 27/165 kB | 27/191 kB | 5.5/74 kB | 11/560 kB 
Progress (4): 27/165 kB | 27/191 kB | 5.5/74 kB | 14/560 kB
Progress (4): 27/165 kB | 27/191 kB | 5.5/74 kB | 16/560 kB
Progress (4): 27/165 kB | 27/191 kB | 5.5/74 kB | 19/560 kB
                                                           
Downloading from central: https://repo.maven.apache.org/maven2/org/iq80/snappy/snappy/0.4/snappy-0.4.jar
Progress (4): 27/165 kB | 27/191 kB | 8.2/74 kB | 19/560 kB
Progress (4): 27/165 kB | 27/191 kB | 11/74 kB | 19/560 kB 
Progress (4): 27/165 kB | 27/191 kB | 14/74 kB | 19/560 kB
Progress (4): 27/165 kB | 27/191 kB | 16/74 kB | 19/560 kB
Progress (4): 27/165 kB | 27/191 kB | 19/74 kB | 19/560 kB
Progress (4): 27/165 kB | 27/191 kB | 22/74 kB | 19/560 kB
Progress (4): 30/165 kB | 27/191 kB | 22/74 kB | 19/560 kB
Progress (4): 33/165 kB | 27/191 kB | 22/74 kB | 19/560 kB
Progress (5): 33/165 kB | 27/191 kB | 22/74 kB | 19/560 kB | 4.1/58 kB
Progress (5): 33/165 kB | 27/191 kB | 22/74 kB | 19/560 kB | 8.2/58 kB
Progress (5): 33/165 kB | 27/191 kB | 22/74 kB | 19/560 kB | 12/58 kB 
Progress (5): 33/165 kB | 27/191 kB | 22/74 kB | 19/560 kB | 16/58 kB
Progress (5): 33/165 kB | 30/191 kB | 22/74 kB | 19/560 kB | 16/58 kB
Progress (5): 33/165 kB | 33/191 kB | 22/74 kB | 19/560 kB | 16/58 kB
Progress (5): 33/165 kB | 33/191 kB | 22/74 kB | 22/560 kB | 16/58 kB
Progress (5): 33/165 kB | 33/191 kB | 22/74 kB | 25/560 kB | 16/58 kB
Progress (5): 33/165 kB | 33/191 kB | 22/74 kB | 27/560 kB | 16/58 kB
Progress (5): 33/165 kB | 33/191 kB | 22/74 kB | 30/560 kB | 16/58 kB
Progress (5): 33/165 kB | 33/191 kB | 22/74 kB | 33/560 kB | 16/58 kB
Progress (5): 33/165 kB | 33/191 kB | 22/74 kB | 36/560 kB | 16/58 kB
Progress (5): 33/165 kB | 33/191 kB | 22/74 kB | 38/560 kB | 16/58 kB
Progress (5): 33/165 kB | 33/191 kB | 22/74 kB | 41/560 kB | 16/58 kB
Progress (5): 33/165 kB | 33/191 kB | 22/74 kB | 41/560 kB | 20/58 kB
Progress (5): 33/165 kB | 33/191 kB | 22/74 kB | 41/560 kB | 25/58 kB
Progress (5): 33/165 kB | 33/191 kB | 22/74 kB | 41/560 kB | 29/58 kB
Progress (5): 33/165 kB | 33/191 kB | 22/74 kB | 41/560 kB | 33/58 kB
Progress (5): 33/165 kB | 33/191 kB | 22/74 kB | 41/560 kB | 37/58 kB
Progress (5): 33/165 kB | 33/191 kB | 22/74 kB | 41/560 kB | 41/58 kB
Progress (5): 33/165 kB | 33/191 kB | 22/74 kB | 41/560 kB | 45/58 kB
Progress (5): 33/165 kB | 33/191 kB | 22/74 kB | 41/560 kB | 49/58 kB
Progress (5): 33/165 kB | 33/191 kB | 25/74 kB | 41/560 kB | 49/58 kB
Progress (5): 33/165 kB | 33/191 kB | 27/74 kB | 41/560 kB | 49/58 kB
Progress (5): 33/165 kB | 33/191 kB | 30/74 kB | 41/560 kB | 49/58 kB
Progress (5): 36/165 kB | 33/191 kB | 30/74 kB | 41/560 kB | 49/58 kB
Progress (5): 38/165 kB | 33/191 kB | 30/74 kB | 41/560 kB | 49/58 kB
Progress (5): 38/165 kB | 36/191 kB | 30/74 kB | 41/560 kB | 49/58 kB
Progress (5): 38/165 kB | 38/191 kB | 30/74 kB | 41/560 kB | 49/58 kB
Progress (5): 38/165 kB | 41/191 kB | 30/74 kB | 41/560 kB | 49/58 kB
Progress (5): 38/165 kB | 44/191 kB | 30/74 kB | 41/560 kB | 49/58 kB
Progress (5): 38/165 kB | 47/191 kB | 30/74 kB | 41/560 kB | 49/58 kB
Progress (5): 38/165 kB | 49/191 kB | 30/74 kB | 41/560 kB | 49/58 kB
Progress (5): 38/165 kB | 52/191 kB | 30/74 kB | 41/560 kB | 49/58 kB
Progress (5): 38/165 kB | 55/191 kB | 30/74 kB | 41/560 kB | 49/58 kB
Progress (5): 38/165 kB | 58/191 kB | 30/74 kB | 41/560 kB | 49/58 kB
Progress (5): 38/165 kB | 58/191 kB | 30/74 kB | 41/560 kB | 53/58 kB
Progress (5): 38/165 kB | 58/191 kB | 30/74 kB | 41/560 kB | 57/58 kB
Progress (5): 38/165 kB | 58/191 kB | 30/74 kB | 41/560 kB | 58 kB   
Progress (5): 38/165 kB | 58/191 kB | 30/74 kB | 44/560 kB | 58 kB
Progress (5): 38/165 kB | 58/191 kB | 30/74 kB | 47/560 kB | 58 kB
Progress (5): 38/165 kB | 58/191 kB | 30/74 kB | 49/560 kB | 58 kB
Progress (5): 38/165 kB | 58/191 kB | 30/74 kB | 52/560 kB | 58 kB
Progress (5): 38/165 kB | 58/191 kB | 30/74 kB | 55/560 kB | 58 kB
Progress (5): 38/165 kB | 58/191 kB | 30/74 kB | 58/560 kB | 58 kB
Progress (5): 38/165 kB | 58/191 kB | 30/74 kB | 60/560 kB | 58 kB
Progress (5): 38/165 kB | 60/191 kB | 30/74 kB | 60/560 kB | 58 kB
Progress (5): 38/165 kB | 63/191 kB | 30/74 kB | 60/560 kB | 58 kB
Progress (5): 38/165 kB | 66/191 kB | 30/74 kB | 60/560 kB | 58 kB
Progress (5): 38/165 kB | 69/191 kB | 30/74 kB | 60/560 kB | 58 kB
Progress (5): 38/165 kB | 71/191 kB | 30/74 kB | 60/560 kB | 58 kB
Progress (5): 38/165 kB | 74/191 kB | 30/74 kB | 60/560 kB | 58 kB
Progress (5): 38/165 kB | 77/191 kB | 30/74 kB | 60/560 kB | 58 kB
Progress (5): 38/165 kB | 80/191 kB | 30/74 kB | 60/560 kB | 58 kB
Progress (5): 38/165 kB | 82/191 kB | 30/74 kB | 60/560 kB | 58 kB
Progress (5): 38/165 kB | 85/191 kB | 30/74 kB | 60/560 kB | 58 kB
Progress (5): 41/165 kB | 85/191 kB | 30/74 kB | 60/560 kB | 58 kB
Progress (5): 44/165 kB | 85/191 kB | 30/74 kB | 60/560 kB | 58 kB
Progress (5): 47/165 kB | 85/191 kB | 30/74 kB | 60/560 kB | 58 kB
Progress (5): 49/165 kB | 85/191 kB | 30/74 kB | 60/560 kB | 58 kB
Progress (5): 52/165 kB | 85/191 kB | 30/74 kB | 60/560 kB | 58 kB
Progress (5): 55/165 kB | 85/191 kB | 30/74 kB | 60/560 kB | 58 kB
Progress (5): 55/165 kB | 85/191 kB | 33/74 kB | 60/560 kB | 58 kB
Progress (5): 55/165 kB | 85/191 kB | 36/74 kB | 60/560 kB | 58 kB
Progress (5): 55/165 kB | 85/191 kB | 38/74 kB | 60/560 kB | 58 kB
Progress (5): 55/165 kB | 85/191 kB | 41/74 kB | 60/560 kB | 58 kB
Progress (5): 55/165 kB | 85/191 kB | 44/74 kB | 60/560 kB | 58 kB
Progress (5): 55/165 kB | 85/191 kB | 47/74 kB | 60/560 kB | 58 kB
Progress (5): 55/165 kB | 85/191 kB | 49/74 kB | 60/560 kB | 58 kB
Progress (5): 55/165 kB | 85/191 kB | 52/74 kB | 60/560 kB | 58 kB
                                                                  
Downloaded from central: https://repo.maven.apache.org/maven2/org/iq80/snappy/snappy/0.4/snappy-0.4.jar (58 kB at 329 kB/s)
Progress (4): 58/165 kB | 85/191 kB | 52/74 kB | 60/560 kB
Progress (4): 60/165 kB | 85/191 kB | 52/74 kB | 60/560 kB
Progress (4): 63/165 kB | 85/191 kB | 52/74 kB | 60/560 kB
Progress (4): 66/165 kB | 85/191 kB | 52/74 kB | 60/560 kB
Progress (4): 69/165 kB | 85/191 kB | 52/74 kB | 60/560 kB
Progress (4): 71/165 kB | 85/191 kB | 52/74 kB | 60/560 kB
Progress (4): 74/165 kB | 85/191 kB | 52/74 kB | 60/560 kB
Progress (4): 77/165 kB | 85/191 kB | 52/74 kB | 60/560 kB
                                                          
Downloading from central: https://repo.maven.apache.org/maven2/org/tukaani/xz/1.8/xz-1.8.jar
Progress (4): 77/165 kB | 85/191 kB | 52/74 kB | 63/560 kB
Progress (4): 77/165 kB | 85/191 kB | 52/74 kB | 66/560 kB
Progress (4): 77/165 kB | 85/191 kB | 52/74 kB | 69/560 kB
Progress (4): 77/165 kB | 85/191 kB | 52/74 kB | 71/560 kB
Progress (4): 77/165 kB | 85/191 kB | 52/74 kB | 74/560 kB
Progress (4): 77/165 kB | 85/191 kB | 55/74 kB | 74/560 kB
Progress (4): 77/165 kB | 85/191 kB | 58/74 kB | 74/560 kB
Progress (4): 77/165 kB | 85/191 kB | 60/74 kB | 74/560 kB
Progress (4): 77/165 kB | 85/191 kB | 63/74 kB | 74/560 kB
Progress (4): 77/165 kB | 85/191 kB | 66/74 kB | 74/560 kB
Progress (4): 77/165 kB | 88/191 kB | 66/74 kB | 74/560 kB
Progress (4): 77/165 kB | 90/191 kB | 66/74 kB | 74/560 kB
Progress (4): 77/165 kB | 93/191 kB | 66/74 kB | 74/560 kB
Progress (4): 77/165 kB | 96/191 kB | 66/74 kB | 74/560 kB
Progress (4): 77/165 kB | 99/191 kB | 66/74 kB | 74/560 kB
Progress (4): 77/165 kB | 101/191 kB | 66/74 kB | 74/560 kB
Progress (4): 77/165 kB | 104/191 kB | 66/74 kB | 74/560 kB
Progress (4): 77/165 kB | 107/191 kB | 66/74 kB | 74/560 kB
Progress (4): 77/165 kB | 110/191 kB | 66/74 kB | 74/560 kB
Progress (4): 77/165 kB | 112/191 kB | 66/74 kB | 74/560 kB
Progress (4): 77/165 kB | 115/191 kB | 66/74 kB | 74/560 kB
Progress (4): 77/165 kB | 115/191 kB | 66/74 kB | 77/560 kB
Progress (4): 77/165 kB | 115/191 kB | 66/74 kB | 80/560 kB
Progress (4): 77/165 kB | 115/191 kB | 66/74 kB | 82/560 kB
Progress (4): 77/165 kB | 115/191 kB | 66/74 kB | 85/560 kB
Progress (4): 77/165 kB | 115/191 kB | 66/74 kB | 88/560 kB
Progress (4): 77/165 kB | 115/191 kB | 69/74 kB | 88/560 kB
Progress (4): 77/165 kB | 115/191 kB | 71/74 kB | 88/560 kB
Progress (4): 77/165 kB | 115/191 kB | 74 kB | 88/560 kB   
Progress (4): 80/165 kB | 115/191 kB | 74 kB | 88/560 kB
Progress (4): 82/165 kB | 115/191 kB | 74 kB | 88/560 kB
Progress (4): 85/165 kB | 115/191 kB | 74 kB | 88/560 kB
Progress (4): 88/165 kB | 115/191 kB | 74 kB | 88/560 kB
Progress (5): 88/165 kB | 115/191 kB | 74 kB | 88/560 kB | 4.1/109 kB
Progress (5): 88/165 kB | 115/191 kB | 74 kB | 88/560 kB | 8.2/109 kB
Progress (5): 88/165 kB | 115/191 kB | 74 kB | 88/560 kB | 12/109 kB 
Progress (5): 88/165 kB | 115/191 kB | 74 kB | 88/560 kB | 16/109 kB
Progress (5): 88/165 kB | 115/191 kB | 74 kB | 88/560 kB | 20/109 kB
Progress (5): 88/165 kB | 115/191 kB | 74 kB | 88/560 kB | 25/109 kB
Progress (5): 88/165 kB | 115/191 kB | 74 kB | 88/560 kB | 29/109 kB
Progress (5): 88/165 kB | 115/191 kB | 74 kB | 88/560 kB | 33/109 kB
Progress (5): 88/165 kB | 115/191 kB | 74 kB | 88/560 kB | 37/109 kB
Progress (5): 88/165 kB | 115/191 kB | 74 kB | 90/560 kB | 37/109 kB
Progress (5): 88/165 kB | 115/191 kB | 74 kB | 93/560 kB | 37/109 kB
Progress (5): 88/165 kB | 115/191 kB | 74 kB | 96/560 kB | 37/109 kB
Progress (5): 88/165 kB | 115/191 kB | 74 kB | 99/560 kB | 37/109 kB
Progress (5): 88/165 kB | 115/191 kB | 74 kB | 101/560 kB | 37/109 kB
Progress (5): 88/165 kB | 115/191 kB | 74 kB | 104/560 kB | 37/109 kB
Progress (5): 88/165 kB | 115/191 kB | 74 kB | 107/560 kB | 37/109 kB
Progress (5): 88/165 kB | 115/191 kB | 74 kB | 110/560 kB | 37/109 kB
Progress (5): 88/165 kB | 115/191 kB | 74 kB | 112/560 kB | 37/109 kB
Progress (5): 88/165 kB | 115/191 kB | 74 kB | 115/560 kB | 37/109 kB
Progress (5): 90/165 kB | 115/191 kB | 74 kB | 115/560 kB | 37/109 kB
Progress (5): 93/165 kB | 115/191 kB | 74 kB | 115/560 kB | 37/109 kB
Progress (5): 96/165 kB | 115/191 kB | 74 kB | 115/560 kB | 37/109 kB
Progress (5): 99/165 kB | 115/191 kB | 74 kB | 115/560 kB | 37/109 kB
Progress (5): 101/165 kB | 115/191 kB | 74 kB | 115/560 kB | 37/109 kB
Progress (5): 104/165 kB | 115/191 kB | 74 kB | 115/560 kB | 37/109 kB
Progress (5): 107/165 kB | 115/191 kB | 74 kB | 115/560 kB | 37/109 kB
Progress (5): 110/165 kB | 115/191 kB | 74 kB | 115/560 kB | 37/109 kB
Progress (5): 112/165 kB | 115/191 kB | 74 kB | 115/560 kB | 37/109 kB
Progress (5): 115/165 kB | 115/191 kB | 74 kB | 115/560 kB | 37/109 kB
Progress (5): 118/165 kB | 115/191 kB | 74 kB | 115/560 kB | 37/109 kB
Progress (5): 121/165 kB | 115/191 kB | 74 kB | 115/560 kB | 37/109 kB
Progress (5): 121/165 kB | 118/191 kB | 74 kB | 115/560 kB | 37/109 kB
Progress (5): 121/165 kB | 121/191 kB | 74 kB | 115/560 kB | 37/109 kB
Progress (5): 121/165 kB | 123/191 kB | 74 kB | 115/560 kB | 37/109 kB
Progress (5): 121/165 kB | 126/191 kB | 74 kB | 115/560 kB | 37/109 kB
Progress (5): 121/165 kB | 129/191 kB | 74 kB | 115/560 kB | 37/109 kB
Progress (5): 121/165 kB | 132/191 kB | 74 kB | 115/560 kB | 37/109 kB
Progress (5): 121/165 kB | 134/191 kB | 74 kB | 115/560 kB | 37/109 kB
Progress (5): 121/165 kB | 137/191 kB | 74 kB | 115/560 kB | 37/109 kB
Progress (5): 121/165 kB | 137/191 kB | 74 kB | 118/560 kB | 37/109 kB
                                                                      
Downloaded from central: https://repo.maven.apache.org/maven2/org/codehaus/plexus/plexus-io/3.0.1/plexus-io-3.0.1.jar (74 kB at 315 kB/s)
Downloading from central: https://repo.maven.apache.org/maven2/org/codehaus/plexus/plexus-interpolation/1.25/plexus-interpolation-1.25.jar
Progress (4): 121/165 kB | 137/191 kB | 118/560 kB | 41/109 kB
Progress (4): 121/165 kB | 137/191 kB | 118/560 kB | 45/109 kB
Progress (4): 121/165 kB | 137/191 kB | 118/560 kB | 49/109 kB
Progress (4): 121/165 kB | 137/191 kB | 118/560 kB | 53/109 kB
Progress (4): 121/165 kB | 137/191 kB | 118/560 kB | 57/109 kB
Progress (4): 121/165 kB | 137/191 kB | 118/560 kB | 61/109 kB
Progress (4): 121/165 kB | 137/191 kB | 118/560 kB | 66/109 kB
Progress (4): 121/165 kB | 137/191 kB | 118/560 kB | 70/109 kB
Progress (4): 121/165 kB | 137/191 kB | 118/560 kB | 74/109 kB
Progress (4): 121/165 kB | 137/191 kB | 118/560 kB | 78/109 kB
Progress (4): 121/165 kB | 137/191 kB | 118/560 kB | 82/109 kB
Progress (4): 121/165 kB | 137/191 kB | 118/560 kB | 86/109 kB
Progress (4): 121/165 kB | 140/191 kB | 118/560 kB | 86/109 kB
Progress (4): 121/165 kB | 143/191 kB | 118/560 kB | 86/109 kB
Progress (4): 121/165 kB | 145/191 kB | 118/560 kB | 86/109 kB
Progress (4): 121/165 kB | 148/191 kB | 118/560 kB | 86/109 kB
Progress (4): 121/165 kB | 151/191 kB | 118/560 kB | 86/109 kB
Progress (4): 121/165 kB | 154/191 kB | 118/560 kB | 86/109 kB
Progress (5): 121/165 kB | 154/191 kB | 118/560 kB | 86/109 kB | 2.7/85 kB
Progress (5): 121/165 kB | 154/191 kB | 118/560 kB | 86/109 kB | 5.5/85 kB
Progress (5): 121/165 kB | 154/191 kB | 118/560 kB | 86/109 kB | 8.2/85 kB
Progress (5): 121/165 kB | 154/191 kB | 118/560 kB | 86/109 kB | 11/85 kB 
Progress (5): 121/165 kB | 154/191 kB | 118/560 kB | 86/109 kB | 14/85 kB
Progress (5): 121/165 kB | 154/191 kB | 118/560 kB | 86/109 kB | 16/85 kB
Progress (5): 121/165 kB | 154/191 kB | 118/560 kB | 86/109 kB | 19/85 kB
Progress (5): 121/165 kB | 154/191 kB | 118/560 kB | 86/109 kB | 22/85 kB
Progress (5): 121/165 kB | 154/191 kB | 118/560 kB | 86/109 kB | 25/85 kB
Progress (5): 121/165 kB | 154/191 kB | 118/560 kB | 86/109 kB | 27/85 kB
Progress (5): 123/165 kB | 154/191 kB | 118/560 kB | 86/109 kB | 27/85 kB
Progress (5): 126/165 kB | 154/191 kB | 118/560 kB | 86/109 kB | 27/85 kB
Progress (5): 129/165 kB | 154/191 kB | 118/560 kB | 86/109 kB | 27/85 kB
Progress (5): 132/165 kB | 154/191 kB | 118/560 kB | 86/109 kB | 27/85 kB
Progress (5): 134/165 kB | 154/191 kB | 118/560 kB | 86/109 kB | 27/85 kB
Progress (5): 137/165 kB | 154/191 kB | 118/560 kB | 86/109 kB | 27/85 kB
Progress (5): 140/165 kB | 154/191 kB | 118/560 kB | 86/109 kB | 27/85 kB
Progress (5): 143/165 kB | 154/191 kB | 118/560 kB | 86/109 kB | 27/85 kB
Progress (5): 145/165 kB | 154/191 kB | 118/560 kB | 86/109 kB | 27/85 kB
Progress (5): 148/165 kB | 154/191 kB | 118/560 kB | 86/109 kB | 27/85 kB
Progress (5): 151/165 kB | 154/191 kB | 118/560 kB | 86/109 kB | 27/85 kB
Progress (5): 154/165 kB | 154/191 kB | 118/560 kB | 86/109 kB | 27/85 kB
Progress (5): 154/165 kB | 154/191 kB | 121/560 kB | 86/109 kB | 27/85 kB
Progress (5): 154/165 kB | 154/191 kB | 123/560 kB | 86/109 kB | 27/85 kB
Progress (5): 154/165 kB | 154/191 kB | 126/560 kB | 86/109 kB | 27/85 kB
Progress (5): 154/165 kB | 154/191 kB | 129/560 kB | 86/109 kB | 27/85 kB
Progress (5): 154/165 kB | 154/191 kB | 132/560 kB | 86/109 kB | 27/85 kB
Progress (5): 154/165 kB | 154/191 kB | 134/560 kB | 86/109 kB | 27/85 kB
Progress (5): 154/165 kB | 154/191 kB | 137/560 kB | 86/109 kB | 27/85 kB
Progress (5): 154/165 kB | 154/191 kB | 140/560 kB | 86/109 kB | 27/85 kB
Progress (5): 154/165 kB | 154/191 kB | 143/560 kB | 86/109 kB | 27/85 kB
Progress (5): 154/165 kB | 154/191 kB | 145/560 kB | 86/109 kB | 27/85 kB
Progress (5): 154/165 kB | 154/191 kB | 148/560 kB | 86/109 kB | 27/85 kB
Progress (5): 154/165 kB | 154/191 kB | 151/560 kB | 86/109 kB | 27/85 kB
Progress (5): 154/165 kB | 154/191 kB | 151/560 kB | 90/109 kB | 27/85 kB
Progress (5): 154/165 kB | 154/191 kB | 151/560 kB | 94/109 kB | 27/85 kB
Progress (5): 154/165 kB | 154/191 kB | 151/560 kB | 98/109 kB | 27/85 kB
Progress (5): 154/165 kB | 154/191 kB | 151/560 kB | 102/109 kB | 27/85 kB
Progress (5): 154/165 kB | 154/191 kB | 151/560 kB | 106/109 kB | 27/85 kB
Progress (5): 154/165 kB | 154/191 kB | 151/560 kB | 109 kB | 27/85 kB    
Progress (5): 154/165 kB | 154/191 kB | 151/560 kB | 109 kB | 30/85 kB
Progress (5): 154/165 kB | 156/191 kB | 151/560 kB | 109 kB | 30/85 kB
Progress (5): 154/165 kB | 159/191 kB | 151/560 kB | 109 kB | 30/85 kB
Progress (5): 154/165 kB | 162/191 kB | 151/560 kB | 109 kB | 30/85 kB
Progress (5): 154/165 kB | 165/191 kB | 151/560 kB | 109 kB | 30/85 kB
Progress (5): 154/165 kB | 167/191 kB | 151/560 kB | 109 kB | 30/85 kB
Progress (5): 154/165 kB | 170/191 kB | 151/560 kB | 109 kB | 30/85 kB
Progress (5): 154/165 kB | 173/191 kB | 151/560 kB | 109 kB | 30/85 kB
Progress (5): 154/165 kB | 175/191 kB | 151/560 kB | 109 kB | 30/85 kB
Progress (5): 154/165 kB | 178/191 kB | 151/560 kB | 109 kB | 30/85 kB
Progress (5): 154/165 kB | 178/191 kB | 154/560 kB | 109 kB | 30/85 kB
Progress (5): 154/165 kB | 178/191 kB | 156/560 kB | 109 kB | 30/85 kB
Progress (5): 154/165 kB | 178/191 kB | 159/560 kB | 109 kB | 30/85 kB
Progress (5): 156/165 kB | 178/191 kB | 159/560 kB | 109 kB | 30/85 kB
Progress (5): 159/165 kB | 178/191 kB | 159/560 kB | 109 kB | 30/85 kB
Progress (5): 162/165 kB | 178/191 kB | 159/560 kB | 109 kB | 30/85 kB
Progress (5): 165/165 kB | 178/191 kB | 159/560 kB | 109 kB | 30/85 kB
Progress (5): 165 kB | 178/191 kB | 159/560 kB | 109 kB | 30/85 kB    
Progress (5): 165 kB | 178/191 kB | 159/560 kB | 109 kB | 33/85 kB
Progress (5): 165 kB | 178/191 kB | 159/560 kB | 109 kB | 36/85 kB
Progress (5): 165 kB | 178/191 kB | 159/560 kB | 109 kB | 38/85 kB
Progress (5): 165 kB | 178/191 kB | 159/560 kB | 109 kB | 41/85 kB
Progress (5): 165 kB | 178/191 kB | 159/560 kB | 109 kB | 44/85 kB
Progress (5): 165 kB | 178/191 kB | 159/560 kB | 109 kB | 47/85 kB
Progress (5): 165 kB | 178/191 kB | 159/560 kB | 109 kB | 49/85 kB
Progress (5): 165 kB | 178/191 kB | 159/560 kB | 109 kB | 52/85 kB
                                                                  
Downloaded from central: https://repo.maven.apache.org/maven2/org/tukaani/xz/1.8/xz-1.8.jar (109 kB at 377 kB/s)
Progress (4): 165 kB | 181/191 kB | 159/560 kB | 52/85 kB
Progress (4): 165 kB | 184/191 kB | 159/560 kB | 52/85 kB
Progress (4): 165 kB | 186/191 kB | 159/560 kB | 52/85 kB
Progress (4): 165 kB | 189/191 kB | 159/560 kB | 52/85 kB
Progress (4): 165 kB | 191 kB | 159/560 kB | 52/85 kB    
Progress (4): 165 kB | 191 kB | 162/560 kB | 52/85 kB
Progress (4): 165 kB | 191 kB | 165/560 kB | 52/85 kB
Progress (4): 165 kB | 191 kB | 167/560 kB | 52/85 kB
Progress (4): 165 kB | 191 kB | 170/560 kB | 52/85 kB
Progress (4): 165 kB | 191 kB | 173/560 kB | 52/85 kB
                                                     
Downloading from central: https://repo.maven.apache.org/maven2/com/thoughtworks/xstream/xstream/1.4.10/xstream-1.4.10.jar
Progress (4): 165 kB | 191 kB | 173/560 kB | 55/85 kB
Progress (4): 165 kB | 191 kB | 173/560 kB | 58/85 kB
Progress (4): 165 kB | 191 kB | 173/560 kB | 60/85 kB
Progress (4): 165 kB | 191 kB | 173/560 kB | 63/85 kB
Progress (4): 165 kB | 191 kB | 173/560 kB | 66/85 kB
Progress (4): 165 kB | 191 kB | 175/560 kB | 66/85 kB
Progress (4): 165 kB | 191 kB | 178/560 kB | 66/85 kB
Progress (4): 165 kB | 191 kB | 181/560 kB | 66/85 kB
Progress (4): 165 kB | 191 kB | 184/560 kB | 66/85 kB
Progress (4): 165 kB | 191 kB | 186/560 kB | 66/85 kB
Progress (4): 165 kB | 191 kB | 189/560 kB | 66/85 kB
Progress (4): 165 kB | 191 kB | 192/560 kB | 66/85 kB
Progress (4): 165 kB | 191 kB | 195/560 kB | 66/85 kB
Progress (4): 165 kB | 191 kB | 197/560 kB | 66/85 kB
Progress (4): 165 kB | 191 kB | 200/560 kB | 66/85 kB
                                                     
Downloaded from central: https://repo.maven.apache.org/maven2/org/apache/maven/shared/maven-shared-utils/3.2.0/maven-shared-utils-3.2.0.jar (165 kB at 523 kB/s)
Downloading from central: https://repo.maven.apache.org/maven2/xmlpull/xmlpull/1.1.3.1/xmlpull-1.1.3.1.jar
Progress (3): 191 kB | 200/560 kB | 69/85 kB
Progress (3): 191 kB | 200/560 kB | 71/85 kB
Progress (3): 191 kB | 200/560 kB | 74/85 kB
                                            
Downloaded from central: https://repo.maven.apache.org/maven2/org/codehaus/plexus/plexus-archiver/3.6.0/plexus-archiver-3.6.0.jar (191 kB at 602 kB/s)
Progress (3): 200/560 kB | 74/85 kB | 2.7/590 kB
Progress (3): 200/560 kB | 74/85 kB | 5.5/590 kB
Progress (3): 200/560 kB | 74/85 kB | 8.2/590 kB
Progress (3): 200/560 kB | 74/85 kB | 11/590 kB 
Progress (3): 200/560 kB | 74/85 kB | 14/590 kB
Progress (3): 200/560 kB | 74/85 kB | 16/590 kB
Progress (3): 200/560 kB | 74/85 kB | 19/590 kB
Progress (3): 200/560 kB | 74/85 kB | 22/590 kB
Progress (3): 200/560 kB | 74/85 kB | 25/590 kB
Progress (3): 200/560 kB | 74/85 kB | 27/590 kB
Progress (3): 200/560 kB | 74/85 kB | 30/590 kB
Progress (3): 200/560 kB | 74/85 kB | 33/590 kB
Progress (3): 200/560 kB | 74/85 kB | 36/590 kB
                                               
Downloading from central: https://repo.maven.apache.org/maven2/xpp3/xpp3_min/1.1.4c/xpp3_min-1.1.4c.jar
Progress (4): 200/560 kB | 74/85 kB | 36/590 kB | 4.1/7.2 kB
Progress (4): 200/560 kB | 74/85 kB | 36/590 kB | 7.2 kB    
Progress (4): 200/560 kB | 77/85 kB | 36/590 kB | 7.2 kB
Progress (4): 200/560 kB | 80/85 kB | 36/590 kB | 7.2 kB
Progress (4): 200/560 kB | 82/85 kB | 36/590 kB | 7.2 kB
Progress (4): 203/560 kB | 82/85 kB | 36/590 kB | 7.2 kB
Progress (5): 203/560 kB | 82/85 kB | 36/590 kB | 7.2 kB | 2.7/25 kB
Progress (5): 203/560 kB | 82/85 kB | 36/590 kB | 7.2 kB | 5.5/25 kB
Progress (5): 203/560 kB | 82/85 kB | 36/590 kB | 7.2 kB | 8.2/25 kB
Progress (5): 203/560 kB | 85/85 kB | 36/590 kB | 7.2 kB | 8.2/25 kB
Progress (5): 203/560 kB | 85 kB | 36/590 kB | 7.2 kB | 8.2/25 kB   
Progress (5): 206/560 kB | 85 kB | 36/590 kB | 7.2 kB | 8.2/25 kB
Progress (5): 208/560 kB | 85 kB | 36/590 kB | 7.2 kB | 8.2/25 kB
Progress (5): 211/560 kB | 85 kB | 36/590 kB | 7.2 kB | 8.2/25 kB
Progress (5): 214/560 kB | 85 kB | 36/590 kB | 7.2 kB | 8.2/25 kB
Progress (5): 217/560 kB | 85 kB | 36/590 kB | 7.2 kB | 8.2/25 kB
Progress (5): 219/560 kB | 85 kB | 36/590 kB | 7.2 kB | 8.2/25 kB
Progress (5): 219/560 kB | 85 kB | 36/590 kB | 7.2 kB | 11/25 kB 
                                                                
Downloaded from central: https://repo.maven.apache.org/maven2/xmlpull/xmlpull/1.1.3.1/xmlpull-1.1.3.1.jar (7.2 kB at 21 kB/s)
Downloading from central: https://repo.maven.apache.org/maven2/org/apache/maven/shared/maven-mapping/3.0.0/maven-mapping-3.0.0.jar
Progress (4): 219/560 kB | 85 kB | 38/590 kB | 11/25 kB
Progress (4): 219/560 kB | 85 kB | 41/590 kB | 11/25 kB
Progress (4): 219/560 kB | 85 kB | 44/590 kB | 11/25 kB
Progress (4): 219/560 kB | 85 kB | 47/590 kB | 11/25 kB
Progress (4): 219/560 kB | 85 kB | 49/590 kB | 11/25 kB
Progress (4): 219/560 kB | 85 kB | 52/590 kB | 11/25 kB
Progress (4): 219/560 kB | 85 kB | 55/590 kB | 11/25 kB
Progress (4): 219/560 kB | 85 kB | 58/590 kB | 11/25 kB
Progress (4): 219/560 kB | 85 kB | 60/590 kB | 11/25 kB
Progress (4): 219/560 kB | 85 kB | 63/590 kB | 11/25 kB
Progress (4): 219/560 kB | 85 kB | 63/590 kB | 14/25 kB
Progress (4): 219/560 kB | 85 kB | 63/590 kB | 16/25 kB
Progress (4): 219/560 kB | 85 kB | 63/590 kB | 19/25 kB
Progress (4): 219/560 kB | 85 kB | 63/590 kB | 22/25 kB
Progress (4): 219/560 kB | 85 kB | 63/590 kB | 25/25 kB
Progress (4): 222/560 kB | 85 kB | 63/590 kB | 25/25 kB
Progress (4): 222/560 kB | 85 kB | 66/590 kB | 25/25 kB
Progress (4): 222/560 kB | 85 kB | 69/590 kB | 25/25 kB
Progress (4): 222/560 kB | 85 kB | 71/590 kB | 25/25 kB
Progress (4): 222/560 kB | 85 kB | 74/590 kB | 25/25 kB
Progress (4): 222/560 kB | 85 kB | 77/590 kB | 25/25 kB
Progress (4): 222/560 kB | 85 kB | 80/590 kB | 25/25 kB
Progress (4): 222/560 kB | 85 kB | 80/590 kB | 25 kB   
                                                    
Downloaded from central: https://repo.maven.apache.org/maven2/org/codehaus/plexus/plexus-interpolation/1.25/plexus-interpolation-1.25.jar (85 kB at 239 kB/s)
Progress (4): 222/560 kB | 80/590 kB | 25 kB | 2.7/11 kB
Progress (4): 225/560 kB | 80/590 kB | 25 kB | 2.7/11 kB
Progress (4): 228/560 kB | 80/590 kB | 25 kB | 2.7/11 kB
Progress (4): 230/560 kB | 80/590 kB | 25 kB | 2.7/11 kB
Progress (4): 233/560 kB | 80/590 kB | 25 kB | 2.7/11 kB
Progress (4): 236/560 kB | 80/590 kB | 25 kB | 2.7/11 kB
Progress (4): 239/560 kB | 80/590 kB | 25 kB | 2.7/11 kB
Progress (4): 241/560 kB | 80/590 kB | 25 kB | 2.7/11 kB
Progress (4): 244/560 kB | 80/590 kB | 25 kB | 2.7/11 kB
Progress (4): 244/560 kB | 80/590 kB | 25 kB | 5.5/11 kB
Progress (4): 244/560 kB | 80/590 kB | 25 kB | 8.2/11 kB
Progress (4): 244/560 kB | 80/590 kB | 25 kB | 11 kB    
Progress (4): 244/560 kB | 82/590 kB | 25 kB | 11 kB
Progress (4): 244/560 kB | 85/590 kB | 25 kB | 11 kB
Progress (4): 244/560 kB | 88/590 kB | 25 kB | 11 kB
Progress (4): 244/560 kB | 90/590 kB | 25 kB | 11 kB
Progress (4): 247/560 kB | 90/590 kB | 25 kB | 11 kB
Progress (4): 250/560 kB | 90/590 kB | 25 kB | 11 kB
                                                    
Downloaded from central: https://repo.maven.apache.org/maven2/xpp3/xpp3_min/1.1.4c/xpp3_min-1.1.4c.jar (25 kB at 68 kB/s)
Progress (3): 252/560 kB | 90/590 kB | 11 kB
Progress (3): 255/560 kB | 90/590 kB | 11 kB
Progress (3): 258/560 kB | 90/590 kB | 11 kB
Progress (3): 260/560 kB | 90/590 kB | 11 kB
Progress (3): 263/560 kB | 90/590 kB | 11 kB
Progress (3): 266/560 kB | 90/590 kB | 11 kB
Progress (3): 266/560 kB | 93/590 kB | 11 kB
                                            
Downloaded from central: https://repo.maven.apache.org/maven2/org/apache/maven/shared/maven-mapping/3.0.0/maven-mapping-3.0.0.jar (11 kB at 28 kB/s)
Progress (2): 266/560 kB | 96/590 kB
Progress (2): 266/560 kB | 99/590 kB
Progress (2): 266/560 kB | 101/590 kB
Progress (2): 266/560 kB | 104/590 kB
Progress (2): 266/560 kB | 107/590 kB
Progress (2): 266/560 kB | 110/590 kB
Progress (2): 266/560 kB | 112/590 kB
Progress (2): 266/560 kB | 115/590 kB
Progress (2): 269/560 kB | 115/590 kB
Progress (2): 271/560 kB | 115/590 kB
Progress (2): 274/560 kB | 115/590 kB
Progress (2): 277/560 kB | 115/590 kB
Progress (2): 280/560 kB | 115/590 kB
Progress (2): 282/560 kB | 115/590 kB
Progress (2): 285/560 kB | 115/590 kB
Progress (2): 288/560 kB | 115/590 kB
Progress (2): 291/560 kB | 115/590 kB
Progress (2): 291/560 kB | 118/590 kB
Progress (2): 291/560 kB | 121/590 kB
Progress (2): 291/560 kB | 123/590 kB
Progress (2): 291/560 kB | 126/590 kB
Progress (2): 291/560 kB | 129/590 kB
Progress (2): 291/560 kB | 132/590 kB
Progress (2): 291/560 kB | 134/590 kB
Progress (2): 291/560 kB | 137/590 kB
Progress (2): 293/560 kB | 137/590 kB
Progress (2): 296/560 kB | 137/590 kB
Progress (2): 299/560 kB | 137/590 kB
Progress (2): 302/560 kB | 137/590 kB
Progress (2): 304/560 kB | 137/590 kB
Progress (2): 307/560 kB | 137/590 kB
Progress (2): 310/560 kB | 137/590 kB
Progress (2): 313/560 kB | 137/590 kB
Progress (2): 313/560 kB | 140/590 kB
Progress (2): 313/560 kB | 143/590 kB
Progress (2): 313/560 kB | 145/590 kB
Progress (2): 313/560 kB | 148/590 kB
Progress (2): 313/560 kB | 151/590 kB
Progress (2): 313/560 kB | 154/590 kB
Progress (2): 313/560 kB | 156/590 kB
Progress (2): 313/560 kB | 159/590 kB
Progress (2): 313/560 kB | 162/590 kB
Progress (2): 315/560 kB | 162/590 kB
Progress (2): 318/560 kB | 162/590 kB
Progress (2): 321/560 kB | 162/590 kB
Progress (2): 324/560 kB | 162/590 kB
Progress (2): 326/560 kB | 162/590 kB
Progress (2): 329/560 kB | 162/590 kB
Progress (2): 332/560 kB | 162/590 kB
Progress (2): 335/560 kB | 162/590 kB
Progress (2): 337/560 kB | 162/590 kB
Progress (2): 340/560 kB | 162/590 kB
Progress (2): 340/560 kB | 165/590 kB
Progress (2): 340/560 kB | 167/590 kB
Progress (2): 340/560 kB | 170/590 kB
Progress (2): 340/560 kB | 173/590 kB
Progress (2): 340/560 kB | 175/590 kB
Progress (2): 340/560 kB | 178/590 kB
Progress (2): 340/560 kB | 181/590 kB
Progress (2): 340/560 kB | 184/590 kB
Progress (2): 340/560 kB | 186/590 kB
Progress (2): 343/560 kB | 186/590 kB
Progress (2): 345/560 kB | 186/590 kB
Progress (2): 348/560 kB | 186/590 kB
Progress (2): 351/560 kB | 186/590 kB
Progress (2): 354/560 kB | 186/590 kB
Progress (2): 356/560 kB | 186/590 kB
Progress (2): 359/560 kB | 186/590 kB
Progress (2): 362/560 kB | 186/590 kB
Progress (2): 365/560 kB | 186/590 kB
Progress (2): 365/560 kB | 189/590 kB
Progress (2): 365/560 kB | 192/590 kB
Progress (2): 365/560 kB | 195/590 kB
Progress (2): 365/560 kB | 197/590 kB
Progress (2): 365/560 kB | 200/590 kB
Progress (2): 365/560 kB | 203/590 kB
Progress (2): 365/560 kB | 206/590 kB
Progress (2): 365/560 kB | 208/590 kB
Progress (2): 365/560 kB | 211/590 kB
Progress (2): 365/560 kB | 214/590 kB
Progress (2): 365/560 kB | 217/590 kB
Progress (2): 365/560 kB | 219/590 kB
Progress (2): 365/560 kB | 223/590 kB
Progress (2): 365/560 kB | 227/590 kB
Progress (2): 365/560 kB | 231/590 kB
Progress (2): 365/560 kB | 235/590 kB
Progress (2): 367/560 kB | 235/590 kB
Progress (2): 370/560 kB | 235/590 kB
Progress (2): 373/560 kB | 235/590 kB
Progress (2): 376/560 kB | 235/590 kB
Progress (2): 378/560 kB | 235/590 kB
Progress (2): 381/560 kB | 235/590 kB
Progress (2): 384/560 kB | 235/590 kB
Progress (2): 387/560 kB | 235/590 kB
Progress (2): 389/560 kB | 235/590 kB
Progress (2): 392/560 kB | 235/590 kB
Progress (2): 395/560 kB | 235/590 kB
Progress (2): 398/560 kB | 235/590 kB
Progress (2): 400/560 kB | 235/590 kB
Progress (2): 403/560 kB | 235/590 kB
Progress (2): 403/560 kB | 239/590 kB
Progress (2): 403/560 kB | 243/590 kB
Progress (2): 403/560 kB | 247/590 kB
Progress (2): 403/560 kB | 252/590 kB
Progress (2): 403/560 kB | 256/590 kB
Progress (2): 403/560 kB | 260/590 kB
Progress (2): 403/560 kB | 264/590 kB
Progress (2): 403/560 kB | 268/590 kB
Progress (2): 403/560 kB | 272/590 kB
Progress (2): 406/560 kB | 272/590 kB
Progress (2): 409/560 kB | 272/590 kB
Progress (2): 411/560 kB | 272/590 kB
Progress (2): 414/560 kB | 272/590 kB
Progress (2): 417/560 kB | 272/590 kB
Progress (2): 420/560 kB | 272/590 kB
Progress (2): 422/560 kB | 272/590 kB
Progress (2): 425/560 kB | 272/590 kB
Progress (2): 428/560 kB | 272/590 kB
Progress (2): 430/560 kB | 272/590 kB
Progress (2): 430/560 kB | 276/590 kB
Progress (2): 430/560 kB | 280/590 kB
Progress (2): 430/560 kB | 284/590 kB
Progress (2): 430/560 kB | 288/590 kB
Progress (2): 430/560 kB | 292/590 kB
Progress (2): 430/560 kB | 297/590 kB
Progress (2): 430/560 kB | 301/590 kB
Progress (2): 430/560 kB | 305/590 kB
Progress (2): 430/560 kB | 309/590 kB
Progress (2): 433/560 kB | 309/590 kB
Progress (2): 436/560 kB | 309/590 kB
Progress (2): 439/560 kB | 309/590 kB
Progress (2): 441/560 kB | 309/590 kB
Progress (2): 444/560 kB | 309/590 kB
Progress (2): 447/560 kB | 309/590 kB
Progress (2): 450/560 kB | 309/590 kB
Progress (2): 452/560 kB | 309/590 kB
Progress (2): 455/560 kB | 309/590 kB
Progress (2): 455/560 kB | 313/590 kB
Progress (2): 455/560 kB | 317/590 kB
Progress (2): 455/560 kB | 321/590 kB
Progress (2): 455/560 kB | 325/590 kB
Progress (2): 455/560 kB | 329/590 kB
Progress (2): 455/560 kB | 333/590 kB
Progress (2): 455/560 kB | 338/590 kB
Progress (2): 458/560 kB | 338/590 kB
Progress (2): 461/560 kB | 338/590 kB
Progress (2): 463/560 kB | 338/590 kB
Progress (2): 466/560 kB | 338/590 kB
Progress (2): 469/560 kB | 338/590 kB
Progress (2): 472/560 kB | 338/590 kB
Progress (2): 474/560 kB | 338/590 kB
Progress (2): 478/560 kB | 338/590 kB
Progress (2): 478/560 kB | 342/590 kB
Progress (2): 478/560 kB | 346/590 kB
Progress (2): 478/560 kB | 350/590 kB
Progress (2): 478/560 kB | 354/590 kB
Progress (2): 478/560 kB | 358/590 kB
Progress (2): 478/560 kB | 362/590 kB
Progress (2): 478/560 kB | 366/590 kB
Progress (2): 478/560 kB | 370/590 kB
Progress (2): 478/560 kB | 374/590 kB
Progress (2): 483/560 kB | 374/590 kB
Progress (2): 487/560 kB | 374/590 kB
Progress (2): 491/560 kB | 374/590 kB
Progress (2): 495/560 kB | 374/590 kB
Progress (2): 499/560 kB | 374/590 kB
Progress (2): 503/560 kB | 374/590 kB
Progress (2): 507/560 kB | 374/590 kB
Progress (2): 511/560 kB | 374/590 kB
Progress (2): 515/560 kB | 374/590 kB
Progress (2): 519/560 kB | 374/590 kB
Progress (2): 524/560 kB | 374/590 kB
Progress (2): 528/560 kB | 374/590 kB
Progress (2): 532/560 kB | 374/590 kB
Progress (2): 536/560 kB | 374/590 kB
Progress (2): 536/560 kB | 379/590 kB
Progress (2): 536/560 kB | 383/590 kB
Progress (2): 536/560 kB | 387/590 kB
Progress (2): 536/560 kB | 391/590 kB
Progress (2): 536/560 kB | 395/590 kB
Progress (2): 536/560 kB | 399/590 kB
Progress (2): 536/560 kB | 403/590 kB
Progress (2): 536/560 kB | 407/590 kB
Progress (2): 536/560 kB | 411/590 kB
Progress (2): 536/560 kB | 415/590 kB
Progress (2): 536/560 kB | 419/590 kB
Progress (2): 540/560 kB | 419/590 kB
Progress (2): 544/560 kB | 419/590 kB
Progress (2): 548/560 kB | 419/590 kB
Progress (2): 552/560 kB | 419/590 kB
Progress (2): 556/560 kB | 419/590 kB
Progress (2): 560 kB | 419/590 kB    
Progress (2): 560 kB | 424/590 kB
Progress (2): 560 kB | 428/590 kB
Progress (2): 560 kB | 432/590 kB
Progress (2): 560 kB | 436/590 kB
Progress (2): 560 kB | 438/590 kB
Progress (2): 560 kB | 442/590 kB
Progress (2): 560 kB | 446/590 kB
Progress (2): 560 kB | 450/590 kB
Progress (2): 560 kB | 454/590 kB
Progress (2): 560 kB | 459/590 kB
Progress (2): 560 kB | 463/590 kB
Progress (2): 560 kB | 467/590 kB
Progress (2): 560 kB | 471/590 kB
Progress (2): 560 kB | 475/590 kB
Progress (2): 560 kB | 479/590 kB
Progress (2): 560 kB | 483/590 kB
Progress (2): 560 kB | 487/590 kB
Progress (2): 560 kB | 491/590 kB
Progress (2): 560 kB | 495/590 kB
Progress (2): 560 kB | 499/590 kB
Progress (2): 560 kB | 504/590 kB
                                 
Downloaded from central: https://repo.maven.apache.org/maven2/org/apache/commons/commons-compress/1.16.1/commons-compress-1.16.1.jar (560 kB at 1.1 MB/s)
Progress (1): 508/590 kB
Progress (1): 512/590 kB
Progress (1): 516/590 kB
Progress (1): 520/590 kB
Progress (1): 524/590 kB
Progress (1): 528/590 kB
Progress (1): 532/590 kB
Progress (1): 536/590 kB
Progress (1): 540/590 kB
Progress (1): 545/590 kB
Progress (1): 549/590 kB
Progress (1): 553/590 kB
Progress (1): 557/590 kB
Progress (1): 561/590 kB
Progress (1): 565/590 kB
Progress (1): 569/590 kB
Progress (1): 573/590 kB
Progress (1): 577/590 kB
Progress (1): 581/590 kB
Progress (1): 585/590 kB
Progress (1): 590/590 kB
Progress (1): 590 kB    
                    
Downloaded from central: https://repo.maven.apache.org/maven2/com/thoughtworks/xstream/xstream/1.4.10/xstream-1.4.10.jar (590 kB at 1.1 MB/s)
[INFO] Packaging webapp
[INFO] Assembling webapp [auth-course] in [/var/jenkins_home/workspace/project-eCommerce/starter_code/target/auth-course-0.0.1-SNAPSHOT]
[INFO] Processing war project
[INFO] Webapp assembled in [488 msecs]
[INFO] Building war: /var/jenkins_home/workspace/project-eCommerce/starter_code/target/auth-course-0.0.1-SNAPSHOT.war
[INFO] 
[INFO] --- spring-boot-maven-plugin:2.1.5.RELEASE:repackage (repackage) @ auth-course ---
Downloading from central: https://repo.maven.apache.org/maven2/org/springframework/boot/spring-boot-loader-tools/2.1.5.RELEASE/spring-boot-loader-tools-2.1.5.RELEASE.pom
Progress (1): 2.7 kB
                    
Downloaded from central: https://repo.maven.apache.org/maven2/org/springframework/boot/spring-boot-loader-tools/2.1.5.RELEASE/spring-boot-loader-tools-2.1.5.RELEASE.pom (2.7 kB at 70 kB/s)
Downloading from central: https://repo.maven.apache.org/maven2/org/apache/commons/commons-compress/1.18/commons-compress-1.18.pom
Progress (1): 4.1/18 kB
Progress (1): 8.2/18 kB
Progress (1): 12/18 kB 
Progress (1): 16/18 kB
Progress (1): 18 kB   
                   
Downloaded from central: https://repo.maven.apache.org/maven2/org/apache/commons/commons-compress/1.18/commons-compress-1.18.pom (18 kB at 536 kB/s)
Downloading from central: https://repo.maven.apache.org/maven2/org/apache/commons/commons-parent/47/commons-parent-47.pom
Progress (1): 4.1/78 kB
Progress (1): 8.2/78 kB
Progress (1): 12/78 kB 
Progress (1): 16/78 kB
Progress (1): 20/78 kB
Progress (1): 25/78 kB
Progress (1): 29/78 kB
Progress (1): 33/78 kB
Progress (1): 37/78 kB
Progress (1): 41/78 kB
Progress (1): 45/78 kB
Progress (1): 49/78 kB
Progress (1): 53/78 kB
Progress (1): 57/78 kB
Progress (1): 61/78 kB
Progress (1): 66/78 kB
Progress (1): 70/78 kB
Progress (1): 74/78 kB
Progress (1): 78 kB   
                   
Downloaded from central: https://repo.maven.apache.org/maven2/org/apache/commons/commons-parent/47/commons-parent-47.pom (78 kB at 1.4 MB/s)
Downloading from central: https://repo.maven.apache.org/maven2/org/codehaus/plexus/plexus-component-annotations/1.5.5/plexus-component-annotations-1.5.5.pom
Progress (1): 815 B
                   
Downloaded from central: https://repo.maven.apache.org/maven2/org/codehaus/plexus/plexus-component-annotations/1.5.5/plexus-component-annotations-1.5.5.pom (815 B at 29 kB/s)
Downloading from central: https://repo.maven.apache.org/maven2/org/codehaus/plexus/plexus-containers/1.5.5/plexus-containers-1.5.5.pom
Progress (1): 4.1/4.2 kB
Progress (1): 4.2 kB    
                    
Downloaded from central: https://repo.maven.apache.org/maven2/org/codehaus/plexus/plexus-containers/1.5.5/plexus-containers-1.5.5.pom (4.2 kB at 132 kB/s)
Downloading from central: https://repo.maven.apache.org/maven2/org/codehaus/plexus/plexus-component-annotations/1.5.4/plexus-component-annotations-1.5.4.pom
Progress (1): 815 B
                   
Downloaded from central: https://repo.maven.apache.org/maven2/org/codehaus/plexus/plexus-component-annotations/1.5.4/plexus-component-annotations-1.5.4.pom (815 B at 25 kB/s)
Downloading from central: https://repo.maven.apache.org/maven2/org/codehaus/plexus/plexus-containers/1.5.4/plexus-containers-1.5.4.pom
Progress (1): 4.1/4.2 kB
Progress (1): 4.2 kB    
                    
Downloaded from central: https://repo.maven.apache.org/maven2/org/codehaus/plexus/plexus-containers/1.5.4/plexus-containers-1.5.4.pom (4.2 kB at 151 kB/s)
Downloading from central: https://repo.maven.apache.org/maven2/org/codehaus/plexus/plexus/2.0.5/plexus-2.0.5.pom
Progress (1): 4.1/17 kB
Progress (1): 8.2/17 kB
Progress (1): 12/17 kB 
Progress (1): 16/17 kB
Progress (1): 17 kB   
                   
Downloaded from central: https://repo.maven.apache.org/maven2/org/codehaus/plexus/plexus/2.0.5/plexus-2.0.5.pom (17 kB at 578 kB/s)
Downloading from central: https://repo.maven.apache.org/maven2/org/apache/maven/maven-artifact/3.3.9/maven-artifact-3.3.9.pom
Progress (1): 2.1 kB
                    
Downloaded from central: https://repo.maven.apache.org/maven2/org/apache/maven/maven-artifact/3.3.9/maven-artifact-3.3.9.pom (2.1 kB at 69 kB/s)
Downloading from central: https://repo.maven.apache.org/maven2/org/apache/maven/maven/3.3.9/maven-3.3.9.pom
Progress (1): 4.1/24 kB
Progress (1): 8.2/24 kB
Progress (1): 12/24 kB 
Progress (1): 16/24 kB
Progress (1): 20/24 kB
Progress (1): 24 kB   
                   
Downloaded from central: https://repo.maven.apache.org/maven2/org/apache/maven/maven/3.3.9/maven-3.3.9.pom (24 kB at 725 kB/s)
Downloading from central: https://repo.maven.apache.org/maven2/org/apache/commons/commons-lang3/3.8.1/commons-lang3-3.8.1.pom
Progress (1): 4.1/28 kB
Progress (1): 8.2/28 kB
Progress (1): 12/28 kB 
Progress (1): 16/28 kB
Progress (1): 20/28 kB
Progress (1): 25/28 kB
Progress (1): 28 kB   
                   
Downloaded from central: https://repo.maven.apache.org/maven2/org/apache/commons/commons-lang3/3.8.1/commons-lang3-3.8.1.pom (28 kB at 715 kB/s)
Downloading from central: https://repo.maven.apache.org/maven2/org/apache/maven/maven-core/3.3.9/maven-core-3.3.9.pom
Progress (1): 4.1/8.3 kB
Progress (1): 8.2/8.3 kB
Progress (1): 8.3 kB    
                    
Downloaded from central: https://repo.maven.apache.org/maven2/org/apache/maven/maven-core/3.3.9/maven-core-3.3.9.pom (8.3 kB at 286 kB/s)
Downloading from central: https://repo.maven.apache.org/maven2/org/apache/maven/maven-model/3.3.9/maven-model-3.3.9.pom
Progress (1): 4.0 kB
                    
Downloaded from central: https://repo.maven.apache.org/maven2/org/apache/maven/maven-model/3.3.9/maven-model-3.3.9.pom (4.0 kB at 122 kB/s)
Downloading from central: https://repo.maven.apache.org/maven2/org/apache/maven/maven-settings/3.3.9/maven-settings-3.3.9.pom
Progress (1): 1.8 kB
                    
Downloaded from central: https://repo.maven.apache.org/maven2/org/apache/maven/maven-settings/3.3.9/maven-settings-3.3.9.pom (1.8 kB at 59 kB/s)
Downloading from central: https://repo.maven.apache.org/maven2/org/apache/maven/maven-settings-builder/3.3.9/maven-settings-builder-3.3.9.pom
Progress (1): 2.6 kB
                    
Downloaded from central: https://repo.maven.apache.org/maven2/org/apache/maven/maven-settings-builder/3.3.9/maven-settings-builder-3.3.9.pom (2.6 kB at 94 kB/s)
Downloading from central: https://repo.maven.apache.org/maven2/org/apache/maven/maven-builder-support/3.3.9/maven-builder-support-3.3.9.pom
Progress (1): 1.7 kB
                    
Downloaded from central: https://repo.maven.apache.org/maven2/org/apache/maven/maven-builder-support/3.3.9/maven-builder-support-3.3.9.pom (1.7 kB at 53 kB/s)
Downloading from central: https://repo.maven.apache.org/maven2/org/codehaus/plexus/plexus-component-annotations/1.6/plexus-component-annotations-1.6.pom
Progress (1): 748 B
                   
Downloaded from central: https://repo.maven.apache.org/maven2/org/codehaus/plexus/plexus-component-annotations/1.6/plexus-component-annotations-1.6.pom (748 B at 20 kB/s)
Downloading from central: https://repo.maven.apache.org/maven2/org/codehaus/plexus/plexus-containers/1.6/plexus-containers-1.6.pom
Progress (1): 3.8 kB
                    
Downloaded from central: https://repo.maven.apache.org/maven2/org/codehaus/plexus/plexus-containers/1.6/plexus-containers-1.6.pom (3.8 kB at 108 kB/s)
Downloading from central: https://repo.maven.apache.org/maven2/org/codehaus/plexus/plexus/3.3.2/plexus-3.3.2.pom
Progress (1): 4.1/22 kB
Progress (1): 8.2/22 kB
Progress (1): 12/22 kB 
Progress (1): 16/22 kB
Progress (1): 20/22 kB
Progress (1): 22 kB   
                   
Downloaded from central: https://repo.maven.apache.org/maven2/org/codehaus/plexus/plexus/3.3.2/plexus-3.3.2.pom (22 kB at 652 kB/s)
Downloading from central: https://repo.maven.apache.org/maven2/org/apache/maven/maven-repository-metadata/3.3.9/maven-repository-metadata-3.3.9.pom
Progress (1): 1.9 kB
                    
Downloaded from central: https://repo.maven.apache.org/maven2/org/apache/maven/maven-repository-metadata/3.3.9/maven-repository-metadata-3.3.9.pom (1.9 kB at 33 kB/s)
Downloading from central: https://repo.maven.apache.org/maven2/org/apache/maven/maven-plugin-api/3.3.9/maven-plugin-api-3.3.9.pom
Progress (1): 2.7 kB
                    
Downloaded from central: https://repo.maven.apache.org/maven2/org/apache/maven/maven-plugin-api/3.3.9/maven-plugin-api-3.3.9.pom (2.7 kB at 67 kB/s)
Downloading from central: https://repo.maven.apache.org/maven2/org/eclipse/sisu/org.eclipse.sisu.plexus/0.3.2/org.eclipse.sisu.plexus-0.3.2.pom
Progress (1): 4.1/4.2 kB
Progress (1): 4.2 kB    
                    
Downloaded from central: https://repo.maven.apache.org/maven2/org/eclipse/sisu/org.eclipse.sisu.plexus/0.3.2/org.eclipse.sisu.plexus-0.3.2.pom (4.2 kB at 119 kB/s)
Downloading from central: https://repo.maven.apache.org/maven2/org/eclipse/sisu/sisu-plexus/0.3.2/sisu-plexus-0.3.2.pom
Progress (1): 4.1/14 kB
Progress (1): 8.2/14 kB
Progress (1): 12/14 kB 
Progress (1): 14 kB   
                   
Downloaded from central: https://repo.maven.apache.org/maven2/org/eclipse/sisu/sisu-plexus/0.3.2/sisu-plexus-0.3.2.pom (14 kB at 404 kB/s)
Downloading from central: https://repo.maven.apache.org/maven2/javax/enterprise/cdi-api/1.0/cdi-api-1.0.pom
Progress (1): 1.4 kB
                    
Downloaded from central: https://repo.maven.apache.org/maven2/javax/enterprise/cdi-api/1.0/cdi-api-1.0.pom (1.4 kB at 49 kB/s)
Downloading from central: https://repo.maven.apache.org/maven2/org/jboss/weld/weld-api-parent/1.0/weld-api-parent-1.0.pom
Progress (1): 2.4 kB
                    
Downloaded from central: https://repo.maven.apache.org/maven2/org/jboss/weld/weld-api-parent/1.0/weld-api-parent-1.0.pom (2.4 kB at 74 kB/s)
Downloading from central: https://repo.maven.apache.org/maven2/org/jboss/weld/weld-api-bom/1.0/weld-api-bom-1.0.pom
Progress (1): 4.1/7.9 kB
Progress (1): 7.9 kB    
                    
Downloaded from central: https://repo.maven.apache.org/maven2/org/jboss/weld/weld-api-bom/1.0/weld-api-bom-1.0.pom (7.9 kB at 240 kB/s)
Downloading from central: https://repo.maven.apache.org/maven2/org/jboss/weld/weld-parent/6/weld-parent-6.pom
Progress (1): 4.1/21 kB
Progress (1): 8.2/21 kB
Progress (1): 12/21 kB 
Progress (1): 16/21 kB
Progress (1): 20/21 kB
Progress (1): 21 kB   
                   
Downloaded from central: https://repo.maven.apache.org/maven2/org/jboss/weld/weld-parent/6/weld-parent-6.pom (21 kB at 481 kB/s)
Downloading from central: https://repo.maven.apache.org/maven2/javax/annotation/jsr250-api/1.0/jsr250-api-1.0.pom
Progress (1): 1.0 kB
                    
Downloaded from central: https://repo.maven.apache.org/maven2/javax/annotation/jsr250-api/1.0/jsr250-api-1.0.pom (1.0 kB at 26 kB/s)
Downloading from central: https://repo.maven.apache.org/maven2/javax/inject/javax.inject/1/javax.inject-1.pom
Progress (1): 612 B
                   
Downloaded from central: https://repo.maven.apache.org/maven2/javax/inject/javax.inject/1/javax.inject-1.pom (612 B at 19 kB/s)
Downloading from central: https://repo.maven.apache.org/maven2/org/eclipse/sisu/org.eclipse.sisu.inject/0.3.2/org.eclipse.sisu.inject-0.3.2.pom
Progress (1): 2.6 kB
                    
Downloaded from central: https://repo.maven.apache.org/maven2/org/eclipse/sisu/org.eclipse.sisu.inject/0.3.2/org.eclipse.sisu.inject-0.3.2.pom (2.6 kB at 85 kB/s)
Downloading from central: https://repo.maven.apache.org/maven2/org/eclipse/sisu/sisu-inject/0.3.2/sisu-inject-0.3.2.pom
Progress (1): 4.1/14 kB
Progress (1): 8.2/14 kB
Progress (1): 12/14 kB 
Progress (1): 14 kB   
                   
Downloaded from central: https://repo.maven.apache.org/maven2/org/eclipse/sisu/sisu-inject/0.3.2/sisu-inject-0.3.2.pom (14 kB at 497 kB/s)
Downloading from central: https://repo.maven.apache.org/maven2/org/codehaus/plexus/plexus-classworlds/2.5.2/plexus-classworlds-2.5.2.pom
Progress (1): 4.1/7.3 kB
Progress (1): 7.3 kB    
                    
Downloaded from central: https://repo.maven.apache.org/maven2/org/codehaus/plexus/plexus-classworlds/2.5.2/plexus-classworlds-2.5.2.pom (7.3 kB at 149 kB/s)
Downloading from central: https://repo.maven.apache.org/maven2/org/codehaus/plexus/plexus-utils/3.0.17/plexus-utils-3.0.17.pom
Progress (1): 3.4 kB
                    
Downloaded from central: https://repo.maven.apache.org/maven2/org/codehaus/plexus/plexus-utils/3.0.17/plexus-utils-3.0.17.pom (3.4 kB at 121 kB/s)
Downloading from central: https://repo.maven.apache.org/maven2/org/apache/maven/maven-model-builder/3.3.9/maven-model-builder-3.3.9.pom
Progress (1): 3.1 kB
                    
Downloaded from central: https://repo.maven.apache.org/maven2/org/apache/maven/maven-model-builder/3.3.9/maven-model-builder-3.3.9.pom (3.1 kB at 101 kB/s)
Downloading from central: https://repo.maven.apache.org/maven2/com/google/guava/guava/18.0/guava-18.0.pom
Progress (1): 4.1/5.7 kB
Progress (1): 5.7 kB    
                    
Downloaded from central: https://repo.maven.apache.org/maven2/com/google/guava/guava/18.0/guava-18.0.pom (5.7 kB at 195 kB/s)
Downloading from central: https://repo.maven.apache.org/maven2/com/google/guava/guava-parent/18.0/guava-parent-18.0.pom
Progress (1): 4.1/7.7 kB
Progress (1): 7.7 kB    
                    
Downloaded from central: https://repo.maven.apache.org/maven2/com/google/guava/guava-parent/18.0/guava-parent-18.0.pom (7.7 kB at 226 kB/s)
Downloading from central: https://repo.maven.apache.org/maven2/org/apache/maven/maven-aether-provider/3.3.9/maven-aether-provider-3.3.9.pom
Progress (1): 4.0 kB
                    
Downloaded from central: https://repo.maven.apache.org/maven2/org/apache/maven/maven-aether-provider/3.3.9/maven-aether-provider-3.3.9.pom (4.0 kB at 106 kB/s)
Downloading from central: https://repo.maven.apache.org/maven2/org/eclipse/aether/aether-api/1.0.2.v20150114/aether-api-1.0.2.v20150114.pom
Progress (1): 1.8 kB
                    
Downloaded from central: https://repo.maven.apache.org/maven2/org/eclipse/aether/aether-api/1.0.2.v20150114/aether-api-1.0.2.v20150114.pom (1.8 kB at 52 kB/s)
Downloading from central: https://repo.maven.apache.org/maven2/org/eclipse/aether/aether/1.0.2.v20150114/aether-1.0.2.v20150114.pom
Progress (1): 4.1/29 kB
Progress (1): 8.2/29 kB
Progress (1): 12/29 kB 
Progress (1): 16/29 kB
Progress (1): 20/29 kB
Progress (1): 25/29 kB
Progress (1): 29/29 kB
Progress (1): 29 kB   
                   
Downloaded from central: https://repo.maven.apache.org/maven2/org/eclipse/aether/aether/1.0.2.v20150114/aether-1.0.2.v20150114.pom (29 kB at 947 kB/s)
Downloading from central: https://repo.maven.apache.org/maven2/org/eclipse/aether/aether-spi/1.0.2.v20150114/aether-spi-1.0.2.v20150114.pom
Progress (1): 2.0 kB
                    
Downloaded from central: https://repo.maven.apache.org/maven2/org/eclipse/aether/aether-spi/1.0.2.v20150114/aether-spi-1.0.2.v20150114.pom (2.0 kB at 60 kB/s)
Downloading from central: https://repo.maven.apache.org/maven2/org/eclipse/aether/aether-util/1.0.2.v20150114/aether-util-1.0.2.v20150114.pom
Progress (1): 2.1 kB
                    
Downloaded from central: https://repo.maven.apache.org/maven2/org/eclipse/aether/aether-util/1.0.2.v20150114/aether-util-1.0.2.v20150114.pom (2.1 kB at 66 kB/s)
Downloading from central: https://repo.maven.apache.org/maven2/org/eclipse/aether/aether-impl/1.0.2.v20150114/aether-impl-1.0.2.v20150114.pom
Progress (1): 3.4 kB
                    
Downloaded from central: https://repo.maven.apache.org/maven2/org/eclipse/aether/aether-impl/1.0.2.v20150114/aether-impl-1.0.2.v20150114.pom (3.4 kB at 116 kB/s)
Downloading from central: https://repo.maven.apache.org/maven2/com/google/inject/guice/4.0/guice-4.0.pom
Progress (1): 4.1/11 kB
Progress (1): 8.2/11 kB
Progress (1): 11 kB    
                   
Downloaded from central: https://repo.maven.apache.org/maven2/com/google/inject/guice/4.0/guice-4.0.pom (11 kB at 367 kB/s)
Downloading from central: https://repo.maven.apache.org/maven2/com/google/inject/guice-parent/4.0/guice-parent-4.0.pom
Progress (1): 4.1/15 kB
Progress (1): 8.2/15 kB
Progress (1): 12/15 kB 
Progress (1): 15 kB   
                   
Downloaded from central: https://repo.maven.apache.org/maven2/com/google/inject/guice-parent/4.0/guice-parent-4.0.pom (15 kB at 469 kB/s)
Downloading from central: https://repo.maven.apache.org/maven2/com/google/google/5/google-5.pom
Progress (1): 2.5 kB
                    
Downloaded from central: https://repo.maven.apache.org/maven2/com/google/google/5/google-5.pom (2.5 kB at 88 kB/s)
Downloading from central: https://repo.maven.apache.org/maven2/aopalliance/aopalliance/1.0/aopalliance-1.0.pom
Progress (1): 363 B
                   
Downloaded from central: https://repo.maven.apache.org/maven2/aopalliance/aopalliance/1.0/aopalliance-1.0.pom (363 B at 11 kB/s)
Downloading from central: https://repo.maven.apache.org/maven2/com/google/guava/guava/16.0.1/guava-16.0.1.pom
Progress (1): 4.1/6.1 kB
Progress (1): 6.1 kB    
                    
Downloaded from central: https://repo.maven.apache.org/maven2/com/google/guava/guava/16.0.1/guava-16.0.1.pom (6.1 kB at 185 kB/s)
Downloading from central: https://repo.maven.apache.org/maven2/com/google/guava/guava-parent/16.0.1/guava-parent-16.0.1.pom
Progress (1): 4.1/7.3 kB
Progress (1): 7.3 kB    
                    
Downloaded from central: https://repo.maven.apache.org/maven2/com/google/guava/guava-parent/16.0.1/guava-parent-16.0.1.pom (7.3 kB at 188 kB/s)
Downloading from central: https://repo.maven.apache.org/maven2/org/apache/maven/shared/maven-common-artifact-filters/3.0.1/maven-common-artifact-filters-3.0.1.pom
Progress (1): 4.1/4.8 kB
Progress (1): 4.8 kB    
                    
Downloaded from central: https://repo.maven.apache.org/maven2/org/apache/maven/shared/maven-common-artifact-filters/3.0.1/maven-common-artifact-filters-3.0.1.pom (4.8 kB at 134 kB/s)
Downloading from central: https://repo.maven.apache.org/maven2/org/apache/maven/shared/maven-shared-utils/3.1.0/maven-shared-utils-3.1.0.pom
Progress (1): 4.1/5.0 kB
Progress (1): 5.0 kB    
                    
Downloaded from central: https://repo.maven.apache.org/maven2/org/apache/maven/shared/maven-shared-utils/3.1.0/maven-shared-utils-3.1.0.pom (5.0 kB at 184 kB/s)
Downloading from central: https://repo.maven.apache.org/maven2/org/apache/maven/plugins/maven-shade-plugin/3.2.1/maven-shade-plugin-3.2.1.pom
Progress (1): 4.1/9.3 kB
Progress (1): 8.2/9.3 kB
Progress (1): 9.3 kB    
                    
Downloaded from central: https://repo.maven.apache.org/maven2/org/apache/maven/plugins/maven-shade-plugin/3.2.1/maven-shade-plugin-3.2.1.pom (9.3 kB at 274 kB/s)
Downloading from central: https://repo.maven.apache.org/maven2/org/apache/maven/shared/maven-artifact-transfer/0.10.0/maven-artifact-transfer-0.10.0.pom
Progress (1): 4.1/12 kB
Progress (1): 8.2/12 kB
Progress (1): 12 kB    
                   
Downloaded from central: https://repo.maven.apache.org/maven2/org/apache/maven/shared/maven-artifact-transfer/0.10.0/maven-artifact-transfer-0.10.0.pom (12 kB at 399 kB/s)
Downloading from central: https://repo.maven.apache.org/maven2/org/apache/maven/shared/maven-shared-components/31/maven-shared-components-31.pom
Progress (1): 4.1/5.1 kB
Progress (1): 5.1 kB    
                    
Downloaded from central: https://repo.maven.apache.org/maven2/org/apache/maven/shared/maven-shared-components/31/maven-shared-components-31.pom (5.1 kB at 170 kB/s)
Downloading from central: https://repo.maven.apache.org/maven2/org/ow2/asm/asm/7.0/asm-7.0.pom
Progress (1): 2.9 kB
                    
Downloaded from central: https://repo.maven.apache.org/maven2/org/ow2/asm/asm/7.0/asm-7.0.pom (2.9 kB at 84 kB/s)
Downloading from central: https://repo.maven.apache.org/maven2/org/ow2/asm/asm-commons/7.0/asm-commons-7.0.pom
Progress (1): 3.7 kB
                    
Downloaded from central: https://repo.maven.apache.org/maven2/org/ow2/asm/asm-commons/7.0/asm-commons-7.0.pom (3.7 kB at 126 kB/s)
Downloading from central: https://repo.maven.apache.org/maven2/org/ow2/asm/asm-tree/7.0/asm-tree-7.0.pom
Progress (1): 3.1 kB
                    
Downloaded from central: https://repo.maven.apache.org/maven2/org/ow2/asm/asm-tree/7.0/asm-tree-7.0.pom (3.1 kB at 95 kB/s)
Downloading from central: https://repo.maven.apache.org/maven2/org/ow2/asm/asm-analysis/7.0/asm-analysis-7.0.pom
Progress (1): 3.2 kB
                    
Downloaded from central: https://repo.maven.apache.org/maven2/org/ow2/asm/asm-analysis/7.0/asm-analysis-7.0.pom (3.2 kB at 113 kB/s)
Downloading from central: https://repo.maven.apache.org/maven2/org/jdom/jdom2/2.0.6/jdom2-2.0.6.pom
Progress (1): 4.1/4.6 kB
Progress (1): 4.6 kB    
                    
Downloaded from central: https://repo.maven.apache.org/maven2/org/jdom/jdom2/2.0.6/jdom2-2.0.6.pom (4.6 kB at 144 kB/s)
Downloading from central: https://repo.maven.apache.org/maven2/org/apache/maven/shared/maven-dependency-tree/3.0.1/maven-dependency-tree-3.0.1.pom
Progress (1): 4.1/7.5 kB
Progress (1): 7.5 kB    
                    
Downloaded from central: https://repo.maven.apache.org/maven2/org/apache/maven/shared/maven-dependency-tree/3.0.1/maven-dependency-tree-3.0.1.pom (7.5 kB at 234 kB/s)
Downloading from central: https://repo.maven.apache.org/maven2/org/eclipse/aether/aether-util/0.9.0.M2/aether-util-0.9.0.M2.pom
Progress (1): 2.0 kB
                    
Downloaded from central: https://repo.maven.apache.org/maven2/org/eclipse/aether/aether-util/0.9.0.M2/aether-util-0.9.0.M2.pom (2.0 kB at 58 kB/s)
Downloading from central: https://repo.maven.apache.org/maven2/org/eclipse/aether/aether/0.9.0.M2/aether-0.9.0.M2.pom
Progress (1): 4.1/28 kB
Progress (1): 8.2/28 kB
Progress (1): 12/28 kB 
Progress (1): 16/28 kB
Progress (1): 20/28 kB
Progress (1): 25/28 kB
Progress (1): 28 kB   
                   
Downloaded from central: https://repo.maven.apache.org/maven2/org/eclipse/aether/aether/0.9.0.M2/aether-0.9.0.M2.pom (28 kB at 774 kB/s)
Downloading from central: https://repo.maven.apache.org/maven2/org/vafer/jdependency/2.1.1/jdependency-2.1.1.pom
Progress (1): 4.1/11 kB
Progress (1): 8.2/11 kB
Progress (1): 11 kB    
                   
Downloaded from central: https://repo.maven.apache.org/maven2/org/vafer/jdependency/2.1.1/jdependency-2.1.1.pom (11 kB at 363 kB/s)
Downloading from central: https://repo.maven.apache.org/maven2/org/ow2/asm/asm/7.0-beta/asm-7.0-beta.pom
Progress (1): 2.9 kB
                    
Downloaded from central: https://repo.maven.apache.org/maven2/org/ow2/asm/asm/7.0-beta/asm-7.0-beta.pom (2.9 kB at 70 kB/s)
Downloading from central: https://repo.maven.apache.org/maven2/org/ow2/asm/asm-analysis/7.0-beta/asm-analysis-7.0-beta.pom
Progress (1): 3.2 kB
                    
Downloaded from central: https://repo.maven.apache.org/maven2/org/ow2/asm/asm-analysis/7.0-beta/asm-analysis-7.0-beta.pom (3.2 kB at 88 kB/s)
Downloading from central: https://repo.maven.apache.org/maven2/org/ow2/asm/asm-tree/7.0-beta/asm-tree-7.0-beta.pom
Progress (1): 3.1 kB
                    
Downloaded from central: https://repo.maven.apache.org/maven2/org/ow2/asm/asm-tree/7.0-beta/asm-tree-7.0-beta.pom (3.1 kB at 92 kB/s)
Downloading from central: https://repo.maven.apache.org/maven2/org/ow2/asm/asm-commons/7.0-beta/asm-commons-7.0-beta.pom
Progress (1): 3.7 kB
                    
Downloaded from central: https://repo.maven.apache.org/maven2/org/ow2/asm/asm-commons/7.0-beta/asm-commons-7.0-beta.pom (3.7 kB at 109 kB/s)
Downloading from central: https://repo.maven.apache.org/maven2/org/ow2/asm/asm-util/7.0-beta/asm-util-7.0-beta.pom
Progress (1): 3.7 kB
                    
Downloaded from central: https://repo.maven.apache.org/maven2/org/ow2/asm/asm-util/7.0-beta/asm-util-7.0-beta.pom (3.7 kB at 136 kB/s)
Downloading from central: https://repo.maven.apache.org/maven2/com/google/guava/guava/19.0/guava-19.0.pom
Progress (1): 4.1/6.8 kB
Progress (1): 6.8 kB    
                    
Downloaded from central: https://repo.maven.apache.org/maven2/com/google/guava/guava/19.0/guava-19.0.pom (6.8 kB at 226 kB/s)
Downloading from central: https://repo.maven.apache.org/maven2/com/google/guava/guava-parent/19.0/guava-parent-19.0.pom
Progress (1): 4.1/9.9 kB
Progress (1): 8.2/9.9 kB
Progress (1): 9.9 kB    
                    
Downloaded from central: https://repo.maven.apache.org/maven2/com/google/guava/guava-parent/19.0/guava-parent-19.0.pom (9.9 kB at 353 kB/s)
Downloading from central: https://repo.maven.apache.org/maven2/org/springframework/boot/spring-boot-loader-tools/2.1.5.RELEASE/spring-boot-loader-tools-2.1.5.RELEASE.jar
Downloading from central: https://repo.maven.apache.org/maven2/org/apache/commons/commons-compress/1.18/commons-compress-1.18.jar
Downloading from central: https://repo.maven.apache.org/maven2/org/codehaus/plexus/plexus-interpolation/1.22/plexus-interpolation-1.22.jar
Downloading from central: https://repo.maven.apache.org/maven2/org/apache/maven/maven-artifact/3.3.9/maven-artifact-3.3.9.jar
Downloading from central: https://repo.maven.apache.org/maven2/org/apache/commons/commons-lang3/3.8.1/commons-lang3-3.8.1.jar
Progress (1): 2.7/77 kB
Progress (2): 2.7/77 kB | 4.1/149 kB
Progress (2): 2.7/77 kB | 8.2/149 kB
Progress (2): 2.7/77 kB | 12/149 kB 
Progress (2): 2.7/77 kB | 16/149 kB
Progress (2): 2.7/77 kB | 20/149 kB
Progress (2): 2.7/77 kB | 25/149 kB
Progress (2): 2.7/77 kB | 29/149 kB
Progress (2): 2.7/77 kB | 33/149 kB
Progress (3): 2.7/77 kB | 33/149 kB | 4.1/55 kB
Progress (3): 2.7/77 kB | 33/149 kB | 8.2/55 kB
Progress (3): 5.5/77 kB | 33/149 kB | 8.2/55 kB
Progress (3): 8.2/77 kB | 33/149 kB | 8.2/55 kB
Progress (3): 11/77 kB | 33/149 kB | 8.2/55 kB 
Progress (3): 14/77 kB | 33/149 kB | 8.2/55 kB
Progress (3): 16/77 kB | 33/149 kB | 8.2/55 kB
Progress (4): 16/77 kB | 33/149 kB | 8.2/55 kB | 4.1/592 kB
Progress (4): 16/77 kB | 33/149 kB | 8.2/55 kB | 8.2/592 kB
Progress (4): 16/77 kB | 33/149 kB | 8.2/55 kB | 12/592 kB 
Progress (4): 16/77 kB | 33/149 kB | 8.2/55 kB | 16/592 kB
Progress (4): 16/77 kB | 33/149 kB | 8.2/55 kB | 20/592 kB
Progress (4): 16/77 kB | 33/149 kB | 8.2/55 kB | 25/592 kB
Progress (4): 19/77 kB | 33/149 kB | 8.2/55 kB | 25/592 kB
Progress (4): 19/77 kB | 33/149 kB | 8.2/55 kB | 29/592 kB
Progress (4): 19/77 kB | 33/149 kB | 12/55 kB | 29/592 kB 
Progress (4): 19/77 kB | 33/149 kB | 16/55 kB | 29/592 kB
Progress (4): 22/77 kB | 33/149 kB | 16/55 kB | 29/592 kB
Progress (4): 22/77 kB | 33/149 kB | 16/55 kB | 33/592 kB
Progress (4): 22/77 kB | 37/149 kB | 16/55 kB | 33/592 kB
Progress (4): 22/77 kB | 41/149 kB | 16/55 kB | 33/592 kB
Progress (4): 22/77 kB | 45/149 kB | 16/55 kB | 33/592 kB
Progress (4): 22/77 kB | 49/149 kB | 16/55 kB | 33/592 kB
Progress (4): 22/77 kB | 49/149 kB | 16/55 kB | 37/592 kB
Progress (4): 22/77 kB | 49/149 kB | 16/55 kB | 41/592 kB
Progress (4): 22/77 kB | 49/149 kB | 16/55 kB | 45/592 kB
Progress (4): 22/77 kB | 49/149 kB | 16/55 kB | 49/592 kB
Progress (4): 22/77 kB | 49/149 kB | 16/55 kB | 53/592 kB
Progress (4): 25/77 kB | 49/149 kB | 16/55 kB | 53/592 kB
Progress (4): 27/77 kB | 49/149 kB | 16/55 kB | 53/592 kB
Progress (4): 30/77 kB | 49/149 kB | 16/55 kB | 53/592 kB
Progress (4): 30/77 kB | 53/149 kB | 16/55 kB | 53/592 kB
Progress (4): 30/77 kB | 53/149 kB | 20/55 kB | 53/592 kB
Progress (4): 30/77 kB | 53/149 kB | 25/55 kB | 53/592 kB
Progress (4): 30/77 kB | 53/149 kB | 29/55 kB | 53/592 kB
Progress (4): 30/77 kB | 53/149 kB | 33/55 kB | 53/592 kB
Progress (5): 30/77 kB | 53/149 kB | 33/55 kB | 53/592 kB | 2.7/502 kB
Progress (5): 30/77 kB | 53/149 kB | 33/55 kB | 53/592 kB | 5.5/502 kB
Progress (5): 30/77 kB | 53/149 kB | 33/55 kB | 53/592 kB | 8.2/502 kB
Progress (5): 30/77 kB | 57/149 kB | 33/55 kB | 53/592 kB | 8.2/502 kB
Progress (5): 30/77 kB | 61/149 kB | 33/55 kB | 53/592 kB | 8.2/502 kB
Progress (5): 30/77 kB | 66/149 kB | 33/55 kB | 53/592 kB | 8.2/502 kB
Progress (5): 33/77 kB | 66/149 kB | 33/55 kB | 53/592 kB | 8.2/502 kB
Progress (5): 36/77 kB | 66/149 kB | 33/55 kB | 53/592 kB | 8.2/502 kB
Progress (5): 38/77 kB | 66/149 kB | 33/55 kB | 53/592 kB | 8.2/502 kB
Progress (5): 41/77 kB | 66/149 kB | 33/55 kB | 53/592 kB | 8.2/502 kB
Progress (5): 44/77 kB | 66/149 kB | 33/55 kB | 53/592 kB | 8.2/502 kB
Progress (5): 47/77 kB | 66/149 kB | 33/55 kB | 53/592 kB | 8.2/502 kB
Progress (5): 49/77 kB | 66/149 kB | 33/55 kB | 53/592 kB | 8.2/502 kB
Progress (5): 49/77 kB | 66/149 kB | 33/55 kB | 57/592 kB | 8.2/502 kB
Progress (5): 49/77 kB | 66/149 kB | 37/55 kB | 57/592 kB | 8.2/502 kB
Progress (5): 49/77 kB | 66/149 kB | 41/55 kB | 57/592 kB | 8.2/502 kB
Progress (5): 49/77 kB | 66/149 kB | 45/55 kB | 57/592 kB | 8.2/502 kB
Progress (5): 49/77 kB | 66/149 kB | 49/55 kB | 57/592 kB | 8.2/502 kB
Progress (5): 49/77 kB | 66/149 kB | 49/55 kB | 57/592 kB | 11/502 kB 
Progress (5): 49/77 kB | 66/149 kB | 49/55 kB | 57/592 kB | 14/502 kB
Progress (5): 49/77 kB | 66/149 kB | 49/55 kB | 57/592 kB | 16/502 kB
Progress (5): 49/77 kB | 66/149 kB | 49/55 kB | 57/592 kB | 19/502 kB
Progress (5): 49/77 kB | 66/149 kB | 49/55 kB | 57/592 kB | 22/502 kB
Progress (5): 49/77 kB | 66/149 kB | 49/55 kB | 57/592 kB | 25/502 kB
Progress (5): 49/77 kB | 70/149 kB | 49/55 kB | 57/592 kB | 25/502 kB
Progress (5): 49/77 kB | 74/149 kB | 49/55 kB | 57/592 kB | 25/502 kB
Progress (5): 49/77 kB | 78/149 kB | 49/55 kB | 57/592 kB | 25/502 kB
Progress (5): 49/77 kB | 82/149 kB | 49/55 kB | 57/592 kB | 25/502 kB
Progress (5): 49/77 kB | 86/149 kB | 49/55 kB | 57/592 kB | 25/502 kB
Progress (5): 49/77 kB | 90/149 kB | 49/55 kB | 57/592 kB | 25/502 kB
Progress (5): 49/77 kB | 94/149 kB | 49/55 kB | 57/592 kB | 25/502 kB
Progress (5): 49/77 kB | 98/149 kB | 49/55 kB | 57/592 kB | 25/502 kB
Progress (5): 49/77 kB | 102/149 kB | 49/55 kB | 57/592 kB | 25/502 kB
Progress (5): 49/77 kB | 106/149 kB | 49/55 kB | 57/592 kB | 25/502 kB
Progress (5): 49/77 kB | 111/149 kB | 49/55 kB | 57/592 kB | 25/502 kB
Progress (5): 49/77 kB | 115/149 kB | 49/55 kB | 57/592 kB | 25/502 kB
Progress (5): 49/77 kB | 115/149 kB | 49/55 kB | 61/592 kB | 25/502 kB
Progress (5): 49/77 kB | 115/149 kB | 49/55 kB | 66/592 kB | 25/502 kB
Progress (5): 49/77 kB | 115/149 kB | 49/55 kB | 70/592 kB | 25/502 kB
Progress (5): 49/77 kB | 115/149 kB | 49/55 kB | 74/592 kB | 25/502 kB
Progress (5): 49/77 kB | 115/149 kB | 49/55 kB | 78/592 kB | 25/502 kB
Progress (5): 49/77 kB | 115/149 kB | 49/55 kB | 82/592 kB | 25/502 kB
Progress (5): 49/77 kB | 115/149 kB | 49/55 kB | 86/592 kB | 25/502 kB
Progress (5): 49/77 kB | 115/149 kB | 49/55 kB | 90/592 kB | 25/502 kB
Progress (5): 49/77 kB | 115/149 kB | 49/55 kB | 94/592 kB | 25/502 kB
Progress (5): 52/77 kB | 115/149 kB | 49/55 kB | 94/592 kB | 25/502 kB
Progress (5): 55/77 kB | 115/149 kB | 49/55 kB | 94/592 kB | 25/502 kB
Progress (5): 58/77 kB | 115/149 kB | 49/55 kB | 94/592 kB | 25/502 kB
Progress (5): 58/77 kB | 115/149 kB | 53/55 kB | 94/592 kB | 25/502 kB
Progress (5): 58/77 kB | 115/149 kB | 55 kB | 94/592 kB | 25/502 kB   
Progress (5): 58/77 kB | 115/149 kB | 55 kB | 94/592 kB | 27/502 kB
Progress (5): 58/77 kB | 115/149 kB | 55 kB | 94/592 kB | 30/502 kB
Progress (5): 58/77 kB | 115/149 kB | 55 kB | 94/592 kB | 33/502 kB
Progress (5): 58/77 kB | 115/149 kB | 55 kB | 94/592 kB | 36/502 kB
Progress (5): 60/77 kB | 115/149 kB | 55 kB | 94/592 kB | 36/502 kB
Progress (5): 63/77 kB | 115/149 kB | 55 kB | 94/592 kB | 36/502 kB
Progress (5): 66/77 kB | 115/149 kB | 55 kB | 94/592 kB | 36/502 kB
Progress (5): 69/77 kB | 115/149 kB | 55 kB | 94/592 kB | 36/502 kB
Progress (5): 71/77 kB | 115/149 kB | 55 kB | 94/592 kB | 36/502 kB
Progress (5): 74/77 kB | 115/149 kB | 55 kB | 94/592 kB | 36/502 kB
Progress (5): 74/77 kB | 115/149 kB | 55 kB | 98/592 kB | 36/502 kB
Progress (5): 74/77 kB | 115/149 kB | 55 kB | 102/592 kB | 36/502 kB
Progress (5): 74/77 kB | 115/149 kB | 55 kB | 106/592 kB | 36/502 kB
Progress (5): 74/77 kB | 115/149 kB | 55 kB | 111/592 kB | 36/502 kB
Progress (5): 74/77 kB | 119/149 kB | 55 kB | 111/592 kB | 36/502 kB
Progress (5): 74/77 kB | 123/149 kB | 55 kB | 111/592 kB | 36/502 kB
Progress (5): 74/77 kB | 127/149 kB | 55 kB | 111/592 kB | 36/502 kB
Progress (5): 74/77 kB | 131/149 kB | 55 kB | 111/592 kB | 36/502 kB
Progress (5): 74/77 kB | 131/149 kB | 55 kB | 111/592 kB | 38/502 kB
Progress (5): 74/77 kB | 131/149 kB | 55 kB | 111/592 kB | 41/502 kB
Progress (5): 74/77 kB | 131/149 kB | 55 kB | 111/592 kB | 44/502 kB
Progress (5): 74/77 kB | 131/149 kB | 55 kB | 111/592 kB | 47/502 kB
Progress (5): 74/77 kB | 131/149 kB | 55 kB | 111/592 kB | 49/502 kB
Progress (5): 74/77 kB | 131/149 kB | 55 kB | 111/592 kB | 52/502 kB
Progress (5): 74/77 kB | 131/149 kB | 55 kB | 111/592 kB | 55/502 kB
Progress (5): 74/77 kB | 131/149 kB | 55 kB | 115/592 kB | 55/502 kB
Progress (5): 74/77 kB | 131/149 kB | 55 kB | 119/592 kB | 55/502 kB
Progress (5): 74/77 kB | 131/149 kB | 55 kB | 123/592 kB | 55/502 kB
Progress (5): 74/77 kB | 131/149 kB | 55 kB | 127/592 kB | 55/502 kB
Progress (5): 74/77 kB | 131/149 kB | 55 kB | 131/592 kB | 55/502 kB
Progress (5): 74/77 kB | 131/149 kB | 55 kB | 135/592 kB | 55/502 kB
Progress (5): 74/77 kB | 131/149 kB | 55 kB | 135/592 kB | 58/502 kB
Progress (5): 74/77 kB | 131/149 kB | 55 kB | 135/592 kB | 60/502 kB
Progress (5): 74/77 kB | 131/149 kB | 55 kB | 135/592 kB | 63/502 kB
Progress (5): 74/77 kB | 131/149 kB | 55 kB | 135/592 kB | 66/502 kB
Progress (5): 74/77 kB | 131/149 kB | 55 kB | 135/592 kB | 69/502 kB
Progress (5): 74/77 kB | 131/149 kB | 55 kB | 135/592 kB | 71/502 kB
Progress (5): 74/77 kB | 131/149 kB | 55 kB | 135/592 kB | 74/502 kB
Progress (5): 74/77 kB | 131/149 kB | 55 kB | 135/592 kB | 77/502 kB
Progress (5): 74/77 kB | 135/149 kB | 55 kB | 135/592 kB | 77/502 kB
Progress (5): 74/77 kB | 139/149 kB | 55 kB | 135/592 kB | 77/502 kB
Progress (5): 74/77 kB | 143/149 kB | 55 kB | 135/592 kB | 77/502 kB
Progress (5): 74/77 kB | 147/149 kB | 55 kB | 135/592 kB | 77/502 kB
Progress (5): 74/77 kB | 149 kB | 55 kB | 135/592 kB | 77/502 kB    
Progress (5): 77/77 kB | 149 kB | 55 kB | 135/592 kB | 77/502 kB
Progress (5): 77 kB | 149 kB | 55 kB | 135/592 kB | 77/502 kB   
                                                             
Downloaded from central: https://repo.maven.apache.org/maven2/org/apache/maven/maven-artifact/3.3.9/maven-artifact-3.3.9.jar (55 kB at 632 kB/s)
Downloading from central: https://repo.maven.apache.org/maven2/org/apache/maven/maven-core/3.3.9/maven-core-3.3.9.jar
Progress (4): 77 kB | 149 kB | 139/592 kB | 77/502 kB
Progress (4): 77 kB | 149 kB | 143/592 kB | 77/502 kB
Progress (4): 77 kB | 149 kB | 147/592 kB | 77/502 kB
Progress (4): 77 kB | 149 kB | 147/592 kB | 80/502 kB
Progress (4): 77 kB | 149 kB | 147/592 kB | 82/502 kB
Progress (4): 77 kB | 149 kB | 147/592 kB | 85/502 kB
Progress (4): 77 kB | 149 kB | 147/592 kB | 88/502 kB
Progress (4): 77 kB | 149 kB | 147/592 kB | 90/502 kB
Progress (4): 77 kB | 149 kB | 152/592 kB | 90/502 kB
Progress (4): 77 kB | 149 kB | 156/592 kB | 90/502 kB
Progress (4): 77 kB | 149 kB | 160/592 kB | 90/502 kB
Progress (4): 77 kB | 149 kB | 164/592 kB | 90/502 kB
Progress (4): 77 kB | 149 kB | 168/592 kB | 90/502 kB
Progress (4): 77 kB | 149 kB | 172/592 kB | 90/502 kB
Progress (4): 77 kB | 149 kB | 176/592 kB | 90/502 kB
Progress (4): 77 kB | 149 kB | 180/592 kB | 90/502 kB
Progress (4): 77 kB | 149 kB | 184/592 kB | 90/502 kB
Progress (4): 77 kB | 149 kB | 188/592 kB | 90/502 kB
Progress (4): 77 kB | 149 kB | 193/592 kB | 90/502 kB
Progress (4): 77 kB | 149 kB | 197/592 kB | 90/502 kB
                                                     
Downloaded from central: https://repo.maven.apache.org/maven2/org/springframework/boot/spring-boot-loader-tools/2.1.5.RELEASE/spring-boot-loader-tools-2.1.5.RELEASE.jar (149 kB at 1.2 MB/s)
Downloaded from central: https://repo.maven.apache.org/maven2/org/codehaus/plexus/plexus-interpolation/1.22/plexus-interpolation-1.22.jar (77 kB at 651 kB/s)
Progress (3): 197/592 kB | 90/502 kB | 4.1/638 kB
Progress (3): 197/592 kB | 90/502 kB | 8.2/638 kB
Progress (3): 197/592 kB | 93/502 kB | 8.2/638 kB
Progress (3): 197/592 kB | 96/502 kB | 8.2/638 kB
Progress (3): 197/592 kB | 99/502 kB | 8.2/638 kB
Progress (3): 197/592 kB | 101/502 kB | 8.2/638 kB
Progress (3): 197/592 kB | 104/502 kB | 8.2/638 kB
Progress (3): 197/592 kB | 107/502 kB | 8.2/638 kB
Progress (3): 197/592 kB | 110/502 kB | 8.2/638 kB
Progress (3): 197/592 kB | 112/502 kB | 8.2/638 kB
Progress (3): 197/592 kB | 115/502 kB | 8.2/638 kB
Progress (3): 197/592 kB | 118/502 kB | 8.2/638 kB
Progress (3): 197/592 kB | 118/502 kB | 12/638 kB 
Progress (3): 197/592 kB | 118/502 kB | 16/638 kB
                                                 
Downloading from central: https://repo.maven.apache.org/maven2/org/apache/maven/maven-settings-builder/3.3.9/maven-settings-builder-3.3.9.jar
Downloading from central: https://repo.maven.apache.org/maven2/org/apache/maven/maven-builder-support/3.3.9/maven-builder-support-3.3.9.jar
Progress (3): 197/592 kB | 118/502 kB | 20/638 kB
Progress (3): 197/592 kB | 118/502 kB | 25/638 kB
Progress (3): 197/592 kB | 118/502 kB | 29/638 kB
Progress (3): 197/592 kB | 118/502 kB | 33/638 kB
Progress (3): 201/592 kB | 118/502 kB | 33/638 kB
Progress (3): 205/592 kB | 118/502 kB | 33/638 kB
Progress (3): 209/592 kB | 118/502 kB | 33/638 kB
Progress (3): 213/592 kB | 118/502 kB | 33/638 kB
Progress (3): 213/592 kB | 121/502 kB | 33/638 kB
Progress (3): 213/592 kB | 123/502 kB | 33/638 kB
Progress (3): 213/592 kB | 126/502 kB | 33/638 kB
Progress (3): 213/592 kB | 129/502 kB | 33/638 kB
Progress (3): 213/592 kB | 132/502 kB | 33/638 kB
Progress (3): 213/592 kB | 134/502 kB | 33/638 kB
Progress (3): 213/592 kB | 137/502 kB | 33/638 kB
Progress (3): 213/592 kB | 140/502 kB | 33/638 kB
Progress (3): 217/592 kB | 140/502 kB | 33/638 kB
Progress (3): 221/592 kB | 140/502 kB | 33/638 kB
Progress (3): 225/592 kB | 140/502 kB | 33/638 kB
Progress (3): 229/592 kB | 140/502 kB | 33/638 kB
Progress (3): 233/592 kB | 140/502 kB | 33/638 kB
Progress (3): 233/592 kB | 140/502 kB | 37/638 kB
Progress (3): 233/592 kB | 140/502 kB | 41/638 kB
Progress (3): 233/592 kB | 140/502 kB | 45/638 kB
Progress (3): 233/592 kB | 140/502 kB | 49/638 kB
Progress (3): 233/592 kB | 140/502 kB | 53/638 kB
Progress (3): 233/592 kB | 140/502 kB | 57/638 kB
Progress (3): 233/592 kB | 140/502 kB | 61/638 kB
Progress (3): 233/592 kB | 140/502 kB | 66/638 kB
Progress (3): 238/592 kB | 140/502 kB | 66/638 kB
Progress (3): 242/592 kB | 140/502 kB | 66/638 kB
Progress (3): 246/592 kB | 140/502 kB | 66/638 kB
Progress (3): 246/592 kB | 143/502 kB | 66/638 kB
Progress (3): 246/592 kB | 145/502 kB | 66/638 kB
Progress (3): 246/592 kB | 148/502 kB | 66/638 kB
Progress (3): 246/592 kB | 148/502 kB | 70/638 kB
Progress (3): 246/592 kB | 148/502 kB | 74/638 kB
Progress (3): 246/592 kB | 148/502 kB | 78/638 kB
Progress (3): 246/592 kB | 148/502 kB | 82/638 kB
Progress (3): 246/592 kB | 148/502 kB | 86/638 kB
Progress (4): 246/592 kB | 148/502 kB | 86/638 kB | 4.1/43 kB
Progress (4): 246/592 kB | 148/502 kB | 86/638 kB | 8.2/43 kB
Progress (4): 246/592 kB | 148/502 kB | 86/638 kB | 12/43 kB 
Progress (4): 246/592 kB | 148/502 kB | 86/638 kB | 16/43 kB
Progress (4): 246/592 kB | 148/502 kB | 86/638 kB | 20/43 kB
Progress (4): 246/592 kB | 148/502 kB | 86/638 kB | 25/43 kB
Progress (4): 246/592 kB | 148/502 kB | 86/638 kB | 29/43 kB
Progress (4): 246/592 kB | 148/502 kB | 86/638 kB | 33/43 kB
Progress (4): 246/592 kB | 148/502 kB | 86/638 kB | 37/43 kB
Progress (4): 246/592 kB | 148/502 kB | 86/638 kB | 41/43 kB
Progress (4): 246/592 kB | 148/502 kB | 86/638 kB | 43 kB   
Progress (5): 246/592 kB | 148/502 kB | 86/638 kB | 43 kB | 4.1/15 kB
Progress (5): 246/592 kB | 148/502 kB | 86/638 kB | 43 kB | 8.2/15 kB
Progress (5): 246/592 kB | 148/502 kB | 86/638 kB | 43 kB | 12/15 kB 
Progress (5): 246/592 kB | 148/502 kB | 86/638 kB | 43 kB | 15 kB   
Progress (5): 250/592 kB | 148/502 kB | 86/638 kB | 43 kB | 15 kB
Progress (5): 254/592 kB | 148/502 kB | 86/638 kB | 43 kB | 15 kB
Progress (5): 258/592 kB | 148/502 kB | 86/638 kB | 43 kB | 15 kB
Progress (5): 262/592 kB | 148/502 kB | 86/638 kB | 43 kB | 15 kB
Progress (5): 262/592 kB | 151/502 kB | 86/638 kB | 43 kB | 15 kB
Progress (5): 262/592 kB | 154/502 kB | 86/638 kB | 43 kB | 15 kB
Progress (5): 262/592 kB | 156/502 kB | 86/638 kB | 43 kB | 15 kB
Progress (5): 262/592 kB | 159/502 kB | 86/638 kB | 43 kB | 15 kB
Progress (5): 266/592 kB | 159/502 kB | 86/638 kB | 43 kB | 15 kB
Progress (5): 270/592 kB | 159/502 kB | 86/638 kB | 43 kB | 15 kB
Progress (5): 274/592 kB | 159/502 kB | 86/638 kB | 43 kB | 15 kB
Progress (5): 279/592 kB | 159/502 kB | 86/638 kB | 43 kB | 15 kB
Progress (5): 283/592 kB | 159/502 kB | 86/638 kB | 43 kB | 15 kB
Progress (5): 283/592 kB | 159/502 kB | 90/638 kB | 43 kB | 15 kB
Progress (5): 283/592 kB | 159/502 kB | 94/638 kB | 43 kB | 15 kB
Progress (5): 283/592 kB | 159/502 kB | 98/638 kB | 43 kB | 15 kB
Progress (5): 283/592 kB | 159/502 kB | 102/638 kB | 43 kB | 15 kB
Progress (5): 283/592 kB | 159/502 kB | 106/638 kB | 43 kB | 15 kB
Progress (5): 283/592 kB | 159/502 kB | 111/638 kB | 43 kB | 15 kB
Progress (5): 283/592 kB | 159/502 kB | 115/638 kB | 43 kB | 15 kB
                                                                  
Downloaded from central: https://repo.maven.apache.org/maven2/org/apache/maven/maven-builder-support/3.3.9/maven-builder-support-3.3.9.jar (15 kB at 94 kB/s)
Downloading from central: https://repo.maven.apache.org/maven2/org/apache/maven/maven-repository-metadata/3.3.9/maven-repository-metadata-3.3.9.jar
Progress (4): 283/592 kB | 162/502 kB | 115/638 kB | 43 kB
Progress (4): 283/592 kB | 165/502 kB | 115/638 kB | 43 kB
Progress (4): 283/592 kB | 167/502 kB | 115/638 kB | 43 kB
Progress (4): 283/592 kB | 170/502 kB | 115/638 kB | 43 kB
Progress (4): 283/592 kB | 173/502 kB | 115/638 kB | 43 kB
Progress (4): 283/592 kB | 175/502 kB | 115/638 kB | 43 kB
Progress (4): 283/592 kB | 178/502 kB | 115/638 kB | 43 kB
Progress (4): 283/592 kB | 178/502 kB | 119/638 kB | 43 kB
Progress (4): 283/592 kB | 178/502 kB | 123/638 kB | 43 kB
Progress (4): 283/592 kB | 178/502 kB | 127/638 kB | 43 kB
Progress (4): 287/592 kB | 178/502 kB | 127/638 kB | 43 kB
                                                          
Downloaded from central: https://repo.maven.apache.org/maven2/org/apache/maven/maven-settings-builder/3.3.9/maven-settings-builder-3.3.9.jar (43 kB at 261 kB/s)
Downloading from central: https://repo.maven.apache.org/maven2/org/apache/maven/maven-model-builder/3.3.9/maven-model-builder-3.3.9.jar
Progress (3): 291/592 kB | 178/502 kB | 127/638 kB
Progress (3): 295/592 kB | 178/502 kB | 127/638 kB
Progress (3): 295/592 kB | 181/502 kB | 127/638 kB
Progress (3): 295/592 kB | 184/502 kB | 127/638 kB
Progress (3): 295/592 kB | 186/502 kB | 127/638 kB
Progress (3): 295/592 kB | 189/502 kB | 127/638 kB
Progress (3): 295/592 kB | 192/502 kB | 127/638 kB
Progress (3): 299/592 kB | 192/502 kB | 127/638 kB
Progress (3): 303/592 kB | 192/502 kB | 127/638 kB
Progress (3): 307/592 kB | 192/502 kB | 127/638 kB
Progress (3): 311/592 kB | 192/502 kB | 127/638 kB
Progress (3): 315/592 kB | 192/502 kB | 127/638 kB
Progress (3): 319/592 kB | 192/502 kB | 127/638 kB
Progress (3): 324/592 kB | 192/502 kB | 127/638 kB
Progress (3): 324/592 kB | 192/502 kB | 131/638 kB
Progress (4): 324/592 kB | 192/502 kB | 131/638 kB | 4.1/27 kB
Progress (4): 324/592 kB | 192/502 kB | 131/638 kB | 8.2/27 kB
Progress (4): 324/592 kB | 192/502 kB | 131/638 kB | 12/27 kB 
Progress (4): 324/592 kB | 192/502 kB | 131/638 kB | 16/27 kB
Progress (4): 324/592 kB | 192/502 kB | 131/638 kB | 20/27 kB
Progress (4): 324/592 kB | 192/502 kB | 131/638 kB | 25/27 kB
Progress (4): 324/592 kB | 192/502 kB | 131/638 kB | 27 kB   
Progress (4): 324/592 kB | 192/502 kB | 135/638 kB | 27 kB
Progress (4): 324/592 kB | 192/502 kB | 139/638 kB | 27 kB
Progress (4): 324/592 kB | 192/502 kB | 143/638 kB | 27 kB
Progress (4): 324/592 kB | 192/502 kB | 147/638 kB | 27 kB
Progress (4): 324/592 kB | 192/502 kB | 152/638 kB | 27 kB
Progress (4): 324/592 kB | 192/502 kB | 156/638 kB | 27 kB
Progress (4): 324/592 kB | 192/502 kB | 160/638 kB | 27 kB
Progress (4): 324/592 kB | 195/502 kB | 160/638 kB | 27 kB
Progress (4): 324/592 kB | 197/502 kB | 160/638 kB | 27 kB
Progress (4): 324/592 kB | 200/502 kB | 160/638 kB | 27 kB
Progress (4): 324/592 kB | 203/502 kB | 160/638 kB | 27 kB
Progress (4): 324/592 kB | 206/502 kB | 160/638 kB | 27 kB
Progress (4): 324/592 kB | 208/502 kB | 160/638 kB | 27 kB
Progress (4): 324/592 kB | 211/502 kB | 160/638 kB | 27 kB
Progress (4): 324/592 kB | 214/502 kB | 160/638 kB | 27 kB
Progress (4): 324/592 kB | 217/502 kB | 160/638 kB | 27 kB
Progress (4): 324/592 kB | 219/502 kB | 160/638 kB | 27 kB
Progress (4): 324/592 kB | 222/502 kB | 160/638 kB | 27 kB
Progress (4): 324/592 kB | 225/502 kB | 160/638 kB | 27 kB
Progress (4): 324/592 kB | 228/502 kB | 160/638 kB | 27 kB
Progress (4): 324/592 kB | 230/502 kB | 160/638 kB | 27 kB
Progress (4): 324/592 kB | 233/502 kB | 160/638 kB | 27 kB
Progress (4): 324/592 kB | 236/502 kB | 160/638 kB | 27 kB
Progress (4): 324/592 kB | 239/502 kB | 160/638 kB | 27 kB
Progress (4): 324/592 kB | 241/502 kB | 160/638 kB | 27 kB
Progress (4): 324/592 kB | 244/502 kB | 160/638 kB | 27 kB
Progress (4): 324/592 kB | 247/502 kB | 160/638 kB | 27 kB
Progress (4): 328/592 kB | 247/502 kB | 160/638 kB | 27 kB
Progress (4): 332/592 kB | 247/502 kB | 160/638 kB | 27 kB
Progress (4): 336/592 kB | 247/502 kB | 160/638 kB | 27 kB
Progress (4): 340/592 kB | 247/502 kB | 160/638 kB | 27 kB
Progress (4): 344/592 kB | 247/502 kB | 160/638 kB | 27 kB
Progress (4): 348/592 kB | 247/502 kB | 160/638 kB | 27 kB
Progress (4): 348/592 kB | 247/502 kB | 164/638 kB | 27 kB
                                                          
Downloaded from central: https://repo.maven.apache.org/maven2/org/apache/maven/maven-repository-metadata/3.3.9/maven-repository-metadata-3.3.9.jar (27 kB at 144 kB/s)
Progress (4): 348/592 kB | 247/502 kB | 164/638 kB | 4.1/177 kB
Progress (4): 348/592 kB | 247/502 kB | 164/638 kB | 8.2/177 kB
Progress (4): 348/592 kB | 247/502 kB | 164/638 kB | 12/177 kB 
Progress (4): 348/592 kB | 247/502 kB | 164/638 kB | 16/177 kB
Progress (4): 348/592 kB | 247/502 kB | 164/638 kB | 20/177 kB
Progress (4): 348/592 kB | 247/502 kB | 164/638 kB | 25/177 kB
Progress (4): 348/592 kB | 247/502 kB | 164/638 kB | 29/177 kB
Progress (4): 348/592 kB | 247/502 kB | 164/638 kB | 33/177 kB
Progress (4): 348/592 kB | 247/502 kB | 164/638 kB | 37/177 kB
Progress (4): 348/592 kB | 247/502 kB | 164/638 kB | 41/177 kB
Progress (4): 348/592 kB | 247/502 kB | 164/638 kB | 45/177 kB
Progress (4): 348/592 kB | 247/502 kB | 164/638 kB | 49/177 kB
                                                              
Downloading from central: https://repo.maven.apache.org/maven2/org/apache/maven/maven-aether-provider/3.3.9/maven-aether-provider-3.3.9.jar
Progress (4): 348/592 kB | 247/502 kB | 168/638 kB | 49/177 kB
Progress (4): 348/592 kB | 247/502 kB | 172/638 kB | 49/177 kB
Progress (4): 348/592 kB | 247/502 kB | 176/638 kB | 49/177 kB
Progress (4): 348/592 kB | 247/502 kB | 180/638 kB | 49/177 kB
Progress (4): 348/592 kB | 247/502 kB | 184/638 kB | 49/177 kB
Progress (4): 348/592 kB | 247/502 kB | 188/638 kB | 49/177 kB
Progress (4): 348/592 kB | 247/502 kB | 193/638 kB | 49/177 kB
Progress (4): 348/592 kB | 247/502 kB | 197/638 kB | 49/177 kB
Progress (4): 348/592 kB | 247/502 kB | 201/638 kB | 49/177 kB
Progress (4): 348/592 kB | 247/502 kB | 205/638 kB | 49/177 kB
Progress (4): 348/592 kB | 247/502 kB | 209/638 kB | 49/177 kB
Progress (4): 348/592 kB | 247/502 kB | 213/638 kB | 49/177 kB
Progress (4): 348/592 kB | 247/502 kB | 217/638 kB | 49/177 kB
Progress (4): 348/592 kB | 247/502 kB | 221/638 kB | 49/177 kB
Progress (4): 348/592 kB | 247/502 kB | 221/638 kB | 53/177 kB
Progress (4): 348/592 kB | 247/502 kB | 221/638 kB | 57/177 kB
Progress (4): 348/592 kB | 247/502 kB | 221/638 kB | 61/177 kB
Progress (4): 348/592 kB | 247/502 kB | 221/638 kB | 66/177 kB
Progress (4): 348/592 kB | 247/502 kB | 221/638 kB | 70/177 kB
Progress (4): 348/592 kB | 247/502 kB | 221/638 kB | 74/177 kB
Progress (4): 348/592 kB | 247/502 kB | 221/638 kB | 78/177 kB
Progress (4): 348/592 kB | 247/502 kB | 221/638 kB | 82/177 kB
Progress (4): 348/592 kB | 247/502 kB | 221/638 kB | 86/177 kB
Progress (4): 348/592 kB | 247/502 kB | 221/638 kB | 90/177 kB
Progress (4): 348/592 kB | 247/502 kB | 221/638 kB | 94/177 kB
Progress (4): 348/592 kB | 247/502 kB | 221/638 kB | 98/177 kB
Progress (4): 348/592 kB | 247/502 kB | 221/638 kB | 102/177 kB
Progress (4): 348/592 kB | 247/502 kB | 221/638 kB | 106/177 kB
Progress (4): 348/592 kB | 247/502 kB | 221/638 kB | 111/177 kB
Progress (4): 348/592 kB | 247/502 kB | 221/638 kB | 115/177 kB
Progress (4): 348/592 kB | 247/502 kB | 221/638 kB | 119/177 kB
Progress (4): 348/592 kB | 247/502 kB | 221/638 kB | 123/177 kB
Progress (4): 348/592 kB | 247/502 kB | 221/638 kB | 127/177 kB
Progress (4): 348/592 kB | 247/502 kB | 221/638 kB | 131/177 kB
Progress (4): 352/592 kB | 247/502 kB | 221/638 kB | 131/177 kB
Progress (4): 356/592 kB | 247/502 kB | 221/638 kB | 131/177 kB
Progress (4): 360/592 kB | 247/502 kB | 221/638 kB | 131/177 kB
Progress (4): 365/592 kB | 247/502 kB | 221/638 kB | 131/177 kB
Progress (4): 369/592 kB | 247/502 kB | 221/638 kB | 131/177 kB
Progress (4): 373/592 kB | 247/502 kB | 221/638 kB | 131/177 kB
Progress (4): 377/592 kB | 247/502 kB | 221/638 kB | 131/177 kB
Progress (4): 381/592 kB | 247/502 kB | 221/638 kB | 131/177 kB
Progress (4): 385/592 kB | 247/502 kB | 221/638 kB | 131/177 kB
Progress (4): 385/592 kB | 250/502 kB | 221/638 kB | 131/177 kB
Progress (5): 385/592 kB | 250/502 kB | 221/638 kB | 131/177 kB | 4.1/67 kB
Progress (5): 385/592 kB | 250/502 kB | 221/638 kB | 131/177 kB | 8.2/67 kB
Progress (5): 385/592 kB | 250/502 kB | 221/638 kB | 131/177 kB | 12/67 kB 
Progress (5): 385/592 kB | 250/502 kB | 221/638 kB | 131/177 kB | 16/67 kB
Progress (5): 385/592 kB | 250/502 kB | 221/638 kB | 131/177 kB | 20/67 kB
Progress (5): 385/592 kB | 250/502 kB | 221/638 kB | 131/177 kB | 25/67 kB
Progress (5): 385/592 kB | 250/502 kB | 221/638 kB | 131/177 kB | 29/67 kB
Progress (5): 385/592 kB | 250/502 kB | 221/638 kB | 131/177 kB | 33/67 kB
Progress (5): 385/592 kB | 250/502 kB | 221/638 kB | 131/177 kB | 37/67 kB
Progress (5): 385/592 kB | 250/502 kB | 221/638 kB | 131/177 kB | 41/67 kB
Progress (5): 385/592 kB | 250/502 kB | 221/638 kB | 131/177 kB | 45/67 kB
Progress (5): 385/592 kB | 250/502 kB | 221/638 kB | 131/177 kB | 49/67 kB
Progress (5): 385/592 kB | 250/502 kB | 221/638 kB | 131/177 kB | 53/67 kB
Progress (5): 385/592 kB | 250/502 kB | 221/638 kB | 131/177 kB | 57/67 kB
Progress (5): 385/592 kB | 250/502 kB | 221/638 kB | 131/177 kB | 61/67 kB
Progress (5): 385/592 kB | 250/502 kB | 221/638 kB | 131/177 kB | 66/67 kB
Progress (5): 385/592 kB | 252/502 kB | 221/638 kB | 131/177 kB | 66/67 kB
Progress (5): 385/592 kB | 255/502 kB | 221/638 kB | 131/177 kB | 66/67 kB
Progress (5): 385/592 kB | 258/502 kB | 221/638 kB | 131/177 kB | 66/67 kB
Progress (5): 385/592 kB | 260/502 kB | 221/638 kB | 131/177 kB | 66/67 kB
Progress (5): 385/592 kB | 263/502 kB | 221/638 kB | 131/177 kB | 66/67 kB
Progress (5): 385/592 kB | 266/502 kB | 221/638 kB | 131/177 kB | 66/67 kB
Progress (5): 385/592 kB | 269/502 kB | 221/638 kB | 131/177 kB | 66/67 kB
Progress (5): 385/592 kB | 271/502 kB | 221/638 kB | 131/177 kB | 66/67 kB
Progress (5): 385/592 kB | 271/502 kB | 225/638 kB | 131/177 kB | 66/67 kB
Progress (5): 385/592 kB | 271/502 kB | 229/638 kB | 131/177 kB | 66/67 kB
Progress (5): 385/592 kB | 271/502 kB | 233/638 kB | 131/177 kB | 66/67 kB
Progress (5): 385/592 kB | 271/502 kB | 238/638 kB | 131/177 kB | 66/67 kB
Progress (5): 385/592 kB | 271/502 kB | 242/638 kB | 131/177 kB | 66/67 kB
Progress (5): 385/592 kB | 271/502 kB | 246/638 kB | 131/177 kB | 66/67 kB
Progress (5): 385/592 kB | 271/502 kB | 250/638 kB | 131/177 kB | 66/67 kB
Progress (5): 385/592 kB | 271/502 kB | 254/638 kB | 131/177 kB | 66/67 kB
Progress (5): 385/592 kB | 271/502 kB | 258/638 kB | 131/177 kB | 66/67 kB
Progress (5): 385/592 kB | 271/502 kB | 262/638 kB | 131/177 kB | 66/67 kB
Progress (5): 385/592 kB | 271/502 kB | 266/638 kB | 131/177 kB | 66/67 kB
Progress (5): 385/592 kB | 271/502 kB | 266/638 kB | 131/177 kB | 67 kB   
Progress (5): 385/592 kB | 274/502 kB | 266/638 kB | 131/177 kB | 67 kB
Progress (5): 385/592 kB | 277/502 kB | 266/638 kB | 131/177 kB | 67 kB
Progress (5): 385/592 kB | 280/502 kB | 266/638 kB | 131/177 kB | 67 kB
Progress (5): 389/592 kB | 280/502 kB | 266/638 kB | 131/177 kB | 67 kB
Progress (5): 393/592 kB | 280/502 kB | 266/638 kB | 131/177 kB | 67 kB
Progress (5): 397/592 kB | 280/502 kB | 266/638 kB | 131/177 kB | 67 kB
Progress (5): 401/592 kB | 280/502 kB | 266/638 kB | 131/177 kB | 67 kB
Progress (5): 406/592 kB | 280/502 kB | 266/638 kB | 131/177 kB | 67 kB
Progress (5): 410/592 kB | 280/502 kB | 266/638 kB | 131/177 kB | 67 kB
Progress (5): 414/592 kB | 280/502 kB | 266/638 kB | 131/177 kB | 67 kB
Progress (5): 418/592 kB | 280/502 kB | 266/638 kB | 131/177 kB | 67 kB
Progress (5): 422/592 kB | 280/502 kB | 266/638 kB | 131/177 kB | 67 kB
Progress (5): 422/592 kB | 280/502 kB | 266/638 kB | 135/177 kB | 67 kB
Progress (5): 422/592 kB | 280/502 kB | 266/638 kB | 139/177 kB | 67 kB
Progress (5): 422/592 kB | 280/502 kB | 266/638 kB | 143/177 kB | 67 kB
Progress (5): 422/592 kB | 280/502 kB | 266/638 kB | 147/177 kB | 67 kB
Progress (5): 422/592 kB | 280/502 kB | 266/638 kB | 152/177 kB | 67 kB
Progress (5): 422/592 kB | 280/502 kB | 266/638 kB | 156/177 kB | 67 kB
Progress (5): 422/592 kB | 280/502 kB | 266/638 kB | 160/177 kB | 67 kB
Progress (5): 422/592 kB | 280/502 kB | 266/638 kB | 164/177 kB | 67 kB
Progress (5): 422/592 kB | 280/502 kB | 266/638 kB | 168/177 kB | 67 kB
Progress (5): 422/592 kB | 280/502 kB | 266/638 kB | 172/177 kB | 67 kB
Progress (5): 422/592 kB | 280/502 kB | 266/638 kB | 176/177 kB | 67 kB
Progress (5): 422/592 kB | 280/502 kB | 266/638 kB | 177 kB | 67 kB    
Progress (5): 422/592 kB | 282/502 kB | 266/638 kB | 177 kB | 67 kB
Progress (5): 422/592 kB | 285/502 kB | 266/638 kB | 177 kB | 67 kB
Progress (5): 422/592 kB | 288/502 kB | 266/638 kB | 177 kB | 67 kB
Progress (5): 422/592 kB | 291/502 kB | 266/638 kB | 177 kB | 67 kB
Progress (5): 422/592 kB | 293/502 kB | 266/638 kB | 177 kB | 67 kB
Progress (5): 422/592 kB | 296/502 kB | 266/638 kB | 177 kB | 67 kB
Progress (5): 422/592 kB | 296/502 kB | 270/638 kB | 177 kB | 67 kB
Progress (5): 422/592 kB | 296/502 kB | 274/638 kB | 177 kB | 67 kB
Progress (5): 422/592 kB | 296/502 kB | 279/638 kB | 177 kB | 67 kB
Progress (5): 426/592 kB | 296/502 kB | 279/638 kB | 177 kB | 67 kB
Progress (5): 430/592 kB | 296/502 kB | 279/638 kB | 177 kB | 67 kB
Progress (5): 434/592 kB | 296/502 kB | 279/638 kB | 177 kB | 67 kB
Progress (5): 438/592 kB | 296/502 kB | 279/638 kB | 177 kB | 67 kB
Progress (5): 442/592 kB | 296/502 kB | 279/638 kB | 177 kB | 67 kB
Progress (5): 446/592 kB | 296/502 kB | 279/638 kB | 177 kB | 67 kB
Progress (5): 451/592 kB | 296/502 kB | 279/638 kB | 177 kB | 67 kB
Progress (5): 455/592 kB | 296/502 kB | 279/638 kB | 177 kB | 67 kB
Progress (5): 459/592 kB | 296/502 kB | 279/638 kB | 177 kB | 67 kB
Progress (5): 463/592 kB | 296/502 kB | 279/638 kB | 177 kB | 67 kB
Progress (5): 467/592 kB | 296/502 kB | 279/638 kB | 177 kB | 67 kB
Progress (5): 471/592 kB | 296/502 kB | 279/638 kB | 177 kB | 67 kB
Progress (5): 475/592 kB | 296/502 kB | 279/638 kB | 177 kB | 67 kB
Progress (5): 479/592 kB | 296/502 kB | 279/638 kB | 177 kB | 67 kB
Progress (5): 483/592 kB | 296/502 kB | 279/638 kB | 177 kB | 67 kB
Progress (5): 487/592 kB | 296/502 kB | 279/638 kB | 177 kB | 67 kB
Progress (5): 491/592 kB | 296/502 kB | 279/638 kB | 177 kB | 67 kB
Progress (5): 495/592 kB | 296/502 kB | 279/638 kB | 177 kB | 67 kB
Progress (5): 499/592 kB | 296/502 kB | 279/638 kB | 177 kB | 67 kB
Progress (5): 499/592 kB | 299/502 kB | 279/638 kB | 177 kB | 67 kB
Progress (5): 499/592 kB | 302/502 kB | 279/638 kB | 177 kB | 67 kB
Progress (5): 499/592 kB | 304/502 kB | 279/638 kB | 177 kB | 67 kB
Progress (5): 499/592 kB | 307/502 kB | 279/638 kB | 177 kB | 67 kB
Progress (5): 499/592 kB | 310/502 kB | 279/638 kB | 177 kB | 67 kB
Progress (5): 499/592 kB | 313/502 kB | 279/638 kB | 177 kB | 67 kB
Progress (5): 499/592 kB | 315/502 kB | 279/638 kB | 177 kB | 67 kB
                                                                   
Downloaded from central: https://repo.maven.apache.org/maven2/org/apache/maven/maven-model-builder/3.3.9/maven-model-builder-3.3.9.jar (177 kB at 725 kB/s)
Progress (4): 499/592 kB | 315/502 kB | 283/638 kB | 67 kB
Progress (4): 499/592 kB | 315/502 kB | 287/638 kB | 67 kB
                                                          
Downloaded from central: https://repo.maven.apache.org/maven2/org/apache/maven/maven-aether-provider/3.3.9/maven-aether-provider-3.3.9.jar (67 kB at 273 kB/s)
Downloading from central: https://repo.maven.apache.org/maven2/org/eclipse/aether/aether-spi/1.0.2.v20150114/aether-spi-1.0.2.v20150114.jar
Progress (3): 499/592 kB | 315/502 kB | 291/638 kB
Progress (3): 499/592 kB | 315/502 kB | 295/638 kB
Progress (3): 499/592 kB | 315/502 kB | 299/638 kB
Progress (3): 499/592 kB | 315/502 kB | 303/638 kB
Progress (3): 499/592 kB | 315/502 kB | 307/638 kB
Progress (3): 499/592 kB | 315/502 kB | 311/638 kB
Progress (3): 499/592 kB | 315/502 kB | 315/638 kB
Progress (3): 499/592 kB | 315/502 kB | 319/638 kB
Progress (3): 499/592 kB | 315/502 kB | 324/638 kB
Progress (3): 499/592 kB | 315/502 kB | 328/638 kB
Progress (3): 499/592 kB | 315/502 kB | 332/638 kB
Progress (3): 499/592 kB | 315/502 kB | 336/638 kB
Progress (3): 499/592 kB | 315/502 kB | 340/638 kB
Progress (3): 499/592 kB | 315/502 kB | 344/638 kB
Progress (3): 499/592 kB | 318/502 kB | 344/638 kB
Progress (3): 499/592 kB | 321/502 kB | 344/638 kB
                                                  
Downloading from central: https://repo.maven.apache.org/maven2/org/eclipse/aether/aether-impl/1.0.2.v20150114/aether-impl-1.0.2.v20150114.jar
Progress (3): 499/592 kB | 324/502 kB | 344/638 kB
Progress (3): 499/592 kB | 326/502 kB | 344/638 kB
Progress (3): 499/592 kB | 329/502 kB | 344/638 kB
Progress (3): 499/592 kB | 332/502 kB | 344/638 kB
Progress (3): 499/592 kB | 335/502 kB | 344/638 kB
Progress (3): 499/592 kB | 337/502 kB | 344/638 kB
Progress (3): 499/592 kB | 340/502 kB | 344/638 kB
Progress (3): 499/592 kB | 343/502 kB | 344/638 kB
Progress (3): 503/592 kB | 343/502 kB | 344/638 kB
Progress (3): 507/592 kB | 343/502 kB | 344/638 kB
Progress (3): 511/592 kB | 343/502 kB | 344/638 kB
Progress (3): 516/592 kB | 343/502 kB | 344/638 kB
Progress (4): 516/592 kB | 343/502 kB | 344/638 kB | 4.1/31 kB
Progress (4): 516/592 kB | 343/502 kB | 344/638 kB | 8.2/31 kB
Progress (4): 516/592 kB | 343/502 kB | 344/638 kB | 12/31 kB 
Progress (4): 516/592 kB | 343/502 kB | 344/638 kB | 16/31 kB
Progress (4): 516/592 kB | 343/502 kB | 344/638 kB | 20/31 kB
Progress (4): 516/592 kB | 343/502 kB | 344/638 kB | 25/31 kB
Progress (4): 516/592 kB | 343/502 kB | 344/638 kB | 29/31 kB
Progress (4): 516/592 kB | 343/502 kB | 344/638 kB | 31 kB   
Progress (4): 516/592 kB | 343/502 kB | 348/638 kB | 31 kB
Progress (4): 516/592 kB | 343/502 kB | 352/638 kB | 31 kB
Progress (4): 516/592 kB | 343/502 kB | 356/638 kB | 31 kB
Progress (4): 516/592 kB | 343/502 kB | 360/638 kB | 31 kB
Progress (4): 516/592 kB | 343/502 kB | 365/638 kB | 31 kB
Progress (4): 516/592 kB | 343/502 kB | 369/638 kB | 31 kB
Progress (4): 516/592 kB | 343/502 kB | 373/638 kB | 31 kB
Progress (4): 516/592 kB | 343/502 kB | 377/638 kB | 31 kB
Progress (4): 516/592 kB | 343/502 kB | 381/638 kB | 31 kB
Progress (4): 516/592 kB | 343/502 kB | 385/638 kB | 31 kB
Progress (4): 516/592 kB | 343/502 kB | 389/638 kB | 31 kB
Progress (4): 516/592 kB | 343/502 kB | 393/638 kB | 31 kB
Progress (4): 516/592 kB | 343/502 kB | 397/638 kB | 31 kB
Progress (4): 516/592 kB | 343/502 kB | 401/638 kB | 31 kB
Progress (4): 516/592 kB | 343/502 kB | 406/638 kB | 31 kB
Progress (4): 516/592 kB | 343/502 kB | 410/638 kB | 31 kB
Progress (5): 516/592 kB | 343/502 kB | 410/638 kB | 31 kB | 4.1/173 kB
Progress (5): 516/592 kB | 343/502 kB | 410/638 kB | 31 kB | 8.2/173 kB
Progress (5): 516/592 kB | 343/502 kB | 410/638 kB | 31 kB | 12/173 kB 
Progress (5): 516/592 kB | 343/502 kB | 410/638 kB | 31 kB | 16/173 kB
Progress (5): 516/592 kB | 343/502 kB | 410/638 kB | 31 kB | 20/173 kB
Progress (5): 516/592 kB | 343/502 kB | 410/638 kB | 31 kB | 25/173 kB
Progress (5): 516/592 kB | 343/502 kB | 410/638 kB | 31 kB | 29/173 kB
Progress (5): 516/592 kB | 343/502 kB | 410/638 kB | 31 kB | 33/173 kB
Progress (5): 516/592 kB | 343/502 kB | 410/638 kB | 31 kB | 37/173 kB
Progress (5): 516/592 kB | 343/502 kB | 410/638 kB | 31 kB | 41/173 kB
Progress (5): 516/592 kB | 343/502 kB | 410/638 kB | 31 kB | 45/173 kB
Progress (5): 516/592 kB | 343/502 kB | 410/638 kB | 31 kB | 49/173 kB
Progress (5): 516/592 kB | 343/502 kB | 410/638 kB | 31 kB | 53/173 kB
Progress (5): 516/592 kB | 343/502 kB | 410/638 kB | 31 kB | 57/173 kB
Progress (5): 516/592 kB | 343/502 kB | 410/638 kB | 31 kB | 61/173 kB
Progress (5): 516/592 kB | 343/502 kB | 410/638 kB | 31 kB | 66/173 kB
Progress (5): 516/592 kB | 343/502 kB | 410/638 kB | 31 kB | 70/173 kB
Progress (5): 516/592 kB | 343/502 kB | 410/638 kB | 31 kB | 74/173 kB
Progress (5): 516/592 kB | 343/502 kB | 410/638 kB | 31 kB | 78/173 kB
Progress (5): 516/592 kB | 343/502 kB | 410/638 kB | 31 kB | 82/173 kB
Progress (5): 516/592 kB | 343/502 kB | 410/638 kB | 31 kB | 86/173 kB
Progress (5): 516/592 kB | 343/502 kB | 414/638 kB | 31 kB | 86/173 kB
Progress (5): 516/592 kB | 345/502 kB | 414/638 kB | 31 kB | 86/173 kB
Progress (5): 516/592 kB | 348/502 kB | 414/638 kB | 31 kB | 86/173 kB
Progress (5): 516/592 kB | 351/502 kB | 414/638 kB | 31 kB | 86/173 kB
Progress (5): 516/592 kB | 354/502 kB | 414/638 kB | 31 kB | 86/173 kB
Progress (5): 516/592 kB | 356/502 kB | 414/638 kB | 31 kB | 86/173 kB
Progress (5): 516/592 kB | 359/502 kB | 414/638 kB | 31 kB | 86/173 kB
Progress (5): 516/592 kB | 362/502 kB | 414/638 kB | 31 kB | 86/173 kB
Progress (5): 516/592 kB | 365/502 kB | 414/638 kB | 31 kB | 86/173 kB
Progress (5): 516/592 kB | 367/502 kB | 414/638 kB | 31 kB | 86/173 kB
Progress (5): 520/592 kB | 367/502 kB | 414/638 kB | 31 kB | 86/173 kB
Progress (5): 524/592 kB | 367/502 kB | 414/638 kB | 31 kB | 86/173 kB
Progress (5): 528/592 kB | 367/502 kB | 414/638 kB | 31 kB | 86/173 kB
Progress (5): 532/592 kB | 367/502 kB | 414/638 kB | 31 kB | 86/173 kB
Progress (5): 536/592 kB | 367/502 kB | 414/638 kB | 31 kB | 86/173 kB
Progress (5): 540/592 kB | 367/502 kB | 414/638 kB | 31 kB | 86/173 kB
Progress (5): 544/592 kB | 367/502 kB | 414/638 kB | 31 kB | 86/173 kB
Progress (5): 548/592 kB | 367/502 kB | 414/638 kB | 31 kB | 86/173 kB
Progress (5): 552/592 kB | 367/502 kB | 414/638 kB | 31 kB | 86/173 kB
Progress (5): 556/592 kB | 367/502 kB | 414/638 kB | 31 kB | 86/173 kB
Progress (5): 561/592 kB | 367/502 kB | 414/638 kB | 31 kB | 86/173 kB
Progress (5): 565/592 kB | 367/502 kB | 414/638 kB | 31 kB | 86/173 kB
Progress (5): 569/592 kB | 367/502 kB | 414/638 kB | 31 kB | 86/173 kB
Progress (5): 573/592 kB | 367/502 kB | 414/638 kB | 31 kB | 86/173 kB
                                                                      
Downloaded from central: https://repo.maven.apache.org/maven2/org/eclipse/aether/aether-spi/1.0.2.v20150114/aether-spi-1.0.2.v20150114.jar (31 kB at 109 kB/s)
Downloading from central: https://repo.maven.apache.org/maven2/org/eclipse/aether/aether-api/1.0.2.v20150114/aether-api-1.0.2.v20150114.jar
Progress (4): 573/592 kB | 367/502 kB | 418/638 kB | 86/173 kB
Progress (4): 573/592 kB | 367/502 kB | 422/638 kB | 86/173 kB
Progress (4): 573/592 kB | 367/502 kB | 426/638 kB | 86/173 kB
Progress (4): 573/592 kB | 367/502 kB | 430/638 kB | 86/173 kB
Progress (4): 573/592 kB | 367/502 kB | 434/638 kB | 86/173 kB
Progress (4): 573/592 kB | 367/502 kB | 438/638 kB | 86/173 kB
Progress (4): 573/592 kB | 370/502 kB | 438/638 kB | 86/173 kB
Progress (4): 573/592 kB | 373/502 kB | 438/638 kB | 86/173 kB
Progress (4): 573/592 kB | 376/502 kB | 438/638 kB | 86/173 kB
Progress (4): 573/592 kB | 378/502 kB | 438/638 kB | 86/173 kB
Progress (4): 573/592 kB | 381/502 kB | 438/638 kB | 86/173 kB
Progress (4): 573/592 kB | 384/502 kB | 438/638 kB | 86/173 kB
Progress (4): 573/592 kB | 387/502 kB | 438/638 kB | 86/173 kB
Progress (4): 573/592 kB | 389/502 kB | 438/638 kB | 86/173 kB
Progress (4): 573/592 kB | 392/502 kB | 438/638 kB | 86/173 kB
Progress (4): 573/592 kB | 395/502 kB | 438/638 kB | 86/173 kB
Progress (4): 573/592 kB | 398/502 kB | 438/638 kB | 86/173 kB
Progress (4): 573/592 kB | 400/502 kB | 438/638 kB | 86/173 kB
Progress (4): 573/592 kB | 403/502 kB | 438/638 kB | 86/173 kB
Progress (4): 573/592 kB | 406/502 kB | 438/638 kB | 86/173 kB
Progress (4): 573/592 kB | 409/502 kB | 438/638 kB | 86/173 kB
Progress (4): 573/592 kB | 411/502 kB | 438/638 kB | 86/173 kB
Progress (4): 573/592 kB | 414/502 kB | 438/638 kB | 86/173 kB
Progress (4): 573/592 kB | 417/502 kB | 438/638 kB | 86/173 kB
Progress (4): 573/592 kB | 420/502 kB | 438/638 kB | 86/173 kB
Progress (4): 573/592 kB | 422/502 kB | 438/638 kB | 86/173 kB
Progress (4): 573/592 kB | 425/502 kB | 438/638 kB | 86/173 kB
Progress (4): 573/592 kB | 425/502 kB | 438/638 kB | 90/173 kB
Progress (4): 573/592 kB | 425/502 kB | 438/638 kB | 94/173 kB
Progress (4): 573/592 kB | 425/502 kB | 438/638 kB | 98/173 kB
Progress (4): 573/592 kB | 425/502 kB | 438/638 kB | 102/173 kB
Progress (4): 573/592 kB | 425/502 kB | 438/638 kB | 106/173 kB
Progress (4): 573/592 kB | 425/502 kB | 438/638 kB | 111/173 kB
Progress (4): 573/592 kB | 425/502 kB | 438/638 kB | 115/173 kB
Progress (4): 573/592 kB | 425/502 kB | 438/638 kB | 119/173 kB
Progress (4): 573/592 kB | 425/502 kB | 438/638 kB | 123/173 kB
Progress (4): 573/592 kB | 425/502 kB | 438/638 kB | 127/173 kB
Progress (4): 573/592 kB | 425/502 kB | 438/638 kB | 131/173 kB
Progress (4): 573/592 kB | 425/502 kB | 438/638 kB | 135/173 kB
Progress (4): 573/592 kB | 425/502 kB | 438/638 kB | 139/173 kB
Progress (4): 573/592 kB | 425/502 kB | 438/638 kB | 143/173 kB
Progress (5): 573/592 kB | 425/502 kB | 438/638 kB | 143/173 kB | 4.1/136 kB
Progress (5): 573/592 kB | 425/502 kB | 438/638 kB | 143/173 kB | 8.2/136 kB
Progress (5): 573/592 kB | 425/502 kB | 438/638 kB | 143/173 kB | 12/136 kB 
Progress (5): 573/592 kB | 425/502 kB | 438/638 kB | 143/173 kB | 16/136 kB
Progress (5): 573/592 kB | 425/502 kB | 442/638 kB | 143/173 kB | 16/136 kB
Progress (5): 573/592 kB | 425/502 kB | 446/638 kB | 143/173 kB | 16/136 kB
Progress (5): 573/592 kB | 425/502 kB | 451/638 kB | 143/173 kB | 16/136 kB
Progress (5): 573/592 kB | 425/502 kB | 455/638 kB | 143/173 kB | 16/136 kB
Progress (5): 573/592 kB | 425/502 kB | 459/638 kB | 143/173 kB | 16/136 kB
Progress (5): 573/592 kB | 425/502 kB | 463/638 kB | 143/173 kB | 16/136 kB
Progress (5): 573/592 kB | 425/502 kB | 467/638 kB | 143/173 kB | 16/136 kB
Progress (5): 573/592 kB | 425/502 kB | 471/638 kB | 143/173 kB | 16/136 kB
Progress (5): 573/592 kB | 425/502 kB | 475/638 kB | 143/173 kB | 16/136 kB
Progress (5): 573/592 kB | 425/502 kB | 479/638 kB | 143/173 kB | 16/136 kB
Progress (5): 573/592 kB | 425/502 kB | 483/638 kB | 143/173 kB | 16/136 kB
Progress (5): 573/592 kB | 425/502 kB | 487/638 kB | 143/173 kB | 16/136 kB
Progress (5): 577/592 kB | 425/502 kB | 487/638 kB | 143/173 kB | 16/136 kB
Progress (5): 581/592 kB | 425/502 kB | 487/638 kB | 143/173 kB | 16/136 kB
Progress (5): 585/592 kB | 425/502 kB | 487/638 kB | 143/173 kB | 16/136 kB
Progress (5): 589/592 kB | 425/502 kB | 487/638 kB | 143/173 kB | 16/136 kB
Progress (5): 592 kB | 425/502 kB | 487/638 kB | 143/173 kB | 16/136 kB    
Progress (5): 592 kB | 425/502 kB | 487/638 kB | 143/173 kB | 20/136 kB
Progress (5): 592 kB | 425/502 kB | 487/638 kB | 143/173 kB | 25/136 kB
Progress (5): 592 kB | 425/502 kB | 487/638 kB | 143/173 kB | 29/136 kB
Progress (5): 592 kB | 425/502 kB | 487/638 kB | 143/173 kB | 33/136 kB
Progress (5): 592 kB | 425/502 kB | 487/638 kB | 147/173 kB | 33/136 kB
Progress (5): 592 kB | 425/502 kB | 487/638 kB | 152/173 kB | 33/136 kB
Progress (5): 592 kB | 425/502 kB | 487/638 kB | 156/173 kB | 33/136 kB
Progress (5): 592 kB | 425/502 kB | 487/638 kB | 160/173 kB | 33/136 kB
Progress (5): 592 kB | 425/502 kB | 487/638 kB | 164/173 kB | 33/136 kB
Progress (5): 592 kB | 428/502 kB | 487/638 kB | 164/173 kB | 33/136 kB
Progress (5): 592 kB | 430/502 kB | 487/638 kB | 164/173 kB | 33/136 kB
Progress (5): 592 kB | 433/502 kB | 487/638 kB | 164/173 kB | 33/136 kB
Progress (5): 592 kB | 433/502 kB | 491/638 kB | 164/173 kB | 33/136 kB
Progress (5): 592 kB | 433/502 kB | 495/638 kB | 164/173 kB | 33/136 kB
Progress (5): 592 kB | 433/502 kB | 499/638 kB | 164/173 kB | 33/136 kB
Progress (5): 592 kB | 433/502 kB | 503/638 kB | 164/173 kB | 33/136 kB
Progress (5): 592 kB | 433/502 kB | 507/638 kB | 164/173 kB | 33/136 kB
Progress (5): 592 kB | 433/502 kB | 511/638 kB | 164/173 kB | 33/136 kB
Progress (5): 592 kB | 433/502 kB | 516/638 kB | 164/173 kB | 33/136 kB
Progress (5): 592 kB | 433/502 kB | 520/638 kB | 164/173 kB | 33/136 kB
Progress (5): 592 kB | 433/502 kB | 524/638 kB | 164/173 kB | 33/136 kB
Progress (5): 592 kB | 433/502 kB | 528/638 kB | 164/173 kB | 33/136 kB
Progress (5): 592 kB | 433/502 kB | 532/638 kB | 164/173 kB | 33/136 kB
Progress (5): 592 kB | 433/502 kB | 536/638 kB | 164/173 kB | 33/136 kB
Progress (5): 592 kB | 433/502 kB | 540/638 kB | 164/173 kB | 33/136 kB
Progress (5): 592 kB | 433/502 kB | 544/638 kB | 164/173 kB | 33/136 kB
Progress (5): 592 kB | 433/502 kB | 548/638 kB | 164/173 kB | 33/136 kB
Progress (5): 592 kB | 433/502 kB | 548/638 kB | 164/173 kB | 37/136 kB
Progress (5): 592 kB | 433/502 kB | 548/638 kB | 164/173 kB | 41/136 kB
Progress (5): 592 kB | 433/502 kB | 548/638 kB | 164/173 kB | 45/136 kB
Progress (5): 592 kB | 433/502 kB | 548/638 kB | 164/173 kB | 49/136 kB
Progress (5): 592 kB | 433/502 kB | 548/638 kB | 164/173 kB | 53/136 kB
Progress (5): 592 kB | 433/502 kB | 548/638 kB | 164/173 kB | 57/136 kB
Progress (5): 592 kB | 433/502 kB | 548/638 kB | 164/173 kB | 61/136 kB
Progress (5): 592 kB | 433/502 kB | 548/638 kB | 164/173 kB | 66/136 kB
                                                                       
Downloaded from central: https://repo.maven.apache.org/maven2/org/apache/commons/commons-compress/1.18/commons-compress-1.18.jar (592 kB at 1.8 MB/s)
Downloading from central: https://repo.maven.apache.org/maven2/org/eclipse/aether/aether-util/1.0.2.v20150114/aether-util-1.0.2.v20150114.jar
Progress (4): 433/502 kB | 548/638 kB | 168/173 kB | 66/136 kB
Progress (4): 433/502 kB | 548/638 kB | 172/173 kB | 66/136 kB
Progress (4): 433/502 kB | 548/638 kB | 173 kB | 66/136 kB    
Progress (4): 436/502 kB | 548/638 kB | 173 kB | 66/136 kB
Progress (4): 439/502 kB | 548/638 kB | 173 kB | 66/136 kB
Progress (4): 441/502 kB | 548/638 kB | 173 kB | 66/136 kB
Progress (4): 444/502 kB | 548/638 kB | 173 kB | 66/136 kB
Progress (4): 447/502 kB | 548/638 kB | 173 kB | 66/136 kB
Progress (4): 450/502 kB | 548/638 kB | 173 kB | 66/136 kB
Progress (4): 452/502 kB | 548/638 kB | 173 kB | 66/136 kB
Progress (4): 455/502 kB | 548/638 kB | 173 kB | 66/136 kB
Progress (4): 458/502 kB | 548/638 kB | 173 kB | 66/136 kB
Progress (4): 461/502 kB | 548/638 kB | 173 kB | 66/136 kB
Progress (4): 463/502 kB | 548/638 kB | 173 kB | 66/136 kB
Progress (4): 466/502 kB | 548/638 kB | 173 kB | 66/136 kB
Progress (4): 469/502 kB | 548/638 kB | 173 kB | 66/136 kB
Progress (4): 472/502 kB | 548/638 kB | 173 kB | 66/136 kB
Progress (4): 474/502 kB | 548/638 kB | 173 kB | 66/136 kB
Progress (4): 478/502 kB | 548/638 kB | 173 kB | 66/136 kB
Progress (4): 483/502 kB | 548/638 kB | 173 kB | 66/136 kB
Progress (4): 487/502 kB | 548/638 kB | 173 kB | 66/136 kB
Progress (4): 491/502 kB | 548/638 kB | 173 kB | 66/136 kB
Progress (4): 495/502 kB | 548/638 kB | 173 kB | 66/136 kB
Progress (4): 499/502 kB | 548/638 kB | 173 kB | 66/136 kB
Progress (4): 502 kB | 548/638 kB | 173 kB | 66/136 kB    
Progress (4): 502 kB | 552/638 kB | 173 kB | 66/136 kB
Progress (4): 502 kB | 552/638 kB | 173 kB | 70/136 kB
Progress (4): 502 kB | 552/638 kB | 173 kB | 74/136 kB
Progress (4): 502 kB | 552/638 kB | 173 kB | 78/136 kB
Progress (4): 502 kB | 552/638 kB | 173 kB | 82/136 kB
Progress (4): 502 kB | 552/638 kB | 173 kB | 86/136 kB
Progress (4): 502 kB | 552/638 kB | 173 kB | 90/136 kB
Progress (4): 502 kB | 552/638 kB | 173 kB | 94/136 kB
Progress (4): 502 kB | 552/638 kB | 173 kB | 98/136 kB
Progress (4): 502 kB | 552/638 kB | 173 kB | 102/136 kB
Progress (4): 502 kB | 552/638 kB | 173 kB | 106/136 kB
Progress (4): 502 kB | 552/638 kB | 173 kB | 111/136 kB
Progress (4): 502 kB | 552/638 kB | 173 kB | 115/136 kB
Progress (4): 502 kB | 552/638 kB | 173 kB | 119/136 kB
Progress (4): 502 kB | 552/638 kB | 173 kB | 123/136 kB
Progress (4): 502 kB | 552/638 kB | 173 kB | 127/136 kB
Progress (4): 502 kB | 552/638 kB | 173 kB | 131/136 kB
Progress (4): 502 kB | 556/638 kB | 173 kB | 131/136 kB
Progress (4): 502 kB | 561/638 kB | 173 kB | 131/136 kB
Progress (4): 502 kB | 565/638 kB | 173 kB | 131/136 kB
Progress (4): 502 kB | 569/638 kB | 173 kB | 131/136 kB
Progress (5): 502 kB | 569/638 kB | 173 kB | 131/136 kB | 4.1/147 kB
Progress (5): 502 kB | 569/638 kB | 173 kB | 131/136 kB | 8.2/147 kB
Progress (5): 502 kB | 569/638 kB | 173 kB | 131/136 kB | 12/147 kB 
Progress (5): 502 kB | 569/638 kB | 173 kB | 131/136 kB | 16/147 kB
Progress (5): 502 kB | 569/638 kB | 173 kB | 131/136 kB | 20/147 kB
Progress (5): 502 kB | 569/638 kB | 173 kB | 131/136 kB | 25/147 kB
Progress (5): 502 kB | 569/638 kB | 173 kB | 131/136 kB | 29/147 kB
Progress (5): 502 kB | 569/638 kB | 173 kB | 131/136 kB | 33/147 kB
Progress (5): 502 kB | 569/638 kB | 173 kB | 131/136 kB | 37/147 kB
Progress (5): 502 kB | 569/638 kB | 173 kB | 131/136 kB | 41/147 kB
Progress (5): 502 kB | 569/638 kB | 173 kB | 131/136 kB | 45/147 kB
Progress (5): 502 kB | 569/638 kB | 173 kB | 131/136 kB | 49/147 kB
Progress (5): 502 kB | 569/638 kB | 173 kB | 131/136 kB | 53/147 kB
Progress (5): 502 kB | 569/638 kB | 173 kB | 131/136 kB | 57/147 kB
Progress (5): 502 kB | 569/638 kB | 173 kB | 131/136 kB | 61/147 kB
Progress (5): 502 kB | 569/638 kB | 173 kB | 131/136 kB | 66/147 kB
Progress (5): 502 kB | 569/638 kB | 173 kB | 131/136 kB | 70/147 kB
Progress (5): 502 kB | 569/638 kB | 173 kB | 131/136 kB | 73/147 kB
Progress (5): 502 kB | 569/638 kB | 173 kB | 131/136 kB | 77/147 kB
Progress (5): 502 kB | 569/638 kB | 173 kB | 131/136 kB | 81/147 kB
Progress (5): 502 kB | 569/638 kB | 173 kB | 131/136 kB | 85/147 kB
Progress (5): 502 kB | 569/638 kB | 173 kB | 131/136 kB | 89/147 kB
Progress (5): 502 kB | 569/638 kB | 173 kB | 135/136 kB | 89/147 kB
Progress (5): 502 kB | 569/638 kB | 173 kB | 136 kB | 89/147 kB    
Progress (5): 502 kB | 573/638 kB | 173 kB | 136 kB | 89/147 kB
Progress (5): 502 kB | 577/638 kB | 173 kB | 136 kB | 89/147 kB
Progress (5): 502 kB | 581/638 kB | 173 kB | 136 kB | 89/147 kB
Progress (5): 502 kB | 585/638 kB | 173 kB | 136 kB | 89/147 kB
Progress (5): 502 kB | 589/638 kB | 173 kB | 136 kB | 89/147 kB
                                                               
Downloaded from central: https://repo.maven.apache.org/maven2/org/eclipse/aether/aether-impl/1.0.2.v20150114/aether-impl-1.0.2.v20150114.jar (173 kB at 509 kB/s)
Downloading from central: https://repo.maven.apache.org/maven2/org/eclipse/sisu/org.eclipse.sisu.plexus/0.3.2/org.eclipse.sisu.plexus-0.3.2.jar
Progress (4): 502 kB | 593/638 kB | 136 kB | 89/147 kB
Progress (4): 502 kB | 597/638 kB | 136 kB | 89/147 kB
Progress (4): 502 kB | 602/638 kB | 136 kB | 89/147 kB
Progress (4): 502 kB | 606/638 kB | 136 kB | 89/147 kB
Progress (4): 502 kB | 610/638 kB | 136 kB | 89/147 kB
Progress (4): 502 kB | 614/638 kB | 136 kB | 89/147 kB
Progress (4): 502 kB | 618/638 kB | 136 kB | 89/147 kB
Progress (4): 502 kB | 622/638 kB | 136 kB | 89/147 kB
Progress (4): 502 kB | 626/638 kB | 136 kB | 89/147 kB
Progress (4): 502 kB | 630/638 kB | 136 kB | 89/147 kB
Progress (4): 502 kB | 634/638 kB | 136 kB | 89/147 kB
Progress (4): 502 kB | 638 kB | 136 kB | 89/147 kB    
Progress (4): 502 kB | 638 kB | 136 kB | 93/147 kB
Progress (4): 502 kB | 638 kB | 136 kB | 97/147 kB
Progress (4): 502 kB | 638 kB | 136 kB | 101/147 kB
Progress (4): 502 kB | 638 kB | 136 kB | 105/147 kB
Progress (4): 502 kB | 638 kB | 136 kB | 109/147 kB
Progress (4): 502 kB | 638 kB | 136 kB | 114/147 kB
Progress (4): 502 kB | 638 kB | 136 kB | 118/147 kB
Progress (4): 502 kB | 638 kB | 136 kB | 122/147 kB
Progress (4): 502 kB | 638 kB | 136 kB | 126/147 kB
Progress (4): 502 kB | 638 kB | 136 kB | 130/147 kB
Progress (4): 502 kB | 638 kB | 136 kB | 134/147 kB
Progress (4): 502 kB | 638 kB | 136 kB | 138/147 kB
                                                   
Downloaded from central: https://repo.maven.apache.org/maven2/org/apache/commons/commons-lang3/3.8.1/commons-lang3-3.8.1.jar (502 kB at 1.4 MB/s)
Downloading from central: https://repo.maven.apache.org/maven2/javax/enterprise/cdi-api/1.0/cdi-api-1.0.jar
Downloaded from central: https://repo.maven.apache.org/maven2/org/eclipse/aether/aether-api/1.0.2.v20150114/aether-api-1.0.2.v20150114.jar (136 kB at 383 kB/s)
Downloading from central: https://repo.maven.apache.org/maven2/javax/annotation/jsr250-api/1.0/jsr250-api-1.0.jar
Progress (3): 638 kB | 138/147 kB | 4.1/205 kB
Progress (3): 638 kB | 138/147 kB | 8.2/205 kB
Progress (3): 638 kB | 138/147 kB | 12/205 kB 
Progress (3): 638 kB | 138/147 kB | 16/205 kB
Progress (3): 638 kB | 138/147 kB | 20/205 kB
Progress (3): 638 kB | 138/147 kB | 25/205 kB
Progress (3): 638 kB | 138/147 kB | 29/205 kB
Progress (3): 638 kB | 138/147 kB | 33/205 kB
Progress (3): 638 kB | 138/147 kB | 37/205 kB
Progress (3): 638 kB | 138/147 kB | 41/205 kB
Progress (3): 638 kB | 138/147 kB | 45/205 kB
Progress (3): 638 kB | 138/147 kB | 49/205 kB
Progress (3): 638 kB | 138/147 kB | 53/205 kB
Progress (3): 638 kB | 138/147 kB | 57/205 kB
Progress (3): 638 kB | 138/147 kB | 61/205 kB
Progress (3): 638 kB | 138/147 kB | 66/205 kB
Progress (3): 638 kB | 138/147 kB | 70/205 kB
Progress (3): 638 kB | 138/147 kB | 74/205 kB
Progress (3): 638 kB | 138/147 kB | 78/205 kB
Progress (3): 638 kB | 138/147 kB | 82/205 kB
Progress (3): 638 kB | 138/147 kB | 86/205 kB
Progress (3): 638 kB | 138/147 kB | 90/205 kB
Progress (3): 638 kB | 138/147 kB | 94/205 kB
Progress (3): 638 kB | 138/147 kB | 98/205 kB
Progress (3): 638 kB | 138/147 kB | 102/205 kB
Progress (3): 638 kB | 138/147 kB | 106/205 kB
Progress (3): 638 kB | 138/147 kB | 111/205 kB
Progress (3): 638 kB | 138/147 kB | 115/205 kB
Progress (3): 638 kB | 138/147 kB | 119/205 kB
Progress (3): 638 kB | 138/147 kB | 123/205 kB
Progress (3): 638 kB | 138/147 kB | 127/205 kB
Progress (3): 638 kB | 138/147 kB | 131/205 kB
Progress (3): 638 kB | 142/147 kB | 131/205 kB
Progress (4): 638 kB | 142/147 kB | 131/205 kB | 4.1/45 kB
Progress (4): 638 kB | 142/147 kB | 131/205 kB | 8.2/45 kB
Progress (4): 638 kB | 142/147 kB | 131/205 kB | 12/45 kB 
Progress (4): 638 kB | 142/147 kB | 131/205 kB | 16/45 kB
Progress (4): 638 kB | 142/147 kB | 131/205 kB | 20/45 kB
Progress (4): 638 kB | 142/147 kB | 131/205 kB | 25/45 kB
Progress (4): 638 kB | 142/147 kB | 131/205 kB | 29/45 kB
Progress (4): 638 kB | 142/147 kB | 131/205 kB | 33/45 kB
Progress (4): 638 kB | 142/147 kB | 131/205 kB | 37/45 kB
Progress (4): 638 kB | 142/147 kB | 131/205 kB | 41/45 kB
Progress (4): 638 kB | 142/147 kB | 131/205 kB | 45 kB   
                                                      
Downloaded from central: https://repo.maven.apache.org/maven2/org/apache/maven/maven-core/3.3.9/maven-core-3.3.9.jar (638 kB at 1.7 MB/s)
Progress (3): 146/147 kB | 131/205 kB | 45 kB
Progress (3): 147 kB | 131/205 kB | 45 kB    
                                         
Downloading from central: https://repo.maven.apache.org/maven2/org/eclipse/sisu/org.eclipse.sisu.inject/0.3.2/org.eclipse.sisu.inject-0.3.2.jar
Progress (4): 147 kB | 131/205 kB | 45 kB | 4.1/5.8 kB
Progress (4): 147 kB | 131/205 kB | 45 kB | 5.8 kB    
Progress (4): 147 kB | 135/205 kB | 45 kB | 5.8 kB
Progress (4): 147 kB | 139/205 kB | 45 kB | 5.8 kB
Progress (4): 147 kB | 143/205 kB | 45 kB | 5.8 kB
Progress (4): 147 kB | 147/205 kB | 45 kB | 5.8 kB
Progress (4): 147 kB | 152/205 kB | 45 kB | 5.8 kB
Progress (4): 147 kB | 156/205 kB | 45 kB | 5.8 kB
Progress (4): 147 kB | 160/205 kB | 45 kB | 5.8 kB
Progress (4): 147 kB | 164/205 kB | 45 kB | 5.8 kB
Progress (4): 147 kB | 168/205 kB | 45 kB | 5.8 kB
                                                  
Downloaded from central: https://repo.maven.apache.org/maven2/org/eclipse/aether/aether-util/1.0.2.v20150114/aether-util-1.0.2.v20150114.jar (147 kB at 381 kB/s)
Downloading from central: https://repo.maven.apache.org/maven2/com/google/inject/guice/4.0/guice-4.0-no_aop.jar
Downloaded from central: https://repo.maven.apache.org/maven2/javax/enterprise/cdi-api/1.0/cdi-api-1.0.jar (45 kB at 116 kB/s)
Downloading from central: https://repo.maven.apache.org/maven2/javax/inject/javax.inject/1/javax.inject-1.jar
Downloaded from central: https://repo.maven.apache.org/maven2/javax/annotation/jsr250-api/1.0/jsr250-api-1.0.jar (5.8 kB at 15 kB/s)
Downloading from central: https://repo.maven.apache.org/maven2/aopalliance/aopalliance/1.0/aopalliance-1.0.jar
Progress (2): 168/205 kB | 4.1/378 kB
Progress (2): 168/205 kB | 8.2/378 kB
Progress (2): 168/205 kB | 12/378 kB 
Progress (2): 168/205 kB | 16/378 kB
Progress (2): 168/205 kB | 20/378 kB
Progress (2): 168/205 kB | 25/378 kB
Progress (2): 168/205 kB | 29/378 kB
Progress (2): 168/205 kB | 33/378 kB
Progress (2): 168/205 kB | 37/378 kB
Progress (2): 168/205 kB | 41/378 kB
Progress (2): 168/205 kB | 45/378 kB
Progress (2): 168/205 kB | 49/378 kB
Progress (2): 168/205 kB | 53/378 kB
Progress (2): 168/205 kB | 57/378 kB
Progress (2): 168/205 kB | 61/378 kB
Progress (2): 168/205 kB | 66/378 kB
Progress (2): 168/205 kB | 70/378 kB
Progress (2): 168/205 kB | 74/378 kB
Progress (2): 168/205 kB | 78/378 kB
Progress (2): 168/205 kB | 82/378 kB
Progress (2): 172/205 kB | 82/378 kB
Progress (2): 176/205 kB | 82/378 kB
Progress (2): 180/205 kB | 82/378 kB
Progress (3): 180/205 kB | 82/378 kB | 4.1/424 kB
Progress (3): 180/205 kB | 82/378 kB | 8.2/424 kB
Progress (3): 180/205 kB | 82/378 kB | 12/424 kB 
Progress (3): 180/205 kB | 82/378 kB | 16/424 kB
Progress (3): 180/205 kB | 82/378 kB | 20/424 kB
Progress (3): 180/205 kB | 82/378 kB | 25/424 kB
Progress (3): 180/205 kB | 82/378 kB | 29/424 kB
Progress (3): 180/205 kB | 82/378 kB | 33/424 kB
Progress (3): 180/205 kB | 82/378 kB | 37/424 kB
Progress (3): 180/205 kB | 82/378 kB | 41/424 kB
Progress (3): 180/205 kB | 82/378 kB | 45/424 kB
Progress (3): 180/205 kB | 82/378 kB | 49/424 kB
Progress (3): 180/205 kB | 82/378 kB | 53/424 kB
Progress (3): 180/205 kB | 82/378 kB | 57/424 kB
Progress (3): 180/205 kB | 82/378 kB | 61/424 kB
Progress (3): 184/205 kB | 82/378 kB | 61/424 kB
Progress (4): 184/205 kB | 82/378 kB | 61/424 kB | 2.5 kB
Progress (5): 184/205 kB | 82/378 kB | 61/424 kB | 2.5 kB | 4.1/4.5 kB
Progress (5): 184/205 kB | 82/378 kB | 61/424 kB | 2.5 kB | 4.5 kB    
Progress (5): 184/205 kB | 86/378 kB | 61/424 kB | 2.5 kB | 4.5 kB
Progress (5): 184/205 kB | 90/378 kB | 61/424 kB | 2.5 kB | 4.5 kB
Progress (5): 184/205 kB | 94/378 kB | 61/424 kB | 2.5 kB | 4.5 kB
Progress (5): 184/205 kB | 98/378 kB | 61/424 kB | 2.5 kB | 4.5 kB
Progress (5): 184/205 kB | 102/378 kB | 61/424 kB | 2.5 kB | 4.5 kB
Progress (5): 188/205 kB | 102/378 kB | 61/424 kB | 2.5 kB | 4.5 kB
Progress (5): 193/205 kB | 102/378 kB | 61/424 kB | 2.5 kB | 4.5 kB
Progress (5): 197/205 kB | 102/378 kB | 61/424 kB | 2.5 kB | 4.5 kB
Progress (5): 201/205 kB | 102/378 kB | 61/424 kB | 2.5 kB | 4.5 kB
Progress (5): 205/205 kB | 102/378 kB | 61/424 kB | 2.5 kB | 4.5 kB
Progress (5): 205/205 kB | 102/378 kB | 66/424 kB | 2.5 kB | 4.5 kB
                                                                   
Downloaded from central: https://repo.maven.apache.org/maven2/javax/inject/javax.inject/1/javax.inject-1.jar (2.5 kB at 6.0 kB/s)
Downloading from central: https://repo.maven.apache.org/maven2/org/codehaus/plexus/plexus-classworlds/2.5.2/plexus-classworlds-2.5.2.jar
Downloaded from central: https://repo.maven.apache.org/maven2/aopalliance/aopalliance/1.0/aopalliance-1.0.jar (4.5 kB at 11 kB/s)
Downloading from central: https://repo.maven.apache.org/maven2/org/codehaus/plexus/plexus-component-annotations/1.6/plexus-component-annotations-1.6.jar
Progress (3): 205 kB | 102/378 kB | 66/424 kB
Progress (3): 205 kB | 106/378 kB | 66/424 kB
Progress (3): 205 kB | 111/378 kB | 66/424 kB
Progress (3): 205 kB | 115/378 kB | 66/424 kB
Progress (3): 205 kB | 119/378 kB | 66/424 kB
Progress (3): 205 kB | 123/378 kB | 66/424 kB
Progress (3): 205 kB | 123/378 kB | 70/424 kB
Progress (3): 205 kB | 123/378 kB | 74/424 kB
Progress (3): 205 kB | 123/378 kB | 78/424 kB
Progress (3): 205 kB | 123/378 kB | 82/424 kB
Progress (3): 205 kB | 123/378 kB | 86/424 kB
Progress (3): 205 kB | 123/378 kB | 90/424 kB
Progress (3): 205 kB | 123/378 kB | 94/424 kB
Progress (3): 205 kB | 123/378 kB | 98/424 kB
Progress (3): 205 kB | 123/378 kB | 102/424 kB
Progress (3): 205 kB | 123/378 kB | 106/424 kB
Progress (3): 205 kB | 123/378 kB | 111/424 kB
Progress (3): 205 kB | 123/378 kB | 115/424 kB
Progress (3): 205 kB | 123/378 kB | 119/424 kB
Progress (3): 205 kB | 123/378 kB | 123/424 kB
Progress (3): 205 kB | 123/378 kB | 127/424 kB
Progress (3): 205 kB | 123/378 kB | 131/424 kB
Progress (3): 205 kB | 123/378 kB | 135/424 kB
Progress (3): 205 kB | 123/378 kB | 139/424 kB
Progress (3): 205 kB | 123/378 kB | 143/424 kB
Progress (3): 205 kB | 123/378 kB | 147/424 kB
Progress (4): 205 kB | 123/378 kB | 147/424 kB | 4.1/53 kB
Progress (4): 205 kB | 123/378 kB | 147/424 kB | 8.2/53 kB
Progress (4): 205 kB | 123/378 kB | 147/424 kB | 12/53 kB 
Progress (4): 205 kB | 123/378 kB | 147/424 kB | 16/53 kB
Progress (4): 205 kB | 123/378 kB | 147/424 kB | 20/53 kB
Progress (4): 205 kB | 127/378 kB | 147/424 kB | 20/53 kB
Progress (4): 205 kB | 131/378 kB | 147/424 kB | 20/53 kB
Progress (4): 205 kB | 135/378 kB | 147/424 kB | 20/53 kB
Progress (4): 205 kB | 139/378 kB | 147/424 kB | 20/53 kB
Progress (4): 205 kB | 143/378 kB | 147/424 kB | 20/53 kB
Progress (4): 205 kB | 147/378 kB | 147/424 kB | 20/53 kB
Progress (4): 205 kB | 152/378 kB | 147/424 kB | 20/53 kB
Progress (4): 205 kB | 156/378 kB | 147/424 kB | 20/53 kB
Progress (4): 205 kB | 160/378 kB | 147/424 kB | 20/53 kB
Progress (4): 205 kB | 160/378 kB | 147/424 kB | 25/53 kB
Progress (4): 205 kB | 160/378 kB | 147/424 kB | 29/53 kB
Progress (4): 205 kB | 160/378 kB | 147/424 kB | 33/53 kB
Progress (4): 205 kB | 160/378 kB | 147/424 kB | 37/53 kB
Progress (4): 205 kB | 160/378 kB | 147/424 kB | 41/53 kB
Progress (4): 205 kB | 160/378 kB | 147/424 kB | 45/53 kB
Progress (4): 205 kB | 160/378 kB | 147/424 kB | 49/53 kB
Progress (4): 205 kB | 160/378 kB | 147/424 kB | 53 kB   
Progress (5): 205 kB | 160/378 kB | 147/424 kB | 53 kB | 4.1/4.3 kB
Progress (5): 205 kB | 160/378 kB | 147/424 kB | 53 kB | 4.3 kB    
Progress (5): 205 kB | 164/378 kB | 147/424 kB | 53 kB | 4.3 kB
Progress (5): 205 kB | 168/378 kB | 147/424 kB | 53 kB | 4.3 kB
Progress (5): 205 kB | 172/378 kB | 147/424 kB | 53 kB | 4.3 kB
Progress (5): 205 kB | 176/378 kB | 147/424 kB | 53 kB | 4.3 kB
Progress (5): 205 kB | 180/378 kB | 147/424 kB | 53 kB | 4.3 kB
Progress (5): 205 kB | 184/378 kB | 147/424 kB | 53 kB | 4.3 kB
Progress (5): 205 kB | 184/378 kB | 152/424 kB | 53 kB | 4.3 kB
Progress (5): 205 kB | 184/378 kB | 156/424 kB | 53 kB | 4.3 kB
Progress (5): 205 kB | 184/378 kB | 160/424 kB | 53 kB | 4.3 kB
Progress (5): 205 kB | 184/378 kB | 164/424 kB | 53 kB | 4.3 kB
Progress (5): 205 kB | 184/378 kB | 168/424 kB | 53 kB | 4.3 kB
                                                               
Downloaded from central: https://repo.maven.apache.org/maven2/org/codehaus/plexus/plexus-classworlds/2.5.2/plexus-classworlds-2.5.2.jar (53 kB at 116 kB/s)
Downloaded from central: https://repo.maven.apache.org/maven2/org/eclipse/sisu/org.eclipse.sisu.plexus/0.3.2/org.eclipse.sisu.plexus-0.3.2.jar (205 kB at 453 kB/s)
Downloading from central: https://repo.maven.apache.org/maven2/org/apache/maven/maven-model/3.3.9/maven-model-3.3.9.jar
Downloaded from central: https://repo.maven.apache.org/maven2/org/codehaus/plexus/plexus-component-annotations/1.6/plexus-component-annotations-1.6.jar (4.3 kB at 9.4 kB/s)
Downloading from central: https://repo.maven.apache.org/maven2/org/apache/maven/maven-plugin-api/3.3.9/maven-plugin-api-3.3.9.jar
Downloading from central: https://repo.maven.apache.org/maven2/org/apache/maven/maven-settings/3.3.9/maven-settings-3.3.9.jar
Progress (2): 184/378 kB | 172/424 kB
Progress (2): 184/378 kB | 176/424 kB
Progress (2): 184/378 kB | 180/424 kB
Progress (2): 188/378 kB | 180/424 kB
Progress (2): 193/378 kB | 180/424 kB
Progress (2): 197/378 kB | 180/424 kB
Progress (2): 201/378 kB | 180/424 kB
Progress (2): 205/378 kB | 180/424 kB
Progress (2): 209/378 kB | 180/424 kB
Progress (2): 213/378 kB | 180/424 kB
Progress (2): 217/378 kB | 180/424 kB
Progress (2): 221/378 kB | 180/424 kB
Progress (2): 225/378 kB | 180/424 kB
Progress (2): 229/378 kB | 180/424 kB
Progress (2): 233/378 kB | 180/424 kB
Progress (2): 238/378 kB | 180/424 kB
Progress (2): 242/378 kB | 180/424 kB
Progress (2): 246/378 kB | 180/424 kB
Progress (2): 250/378 kB | 180/424 kB
Progress (2): 254/378 kB | 180/424 kB
Progress (2): 258/378 kB | 180/424 kB
Progress (2): 262/378 kB | 180/424 kB
Progress (2): 266/378 kB | 180/424 kB
Progress (2): 270/378 kB | 180/424 kB
Progress (2): 274/378 kB | 180/424 kB
Progress (2): 279/378 kB | 180/424 kB
Progress (2): 283/378 kB | 180/424 kB
Progress (2): 283/378 kB | 184/424 kB
Progress (2): 283/378 kB | 188/424 kB
Progress (2): 283/378 kB | 193/424 kB
Progress (2): 283/378 kB | 197/424 kB
Progress (2): 283/378 kB | 201/424 kB
Progress (2): 283/378 kB | 205/424 kB
Progress (2): 283/378 kB | 209/424 kB
Progress (2): 283/378 kB | 213/424 kB
Progress (2): 283/378 kB | 217/424 kB
Progress (3): 283/378 kB | 217/424 kB | 4.1/164 kB
Progress (3): 283/378 kB | 217/424 kB | 8.2/164 kB
Progress (3): 283/378 kB | 217/424 kB | 12/164 kB 
Progress (3): 283/378 kB | 217/424 kB | 16/164 kB
Progress (3): 283/378 kB | 217/424 kB | 20/164 kB
Progress (3): 283/378 kB | 217/424 kB | 25/164 kB
Progress (3): 283/378 kB | 217/424 kB | 29/164 kB
Progress (3): 283/378 kB | 217/424 kB | 33/164 kB
Progress (3): 283/378 kB | 217/424 kB | 37/164 kB
Progress (3): 283/378 kB | 217/424 kB | 41/164 kB
Progress (3): 283/378 kB | 217/424 kB | 45/164 kB
Progress (3): 283/378 kB | 217/424 kB | 49/164 kB
Progress (3): 283/378 kB | 217/424 kB | 53/164 kB
Progress (3): 283/378 kB | 217/424 kB | 57/164 kB
Progress (3): 283/378 kB | 217/424 kB | 61/164 kB
Progress (3): 283/378 kB | 217/424 kB | 66/164 kB
Progress (3): 283/378 kB | 217/424 kB | 70/164 kB
Progress (3): 283/378 kB | 217/424 kB | 74/164 kB
Progress (3): 283/378 kB | 217/424 kB | 78/164 kB
Progress (3): 283/378 kB | 217/424 kB | 82/164 kB
Progress (3): 283/378 kB | 217/424 kB | 86/164 kB
Progress (3): 283/378 kB | 221/424 kB | 86/164 kB
Progress (3): 283/378 kB | 225/424 kB | 86/164 kB
Progress (3): 283/378 kB | 229/424 kB | 86/164 kB
Progress (3): 283/378 kB | 233/424 kB | 86/164 kB
Progress (3): 283/378 kB | 238/424 kB | 86/164 kB
Progress (3): 283/378 kB | 242/424 kB | 86/164 kB
Progress (3): 283/378 kB | 246/424 kB | 86/164 kB
Progress (3): 283/378 kB | 250/424 kB | 86/164 kB
Progress (3): 283/378 kB | 254/424 kB | 86/164 kB
Progress (3): 283/378 kB | 258/424 kB | 86/164 kB
Progress (3): 283/378 kB | 262/424 kB | 86/164 kB
Progress (3): 287/378 kB | 262/424 kB | 86/164 kB
Progress (4): 287/378 kB | 262/424 kB | 86/164 kB | 4.1/47 kB
Progress (4): 287/378 kB | 262/424 kB | 86/164 kB | 8.2/47 kB
Progress (4): 287/378 kB | 262/424 kB | 86/164 kB | 12/47 kB 
Progress (4): 287/378 kB | 262/424 kB | 86/164 kB | 16/47 kB
Progress (4): 287/378 kB | 262/424 kB | 86/164 kB | 20/47 kB
Progress (4): 287/378 kB | 262/424 kB | 86/164 kB | 25/47 kB
Progress (4): 287/378 kB | 262/424 kB | 86/164 kB | 29/47 kB
Progress (4): 287/378 kB | 262/424 kB | 86/164 kB | 33/47 kB
Progress (4): 287/378 kB | 262/424 kB | 86/164 kB | 37/47 kB
Progress (4): 287/378 kB | 262/424 kB | 86/164 kB | 41/47 kB
Progress (4): 287/378 kB | 262/424 kB | 86/164 kB | 45/47 kB
Progress (4): 287/378 kB | 262/424 kB | 86/164 kB | 47 kB   
Progress (4): 287/378 kB | 262/424 kB | 90/164 kB | 47 kB
Progress (5): 287/378 kB | 262/424 kB | 90/164 kB | 47 kB | 4.1/44 kB
Progress (5): 287/378 kB | 262/424 kB | 90/164 kB | 47 kB | 8.2/44 kB
Progress (5): 287/378 kB | 262/424 kB | 90/164 kB | 47 kB | 12/44 kB 
Progress (5): 287/378 kB | 262/424 kB | 90/164 kB | 47 kB | 16/44 kB
Progress (5): 287/378 kB | 262/424 kB | 90/164 kB | 47 kB | 20/44 kB
Progress (5): 287/378 kB | 262/424 kB | 90/164 kB | 47 kB | 25/44 kB
Progress (5): 287/378 kB | 262/424 kB | 90/164 kB | 47 kB | 29/44 kB
Progress (5): 287/378 kB | 262/424 kB | 90/164 kB | 47 kB | 33/44 kB
Progress (5): 287/378 kB | 262/424 kB | 90/164 kB | 47 kB | 37/44 kB
Progress (5): 287/378 kB | 262/424 kB | 90/164 kB | 47 kB | 41/44 kB
Progress (5): 287/378 kB | 262/424 kB | 90/164 kB | 47 kB | 44 kB   
Progress (5): 287/378 kB | 262/424 kB | 94/164 kB | 47 kB | 44 kB
Progress (5): 287/378 kB | 262/424 kB | 98/164 kB | 47 kB | 44 kB
Progress (5): 287/378 kB | 262/424 kB | 102/164 kB | 47 kB | 44 kB
Progress (5): 287/378 kB | 262/424 kB | 106/164 kB | 47 kB | 44 kB
Progress (5): 287/378 kB | 262/424 kB | 111/164 kB | 47 kB | 44 kB
Progress (5): 287/378 kB | 262/424 kB | 115/164 kB | 47 kB | 44 kB
Progress (5): 287/378 kB | 262/424 kB | 119/164 kB | 47 kB | 44 kB
Progress (5): 287/378 kB | 262/424 kB | 123/164 kB | 47 kB | 44 kB
Progress (5): 287/378 kB | 262/424 kB | 127/164 kB | 47 kB | 44 kB
Progress (5): 287/378 kB | 262/424 kB | 131/164 kB | 47 kB | 44 kB
Progress (5): 287/378 kB | 262/424 kB | 135/164 kB | 47 kB | 44 kB
Progress (5): 287/378 kB | 262/424 kB | 139/164 kB | 47 kB | 44 kB
Progress (5): 287/378 kB | 262/424 kB | 143/164 kB | 47 kB | 44 kB
Progress (5): 287/378 kB | 262/424 kB | 147/164 kB | 47 kB | 44 kB
Progress (5): 287/378 kB | 262/424 kB | 152/164 kB | 47 kB | 44 kB
Progress (5): 287/378 kB | 262/424 kB | 156/164 kB | 47 kB | 44 kB
Progress (5): 287/378 kB | 262/424 kB | 160/164 kB | 47 kB | 44 kB
Progress (5): 287/378 kB | 262/424 kB | 164/164 kB | 47 kB | 44 kB
Progress (5): 287/378 kB | 262/424 kB | 164 kB | 47 kB | 44 kB    
Progress (5): 291/378 kB | 262/424 kB | 164 kB | 47 kB | 44 kB
Progress (5): 295/378 kB | 262/424 kB | 164 kB | 47 kB | 44 kB
Progress (5): 299/378 kB | 262/424 kB | 164 kB | 47 kB | 44 kB
Progress (5): 303/378 kB | 262/424 kB | 164 kB | 47 kB | 44 kB
Progress (5): 307/378 kB | 262/424 kB | 164 kB | 47 kB | 44 kB
Progress (5): 311/378 kB | 262/424 kB | 164 kB | 47 kB | 44 kB
Progress (5): 315/378 kB | 262/424 kB | 164 kB | 47 kB | 44 kB
Progress (5): 319/378 kB | 262/424 kB | 164 kB | 47 kB | 44 kB
Progress (5): 324/378 kB | 262/424 kB | 164 kB | 47 kB | 44 kB
Progress (5): 328/378 kB | 262/424 kB | 164 kB | 47 kB | 44 kB
Progress (5): 332/378 kB | 262/424 kB | 164 kB | 47 kB | 44 kB
Progress (5): 336/378 kB | 262/424 kB | 164 kB | 47 kB | 44 kB
Progress (5): 340/378 kB | 262/424 kB | 164 kB | 47 kB | 44 kB
Progress (5): 344/378 kB | 262/424 kB | 164 kB | 47 kB | 44 kB
Progress (5): 348/378 kB | 262/424 kB | 164 kB | 47 kB | 44 kB
Progress (5): 352/378 kB | 262/424 kB | 164 kB | 47 kB | 44 kB
Progress (5): 356/378 kB | 262/424 kB | 164 kB | 47 kB | 44 kB
Progress (5): 360/378 kB | 262/424 kB | 164 kB | 47 kB | 44 kB
Progress (5): 365/378 kB | 262/424 kB | 164 kB | 47 kB | 44 kB
Progress (5): 369/378 kB | 262/424 kB | 164 kB | 47 kB | 44 kB
Progress (5): 373/378 kB | 262/424 kB | 164 kB | 47 kB | 44 kB
Progress (5): 377/378 kB | 262/424 kB | 164 kB | 47 kB | 44 kB
Progress (5): 378 kB | 262/424 kB | 164 kB | 47 kB | 44 kB    
Progress (5): 378 kB | 266/424 kB | 164 kB | 47 kB | 44 kB
Progress (5): 378 kB | 270/424 kB | 164 kB | 47 kB | 44 kB
Progress (5): 378 kB | 274/424 kB | 164 kB | 47 kB | 44 kB
Progress (5): 378 kB | 279/424 kB | 164 kB | 47 kB | 44 kB
Progress (5): 378 kB | 283/424 kB | 164 kB | 47 kB | 44 kB
                                                          
Downloaded from central: https://repo.maven.apache.org/maven2/org/apache/maven/maven-settings/3.3.9/maven-settings-3.3.9.jar (44 kB at 89 kB/s)
Downloading from central: https://repo.maven.apache.org/maven2/org/apache/maven/shared/maven-common-artifact-filters/3.0.1/maven-common-artifact-filters-3.0.1.jar
Progress (4): 378 kB | 287/424 kB | 164 kB | 47 kB
                                                  
Downloaded from central: https://repo.maven.apache.org/maven2/org/apache/maven/maven-plugin-api/3.3.9/maven-plugin-api-3.3.9.jar (47 kB at 95 kB/s)
Downloading from central: https://repo.maven.apache.org/maven2/org/apache/maven/plugins/maven-shade-plugin/3.2.1/maven-shade-plugin-3.2.1.jar
Progress (3): 378 kB | 291/424 kB | 164 kB
Progress (3): 378 kB | 295/424 kB | 164 kB
Progress (3): 378 kB | 299/424 kB | 164 kB
Progress (3): 378 kB | 303/424 kB | 164 kB
Progress (3): 378 kB | 307/424 kB | 164 kB
Progress (3): 378 kB | 311/424 kB | 164 kB
Progress (3): 378 kB | 315/424 kB | 164 kB
Progress (3): 378 kB | 319/424 kB | 164 kB
Progress (3): 378 kB | 324/424 kB | 164 kB
Progress (3): 378 kB | 328/424 kB | 164 kB
Progress (3): 378 kB | 332/424 kB | 164 kB
Progress (3): 378 kB | 336/424 kB | 164 kB
Progress (3): 378 kB | 340/424 kB | 164 kB
Progress (3): 378 kB | 344/424 kB | 164 kB
                                          
Downloaded from central: https://repo.maven.apache.org/maven2/org/apache/maven/maven-model/3.3.9/maven-model-3.3.9.jar (164 kB at 315 kB/s)
Progress (3): 378 kB | 344/424 kB | 4.1/114 kB
Progress (3): 378 kB | 344/424 kB | 8.2/114 kB
Progress (3): 378 kB | 344/424 kB | 12/114 kB 
Progress (3): 378 kB | 344/424 kB | 16/114 kB
Progress (3): 378 kB | 344/424 kB | 20/114 kB
Progress (3): 378 kB | 344/424 kB | 25/114 kB
Progress (3): 378 kB | 344/424 kB | 29/114 kB
Progress (3): 378 kB | 344/424 kB | 33/114 kB
Progress (3): 378 kB | 344/424 kB | 37/114 kB
Progress (3): 378 kB | 344/424 kB | 41/114 kB
Progress (3): 378 kB | 344/424 kB | 45/114 kB
Progress (3): 378 kB | 344/424 kB | 49/114 kB
Progress (3): 378 kB | 344/424 kB | 53/114 kB
Progress (3): 378 kB | 344/424 kB | 57/114 kB
Progress (3): 378 kB | 344/424 kB | 61/114 kB
Progress (3): 378 kB | 344/424 kB | 66/114 kB
Progress (3): 378 kB | 344/424 kB | 70/114 kB
Progress (3): 378 kB | 344/424 kB | 74/114 kB
Progress (3): 378 kB | 344/424 kB | 78/114 kB
Progress (3): 378 kB | 344/424 kB | 82/114 kB
Progress (3): 378 kB | 344/424 kB | 86/114 kB
Progress (3): 378 kB | 344/424 kB | 90/114 kB
Progress (4): 378 kB | 344/424 kB | 90/114 kB | 4.1/61 kB
Progress (4): 378 kB | 344/424 kB | 90/114 kB | 8.2/61 kB
Progress (4): 378 kB | 344/424 kB | 90/114 kB | 12/61 kB 
Progress (4): 378 kB | 344/424 kB | 90/114 kB | 16/61 kB
Progress (4): 378 kB | 344/424 kB | 90/114 kB | 20/61 kB
Progress (4): 378 kB | 344/424 kB | 90/114 kB | 25/61 kB
Progress (4): 378 kB | 344/424 kB | 90/114 kB | 29/61 kB
Progress (4): 378 kB | 344/424 kB | 90/114 kB | 33/61 kB
Progress (4): 378 kB | 344/424 kB | 90/114 kB | 37/61 kB
Progress (4): 378 kB | 344/424 kB | 90/114 kB | 41/61 kB
Progress (4): 378 kB | 344/424 kB | 90/114 kB | 45/61 kB
Progress (4): 378 kB | 344/424 kB | 90/114 kB | 49/61 kB
Progress (4): 378 kB | 344/424 kB | 90/114 kB | 53/61 kB
Progress (4): 378 kB | 344/424 kB | 90/114 kB | 57/61 kB
Progress (4): 378 kB | 344/424 kB | 90/114 kB | 61/61 kB
Progress (4): 378 kB | 344/424 kB | 90/114 kB | 61 kB   
                                                     
Downloading from central: https://repo.maven.apache.org/maven2/org/apache/maven/shared/maven-artifact-transfer/0.10.0/maven-artifact-transfer-0.10.0.jar
Progress (4): 378 kB | 348/424 kB | 90/114 kB | 61 kB
Progress (4): 378 kB | 352/424 kB | 90/114 kB | 61 kB
Progress (4): 378 kB | 356/424 kB | 90/114 kB | 61 kB
Progress (4): 378 kB | 360/424 kB | 90/114 kB | 61 kB
                                                     
Downloaded from central: https://repo.maven.apache.org/maven2/org/eclipse/sisu/org.eclipse.sisu.inject/0.3.2/org.eclipse.sisu.inject-0.3.2.jar (378 kB at 707 kB/s)
Downloading from central: https://repo.maven.apache.org/maven2/org/ow2/asm/asm/7.0/asm-7.0.jar
Progress (3): 360/424 kB | 94/114 kB | 61 kB
Progress (3): 360/424 kB | 98/114 kB | 61 kB
Progress (3): 360/424 kB | 102/114 kB | 61 kB
Progress (3): 360/424 kB | 106/114 kB | 61 kB
Progress (3): 360/424 kB | 111/114 kB | 61 kB
Progress (3): 360/424 kB | 114 kB | 61 kB    
Progress (3): 365/424 kB | 114 kB | 61 kB
Progress (3): 369/424 kB | 114 kB | 61 kB
Progress (3): 373/424 kB | 114 kB | 61 kB
Progress (3): 377/424 kB | 114 kB | 61 kB
Progress (3): 381/424 kB | 114 kB | 61 kB
Progress (3): 385/424 kB | 114 kB | 61 kB
Progress (4): 385/424 kB | 114 kB | 61 kB | 4.1/128 kB
Progress (4): 385/424 kB | 114 kB | 61 kB | 8.2/128 kB
Progress (4): 385/424 kB | 114 kB | 61 kB | 12/128 kB 
Progress (4): 385/424 kB | 114 kB | 61 kB | 16/128 kB
Progress (4): 385/424 kB | 114 kB | 61 kB | 20/128 kB
Progress (4): 385/424 kB | 114 kB | 61 kB | 25/128 kB
Progress (4): 385/424 kB | 114 kB | 61 kB | 29/128 kB
Progress (4): 385/424 kB | 114 kB | 61 kB | 33/128 kB
Progress (4): 385/424 kB | 114 kB | 61 kB | 37/128 kB
Progress (4): 385/424 kB | 114 kB | 61 kB | 41/128 kB
Progress (4): 385/424 kB | 114 kB | 61 kB | 45/128 kB
Progress (4): 385/424 kB | 114 kB | 61 kB | 49/128 kB
Progress (4): 385/424 kB | 114 kB | 61 kB | 53/128 kB
Progress (4): 385/424 kB | 114 kB | 61 kB | 57/128 kB
Progress (4): 385/424 kB | 114 kB | 61 kB | 61/128 kB
Progress (4): 385/424 kB | 114 kB | 61 kB | 66/128 kB
Progress (5): 385/424 kB | 114 kB | 61 kB | 66/128 kB | 4.1/114 kB
Progress (5): 385/424 kB | 114 kB | 61 kB | 66/128 kB | 8.2/114 kB
Progress (5): 385/424 kB | 114 kB | 61 kB | 66/128 kB | 12/114 kB 
Progress (5): 385/424 kB | 114 kB | 61 kB | 66/128 kB | 16/114 kB
Progress (5): 385/424 kB | 114 kB | 61 kB | 66/128 kB | 20/114 kB
Progress (5): 385/424 kB | 114 kB | 61 kB | 66/128 kB | 25/114 kB
                                                                 
Downloaded from central: https://repo.maven.apache.org/maven2/org/apache/maven/shared/maven-common-artifact-filters/3.0.1/maven-common-artifact-filters-3.0.1.jar (61 kB at 112 kB/s)
Downloading from central: https://repo.maven.apache.org/maven2/org/ow2/asm/asm-commons/7.0/asm-commons-7.0.jar
Progress (4): 389/424 kB | 114 kB | 66/128 kB | 25/114 kB
Progress (4): 393/424 kB | 114 kB | 66/128 kB | 25/114 kB
Progress (4): 397/424 kB | 114 kB | 66/128 kB | 25/114 kB
                                                         
Downloaded from central: https://repo.maven.apache.org/maven2/org/apache/maven/plugins/maven-shade-plugin/3.2.1/maven-shade-plugin-3.2.1.jar (114 kB at 206 kB/s)
Downloading from central: https://repo.maven.apache.org/maven2/org/ow2/asm/asm-tree/7.0/asm-tree-7.0.jar
Progress (3): 397/424 kB | 66/128 kB | 29/114 kB
Progress (3): 397/424 kB | 66/128 kB | 33/114 kB
Progress (3): 397/424 kB | 66/128 kB | 37/114 kB
Progress (3): 397/424 kB | 66/128 kB | 41/114 kB
Progress (3): 397/424 kB | 66/128 kB | 45/114 kB
Progress (3): 397/424 kB | 66/128 kB | 49/114 kB
Progress (3): 397/424 kB | 66/128 kB | 53/114 kB
Progress (3): 397/424 kB | 66/128 kB | 57/114 kB
Progress (3): 397/424 kB | 66/128 kB | 61/114 kB
Progress (3): 397/424 kB | 66/128 kB | 66/114 kB
Progress (3): 397/424 kB | 66/128 kB | 70/114 kB
Progress (3): 397/424 kB | 66/128 kB | 74/114 kB
Progress (3): 397/424 kB | 66/128 kB | 78/114 kB
Progress (3): 397/424 kB | 66/128 kB | 82/114 kB
Progress (3): 397/424 kB | 66/128 kB | 86/114 kB
Progress (3): 397/424 kB | 66/128 kB | 90/114 kB
Progress (3): 397/424 kB | 66/128 kB | 94/114 kB
Progress (3): 397/424 kB | 66/128 kB | 98/114 kB
Progress (3): 397/424 kB | 66/128 kB | 102/114 kB
Progress (4): 397/424 kB | 66/128 kB | 102/114 kB | 4.1/50 kB
Progress (4): 397/424 kB | 66/128 kB | 102/114 kB | 8.2/50 kB
Progress (4): 397/424 kB | 66/128 kB | 102/114 kB | 12/50 kB 
Progress (4): 397/424 kB | 66/128 kB | 102/114 kB | 16/50 kB
Progress (4): 397/424 kB | 66/128 kB | 102/114 kB | 20/50 kB
Progress (4): 397/424 kB | 70/128 kB | 102/114 kB | 20/50 kB
Progress (4): 397/424 kB | 74/128 kB | 102/114 kB | 20/50 kB
Progress (4): 397/424 kB | 78/128 kB | 102/114 kB | 20/50 kB
Progress (4): 397/424 kB | 82/128 kB | 102/114 kB | 20/50 kB
Progress (4): 397/424 kB | 86/128 kB | 102/114 kB | 20/50 kB
Progress (4): 397/424 kB | 90/128 kB | 102/114 kB | 20/50 kB
Progress (4): 397/424 kB | 94/128 kB | 102/114 kB | 20/50 kB
Progress (4): 397/424 kB | 98/128 kB | 102/114 kB | 20/50 kB
Progress (4): 397/424 kB | 102/128 kB | 102/114 kB | 20/50 kB
Progress (4): 397/424 kB | 106/128 kB | 102/114 kB | 20/50 kB
Progress (4): 397/424 kB | 111/128 kB | 102/114 kB | 20/50 kB
Progress (4): 397/424 kB | 115/128 kB | 102/114 kB | 20/50 kB
Progress (4): 397/424 kB | 119/128 kB | 102/114 kB | 20/50 kB
Progress (4): 397/424 kB | 123/128 kB | 102/114 kB | 20/50 kB
Progress (4): 397/424 kB | 127/128 kB | 102/114 kB | 20/50 kB
Progress (4): 397/424 kB | 128 kB | 102/114 kB | 20/50 kB    
Progress (5): 397/424 kB | 128 kB | 102/114 kB | 20/50 kB | 4.1/80 kB
Progress (5): 397/424 kB | 128 kB | 102/114 kB | 20/50 kB | 8.2/80 kB
Progress (5): 397/424 kB | 128 kB | 102/114 kB | 20/50 kB | 12/80 kB 
Progress (5): 397/424 kB | 128 kB | 102/114 kB | 20/50 kB | 16/80 kB
Progress (5): 397/424 kB | 128 kB | 102/114 kB | 20/50 kB | 20/80 kB
Progress (5): 397/424 kB | 128 kB | 102/114 kB | 20/50 kB | 25/80 kB
Progress (5): 397/424 kB | 128 kB | 102/114 kB | 20/50 kB | 29/80 kB
Progress (5): 397/424 kB | 128 kB | 102/114 kB | 20/50 kB | 33/80 kB
Progress (5): 397/424 kB | 128 kB | 102/114 kB | 20/50 kB | 37/80 kB
Progress (5): 397/424 kB | 128 kB | 102/114 kB | 20/50 kB | 41/80 kB
Progress (5): 397/424 kB | 128 kB | 102/114 kB | 20/50 kB | 45/80 kB
Progress (5): 397/424 kB | 128 kB | 102/114 kB | 20/50 kB | 49/80 kB
Progress (5): 397/424 kB | 128 kB | 102/114 kB | 20/50 kB | 53/80 kB
Progress (5): 397/424 kB | 128 kB | 102/114 kB | 20/50 kB | 57/80 kB
Progress (5): 397/424 kB | 128 kB | 102/114 kB | 20/50 kB | 61/80 kB
Progress (5): 397/424 kB | 128 kB | 102/114 kB | 20/50 kB | 66/80 kB
Progress (5): 397/424 kB | 128 kB | 102/114 kB | 20/50 kB | 70/80 kB
Progress (5): 397/424 kB | 128 kB | 102/114 kB | 20/50 kB | 74/80 kB
Progress (5): 397/424 kB | 128 kB | 102/114 kB | 20/50 kB | 78/80 kB
Progress (5): 397/424 kB | 128 kB | 102/114 kB | 20/50 kB | 80 kB   
Progress (5): 401/424 kB | 128 kB | 102/114 kB | 20/50 kB | 80 kB
Progress (5): 406/424 kB | 128 kB | 102/114 kB | 20/50 kB | 80 kB
Progress (5): 410/424 kB | 128 kB | 102/114 kB | 20/50 kB | 80 kB
Progress (5): 414/424 kB | 128 kB | 102/114 kB | 20/50 kB | 80 kB
Progress (5): 418/424 kB | 128 kB | 102/114 kB | 20/50 kB | 80 kB
Progress (5): 422/424 kB | 128 kB | 102/114 kB | 20/50 kB | 80 kB
Progress (5): 424 kB | 128 kB | 102/114 kB | 20/50 kB | 80 kB    
Progress (5): 424 kB | 128 kB | 102/114 kB | 25/50 kB | 80 kB
Progress (5): 424 kB | 128 kB | 102/114 kB | 29/50 kB | 80 kB
Progress (5): 424 kB | 128 kB | 102/114 kB | 33/50 kB | 80 kB
Progress (5): 424 kB | 128 kB | 102/114 kB | 37/50 kB | 80 kB
Progress (5): 424 kB | 128 kB | 102/114 kB | 41/50 kB | 80 kB
Progress (5): 424 kB | 128 kB | 102/114 kB | 45/50 kB | 80 kB
Progress (5): 424 kB | 128 kB | 102/114 kB | 49/50 kB | 80 kB
Progress (5): 424 kB | 128 kB | 106/114 kB | 49/50 kB | 80 kB
Progress (5): 424 kB | 128 kB | 111/114 kB | 49/50 kB | 80 kB
Progress (5): 424 kB | 128 kB | 114 kB | 49/50 kB | 80 kB    
Progress (5): 424 kB | 128 kB | 114 kB | 50 kB | 80 kB   
                                                      
Downloaded from central: https://repo.maven.apache.org/maven2/org/apache/maven/shared/maven-artifact-transfer/0.10.0/maven-artifact-transfer-0.10.0.jar (128 kB at 216 kB/s)
Downloading from central: https://repo.maven.apache.org/maven2/org/ow2/asm/asm-analysis/7.0/asm-analysis-7.0.jar
Downloaded from central: https://repo.maven.apache.org/maven2/com/google/inject/guice/4.0/guice-4.0-no_aop.jar (424 kB at 711 kB/s)
Downloading from central: https://repo.maven.apache.org/maven2/org/jdom/jdom2/2.0.6/jdom2-2.0.6.jar
Downloaded from central: https://repo.maven.apache.org/maven2/org/ow2/asm/asm/7.0/asm-7.0.jar (114 kB at 189 kB/s)
Downloading from central: https://repo.maven.apache.org/maven2/org/apache/maven/shared/maven-dependency-tree/3.0.1/maven-dependency-tree-3.0.1.jar
Downloaded from central: https://repo.maven.apache.org/maven2/org/ow2/asm/asm-commons/7.0/asm-commons-7.0.jar (80 kB at 132 kB/s)
Downloading from central: https://repo.maven.apache.org/maven2/org/vafer/jdependency/2.1.1/jdependency-2.1.1.jar
Downloaded from central: https://repo.maven.apache.org/maven2/org/ow2/asm/asm-tree/7.0/asm-tree-7.0.jar (50 kB at 83 kB/s)
Downloading from central: https://repo.maven.apache.org/maven2/org/ow2/asm/asm-util/7.0-beta/asm-util-7.0-beta.jar
Progress (1): 4.1/305 kB
Progress (1): 8.2/305 kB
Progress (1): 12/305 kB 
Progress (1): 16/305 kB
Progress (1): 20/305 kB
Progress (1): 25/305 kB
Progress (1): 29/305 kB
Progress (1): 33/305 kB
Progress (1): 37/305 kB
Progress (1): 41/305 kB
Progress (1): 45/305 kB
Progress (1): 49/305 kB
Progress (1): 53/305 kB
Progress (1): 57/305 kB
Progress (1): 61/305 kB
Progress (1): 66/305 kB
Progress (1): 70/305 kB
Progress (1): 74/305 kB
Progress (1): 78/305 kB
Progress (1): 82/305 kB
Progress (1): 86/305 kB
Progress (2): 86/305 kB | 4.1/37 kB
Progress (2): 86/305 kB | 8.2/37 kB
Progress (2): 86/305 kB | 12/37 kB 
Progress (2): 86/305 kB | 16/37 kB
Progress (2): 86/305 kB | 20/37 kB
Progress (2): 86/305 kB | 25/37 kB
Progress (2): 86/305 kB | 29/37 kB
Progress (2): 86/305 kB | 33/37 kB
Progress (2): 86/305 kB | 37 kB   
Progress (2): 90/305 kB | 37 kB
Progress (2): 94/305 kB | 37 kB
Progress (2): 98/305 kB | 37 kB
Progress (2): 102/305 kB | 37 kB
Progress (3): 102/305 kB | 37 kB | 4.1/186 kB
Progress (3): 102/305 kB | 37 kB | 8.2/186 kB
Progress (3): 102/305 kB | 37 kB | 12/186 kB 
Progress (3): 102/305 kB | 37 kB | 16/186 kB
Progress (3): 102/305 kB | 37 kB | 20/186 kB
Progress (3): 102/305 kB | 37 kB | 25/186 kB
Progress (3): 102/305 kB | 37 kB | 29/186 kB
Progress (3): 102/305 kB | 37 kB | 33/186 kB
Progress (3): 102/305 kB | 37 kB | 37/186 kB
Progress (3): 102/305 kB | 37 kB | 41/186 kB
Progress (4): 102/305 kB | 37 kB | 41/186 kB | 4.1/33 kB
Progress (4): 102/305 kB | 37 kB | 41/186 kB | 8.2/33 kB
Progress (4): 102/305 kB | 37 kB | 41/186 kB | 12/33 kB 
Progress (4): 102/305 kB | 37 kB | 41/186 kB | 16/33 kB
Progress (4): 102/305 kB | 37 kB | 41/186 kB | 20/33 kB
Progress (4): 102/305 kB | 37 kB | 41/186 kB | 25/33 kB
Progress (4): 102/305 kB | 37 kB | 41/186 kB | 29/33 kB
Progress (4): 102/305 kB | 37 kB | 41/186 kB | 33/33 kB
Progress (4): 102/305 kB | 37 kB | 41/186 kB | 33 kB   
Progress (4): 102/305 kB | 37 kB | 45/186 kB | 33 kB
Progress (4): 102/305 kB | 37 kB | 49/186 kB | 33 kB
Progress (4): 102/305 kB | 37 kB | 53/186 kB | 33 kB
Progress (4): 102/305 kB | 37 kB | 57/186 kB | 33 kB
Progress (4): 102/305 kB | 37 kB | 61/186 kB | 33 kB
Progress (4): 102/305 kB | 37 kB | 66/186 kB | 33 kB
Progress (4): 102/305 kB | 37 kB | 70/186 kB | 33 kB
Progress (4): 102/305 kB | 37 kB | 74/186 kB | 33 kB
Progress (4): 106/305 kB | 37 kB | 74/186 kB | 33 kB
Progress (5): 106/305 kB | 37 kB | 74/186 kB | 33 kB | 4.1/81 kB
Progress (5): 106/305 kB | 37 kB | 74/186 kB | 33 kB | 8.2/81 kB
Progress (5): 106/305 kB | 37 kB | 74/186 kB | 33 kB | 12/81 kB 
Progress (5): 106/305 kB | 37 kB | 74/186 kB | 33 kB | 16/81 kB
Progress (5): 106/305 kB | 37 kB | 74/186 kB | 33 kB | 20/81 kB
Progress (5): 106/305 kB | 37 kB | 74/186 kB | 33 kB | 25/81 kB
Progress (5): 106/305 kB | 37 kB | 74/186 kB | 33 kB | 29/81 kB
Progress (5): 106/305 kB | 37 kB | 74/186 kB | 33 kB | 33/81 kB
Progress (5): 106/305 kB | 37 kB | 74/186 kB | 33 kB | 37/81 kB
Progress (5): 106/305 kB | 37 kB | 74/186 kB | 33 kB | 41/81 kB
Progress (5): 106/305 kB | 37 kB | 74/186 kB | 33 kB | 45/81 kB
Progress (5): 106/305 kB | 37 kB | 74/186 kB | 33 kB | 49/81 kB
Progress (5): 106/305 kB | 37 kB | 74/186 kB | 33 kB | 53/81 kB
Progress (5): 106/305 kB | 37 kB | 74/186 kB | 33 kB | 57/81 kB
Progress (5): 106/305 kB | 37 kB | 74/186 kB | 33 kB | 61/81 kB
Progress (5): 106/305 kB | 37 kB | 74/186 kB | 33 kB | 66/81 kB
                                                               
Downloaded from central: https://repo.maven.apache.org/maven2/org/apache/maven/shared/maven-dependency-tree/3.0.1/maven-dependency-tree-3.0.1.jar (37 kB at 58 kB/s)
Downloading from central: https://repo.maven.apache.org/maven2/com/google/guava/guava/19.0/guava-19.0.jar
Progress (4): 111/305 kB | 74/186 kB | 33 kB | 66/81 kB
Progress (4): 115/305 kB | 74/186 kB | 33 kB | 66/81 kB
Progress (4): 119/305 kB | 74/186 kB | 33 kB | 66/81 kB
                                                       
Downloaded from central: https://repo.maven.apache.org/maven2/org/ow2/asm/asm-analysis/7.0/asm-analysis-7.0.jar (33 kB at 52 kB/s)
Progress (3): 123/305 kB | 74/186 kB | 66/81 kB
Progress (3): 127/305 kB | 74/186 kB | 66/81 kB
Progress (3): 131/305 kB | 74/186 kB | 66/81 kB
Progress (3): 135/305 kB | 74/186 kB | 66/81 kB
Progress (3): 139/305 kB | 74/186 kB | 66/81 kB
Progress (3): 143/305 kB | 74/186 kB | 66/81 kB
Progress (3): 147/305 kB | 74/186 kB | 66/81 kB
Progress (3): 152/305 kB | 74/186 kB | 66/81 kB
Progress (3): 152/305 kB | 78/186 kB | 66/81 kB
Progress (3): 152/305 kB | 82/186 kB | 66/81 kB
Progress (3): 152/305 kB | 86/186 kB | 66/81 kB
Progress (3): 152/305 kB | 90/186 kB | 66/81 kB
Progress (3): 152/305 kB | 94/186 kB | 66/81 kB
Progress (3): 152/305 kB | 98/186 kB | 66/81 kB
Progress (3): 152/305 kB | 102/186 kB | 66/81 kB
Progress (3): 152/305 kB | 106/186 kB | 66/81 kB
Progress (3): 152/305 kB | 111/186 kB | 66/81 kB
Progress (3): 152/305 kB | 115/186 kB | 66/81 kB
Progress (3): 152/305 kB | 119/186 kB | 66/81 kB
Progress (3): 152/305 kB | 119/186 kB | 70/81 kB
Progress (3): 152/305 kB | 119/186 kB | 74/81 kB
Progress (3): 152/305 kB | 119/186 kB | 78/81 kB
Progress (3): 152/305 kB | 119/186 kB | 81 kB   
Progress (3): 156/305 kB | 119/186 kB | 81 kB
Progress (3): 160/305 kB | 119/186 kB | 81 kB
Progress (3): 164/305 kB | 119/186 kB | 81 kB
Progress (3): 168/305 kB | 119/186 kB | 81 kB
Progress (3): 172/305 kB | 119/186 kB | 81 kB
Progress (3): 176/305 kB | 119/186 kB | 81 kB
Progress (3): 180/305 kB | 119/186 kB | 81 kB
Progress (3): 180/305 kB | 123/186 kB | 81 kB
Progress (3): 180/305 kB | 127/186 kB | 81 kB
Progress (3): 180/305 kB | 131/186 kB | 81 kB
Progress (3): 180/305 kB | 135/186 kB | 81 kB
Progress (3): 180/305 kB | 139/186 kB | 81 kB
Progress (3): 180/305 kB | 143/186 kB | 81 kB
Progress (3): 180/305 kB | 147/186 kB | 81 kB
Progress (3): 180/305 kB | 152/186 kB | 81 kB
Progress (3): 180/305 kB | 156/186 kB | 81 kB
Progress (3): 180/305 kB | 160/186 kB | 81 kB
Progress (3): 180/305 kB | 164/186 kB | 81 kB
Progress (3): 180/305 kB | 168/186 kB | 81 kB
Progress (3): 180/305 kB | 172/186 kB | 81 kB
Progress (3): 180/305 kB | 176/186 kB | 81 kB
Progress (3): 180/305 kB | 180/186 kB | 81 kB
Progress (3): 180/305 kB | 184/186 kB | 81 kB
Progress (3): 180/305 kB | 186 kB | 81 kB    
Progress (3): 184/305 kB | 186 kB | 81 kB
Progress (3): 188/305 kB | 186 kB | 81 kB
Progress (3): 193/305 kB | 186 kB | 81 kB
Progress (3): 197/305 kB | 186 kB | 81 kB
Progress (3): 201/305 kB | 186 kB | 81 kB
Progress (3): 205/305 kB | 186 kB | 81 kB
Progress (3): 209/305 kB | 186 kB | 81 kB
Progress (3): 213/305 kB | 186 kB | 81 kB
Progress (3): 217/305 kB | 186 kB | 81 kB
Progress (3): 221/305 kB | 186 kB | 81 kB
                                         
Downloaded from central: https://repo.maven.apache.org/maven2/org/ow2/asm/asm-util/7.0-beta/asm-util-7.0-beta.jar (81 kB at 123 kB/s)
Progress (2): 225/305 kB | 186 kB
Progress (2): 229/305 kB | 186 kB
Progress (3): 229/305 kB | 186 kB | 0/2.3 MB
Progress (3): 229/305 kB | 186 kB | 0/2.3 MB
Progress (3): 229/305 kB | 186 kB | 0/2.3 MB
Progress (3): 229/305 kB | 186 kB | 0.1/2.3 MB
Progress (3): 229/305 kB | 186 kB | 0.1/2.3 MB
Progress (3): 229/305 kB | 186 kB | 0.1/2.3 MB
Progress (3): 233/305 kB | 186 kB | 0.1/2.3 MB
Progress (3): 238/305 kB | 186 kB | 0.1/2.3 MB
Progress (3): 242/305 kB | 186 kB | 0.1/2.3 MB
Progress (3): 246/305 kB | 186 kB | 0.1/2.3 MB
Progress (3): 246/305 kB | 186 kB | 0.1/2.3 MB
Progress (3): 246/305 kB | 186 kB | 0.1/2.3 MB
                                              
Downloaded from central: https://repo.maven.apache.org/maven2/org/vafer/jdependency/2.1.1/jdependency-2.1.1.jar (186 kB at 276 kB/s)
Progress (2): 250/305 kB | 0.1/2.3 MB
Progress (2): 254/305 kB | 0.1/2.3 MB
Progress (2): 258/305 kB | 0.1/2.3 MB
Progress (2): 262/305 kB | 0.1/2.3 MB
Progress (2): 266/305 kB | 0.1/2.3 MB
Progress (2): 270/305 kB | 0.1/2.3 MB
Progress (2): 274/305 kB | 0.1/2.3 MB
Progress (2): 279/305 kB | 0.1/2.3 MB
Progress (2): 283/305 kB | 0.1/2.3 MB
Progress (2): 287/305 kB | 0.1/2.3 MB
Progress (2): 291/305 kB | 0.1/2.3 MB
Progress (2): 295/305 kB | 0.1/2.3 MB
Progress (2): 299/305 kB | 0.1/2.3 MB
Progress (2): 303/305 kB | 0.1/2.3 MB
Progress (2): 305 kB | 0.1/2.3 MB    
Progress (2): 305 kB | 0.1/2.3 MB
Progress (2): 305 kB | 0.2/2.3 MB
Progress (2): 305 kB | 0.2/2.3 MB
Progress (2): 305 kB | 0.2/2.3 MB
Progress (2): 305 kB | 0.2/2.3 MB
Progress (2): 305 kB | 0.2/2.3 MB
Progress (2): 305 kB | 0.2/2.3 MB
Progress (2): 305 kB | 0.3/2.3 MB
Progress (2): 305 kB | 0.3/2.3 MB
Progress (2): 305 kB | 0.3/2.3 MB
                                 
Downloaded from central: https://repo.maven.apache.org/maven2/org/jdom/jdom2/2.0.6/jdom2-2.0.6.jar (305 kB at 442 kB/s)
Progress (1): 0.3/2.3 MB
Progress (1): 0.3/2.3 MB
Progress (1): 0.3/2.3 MB
Progress (1): 0.4/2.3 MB
Progress (1): 0.4/2.3 MB
Progress (1): 0.4/2.3 MB
Progress (1): 0.4/2.3 MB
Progress (1): 0.4/2.3 MB
Progress (1): 0.4/2.3 MB
Progress (1): 0.5/2.3 MB
Progress (1): 0.5/2.3 MB
Progress (1): 0.5/2.3 MB
Progress (1): 0.5/2.3 MB
Progress (1): 0.5/2.3 MB
Progress (1): 0.5/2.3 MB
Progress (1): 0.6/2.3 MB
Progress (1): 0.6/2.3 MB
Progress (1): 0.6/2.3 MB
Progress (1): 0.6/2.3 MB
Progress (1): 0.6/2.3 MB
Progress (1): 0.6/2.3 MB
Progress (1): 0.7/2.3 MB
Progress (1): 0.7/2.3 MB
Progress (1): 0.7/2.3 MB
Progress (1): 0.7/2.3 MB
Progress (1): 0.7/2.3 MB
Progress (1): 0.7/2.3 MB
Progress (1): 0.7/2.3 MB
Progress (1): 0.8/2.3 MB
Progress (1): 0.8/2.3 MB
Progress (1): 0.8/2.3 MB
Progress (1): 0.8/2.3 MB
Progress (1): 0.8/2.3 MB
Progress (1): 0.8/2.3 MB
Progress (1): 0.9/2.3 MB
Progress (1): 0.9/2.3 MB
Progress (1): 0.9/2.3 MB
Progress (1): 0.9/2.3 MB
Progress (1): 0.9/2.3 MB
Progress (1): 0.9/2.3 MB
Progress (1): 1.0/2.3 MB
Progress (1): 1.0/2.3 MB
Progress (1): 1.0/2.3 MB
Progress (1): 1.0/2.3 MB
Progress (1): 1.0/2.3 MB
Progress (1): 1.0/2.3 MB
Progress (1): 1.1/2.3 MB
Progress (1): 1.1/2.3 MB
Progress (1): 1.1/2.3 MB
Progress (1): 1.1/2.3 MB
Progress (1): 1.1/2.3 MB
Progress (1): 1.1/2.3 MB
Progress (1): 1.2/2.3 MB
Progress (1): 1.2/2.3 MB
Progress (1): 1.2/2.3 MB
Progress (1): 1.2/2.3 MB
Progress (1): 1.2/2.3 MB
Progress (1): 1.2/2.3 MB
Progress (1): 1.3/2.3 MB
Progress (1): 1.3/2.3 MB
Progress (1): 1.3/2.3 MB
Progress (1): 1.3/2.3 MB
Progress (1): 1.3/2.3 MB
Progress (1): 1.3/2.3 MB
Progress (1): 1.3/2.3 MB
Progress (1): 1.4/2.3 MB
Progress (1): 1.4/2.3 MB
Progress (1): 1.4/2.3 MB
Progress (1): 1.4/2.3 MB
Progress (1): 1.4/2.3 MB
Progress (1): 1.4/2.3 MB
Progress (1): 1.5/2.3 MB
Progress (1): 1.5/2.3 MB
Progress (1): 1.5/2.3 MB
Progress (1): 1.5/2.3 MB
Progress (1): 1.5/2.3 MB
Progress (1): 1.5/2.3 MB
Progress (1): 1.6/2.3 MB
Progress (1): 1.6/2.3 MB
Progress (1): 1.6/2.3 MB
Progress (1): 1.6/2.3 MB
Progress (1): 1.6/2.3 MB
Progress (1): 1.6/2.3 MB
Progress (1): 1.7/2.3 MB
Progress (1): 1.7/2.3 MB
Progress (1): 1.7/2.3 MB
Progress (1): 1.7/2.3 MB
Progress (1): 1.7/2.3 MB
Progress (1): 1.7/2.3 MB
Progress (1): 1.8/2.3 MB
Progress (1): 1.8/2.3 MB
Progress (1): 1.8/2.3 MB
Progress (1): 1.8/2.3 MB
Progress (1): 1.8/2.3 MB
Progress (1): 1.8/2.3 MB
Progress (1): 1.9/2.3 MB
Progress (1): 1.9/2.3 MB
Progress (1): 1.9/2.3 MB
Progress (1): 1.9/2.3 MB
Progress (1): 1.9/2.3 MB
Progress (1): 1.9/2.3 MB
Progress (1): 2.0/2.3 MB
Progress (1): 2.0/2.3 MB
Progress (1): 2.0/2.3 MB
Progress (1): 2.0/2.3 MB
Progress (1): 2.0/2.3 MB
Progress (1): 2.0/2.3 MB
Progress (1): 2.0/2.3 MB
Progress (1): 2.1/2.3 MB
Progress (1): 2.1/2.3 MB
Progress (1): 2.1/2.3 MB
Progress (1): 2.1/2.3 MB
Progress (1): 2.1/2.3 MB
Progress (1): 2.1/2.3 MB
Progress (1): 2.2/2.3 MB
Progress (1): 2.2/2.3 MB
Progress (1): 2.2/2.3 MB
Progress (1): 2.2/2.3 MB
Progress (1): 2.2/2.3 MB
Progress (1): 2.2/2.3 MB
Progress (1): 2.3/2.3 MB
Progress (1): 2.3/2.3 MB
Progress (1): 2.3/2.3 MB
Progress (1): 2.3/2.3 MB
Progress (1): 2.3 MB    
                    
Downloaded from central: https://repo.maven.apache.org/maven2/com/google/guava/guava/19.0/guava-19.0.jar (2.3 MB at 2.8 MB/s)
[INFO] Replacing main artifact with repackaged archive
[INFO] ------------------------------------------------------------------------
[INFO] BUILD SUCCESS
[INFO] ------------------------------------------------------------------------
[INFO] Total time:  32.772 s
[INFO] Finished at: 2021-03-23T16:36:05Z
[INFO] ------------------------------------------------------------------------
Finished: SUCCESS